<?xml version="1.0" encoding="UTF-8"?>
<testsuite xmlns:xsi="http://www.w3.org/2001/XMLSchema-instance" xsi:noNamespaceSchemaLocation="https://maven.apache.org/surefire/maven-surefire-plugin/xsd/surefire-test-report.xsd" version="3.0.1" name="runnerClass.JE_QP_2_NSUploadRunnerTest" time="4492.215" tests="53" errors="1" skipped="0" failures="0">
  <properties>
    <property name="java.specification.version" value="21"/>
    <property name="webdriver.chrome.driver" value=".\Driver\chromedriver.exe"/>
    <property name="sun.cpu.isalist" value="amd64"/>
    <property name="sun.jnu.encoding" value="Cp1252"/>
    <property name="java.class.path" value="C:\Users\thirumaran\eclipse-workspace\JetEdgeNSInvoicePortal\target\test-classes;C:\Users\thirumaran\eclipse-workspace\JetEdgeNSInvoicePortal\target\classes;C:\WINDOWS\system32\config\systemprofile\.m2\repository\io\cucumber\cucumber-java\7.18.0\cucumber-java-7.18.0.jar;C:\WINDOWS\system32\config\systemprofile\.m2\repository\org\apiguardian\apiguardian-api\1.1.2\apiguardian-api-1.1.2.jar;C:\WINDOWS\system32\config\systemprofile\.m2\repository\io\cucumber\cucumber-junit\7.18.0\cucumber-junit-7.18.0.jar;C:\WINDOWS\system32\config\systemprofile\.m2\repository\io\cucumber\cucumber-core\7.18.0\cucumber-core-7.18.0.jar;C:\WINDOWS\system32\config\systemprofile\.m2\repository\io\cucumber\cucumber-gherkin\7.18.0\cucumber-gherkin-7.18.0.jar;C:\WINDOWS\system32\config\systemprofile\.m2\repository\io\cucumber\cucumber-gherkin-messages\7.18.0\cucumber-gherkin-messages-7.18.0.jar;C:\WINDOWS\system32\config\systemprofile\.m2\repository\io\cucumber\gherkin\28.0.0\gherkin-28.0.0.jar;C:\WINDOWS\system32\config\systemprofile\.m2\repository\io\cucumber\messages\24.1.0\messages-24.1.0.jar;C:\WINDOWS\system32\config\systemprofile\.m2\repository\io\cucumber\testng-xml-formatter\0.1.0\testng-xml-formatter-0.1.0.jar;C:\WINDOWS\system32\config\systemprofile\.m2\repository\io\cucumber\query\12.2.0\query-12.2.0.jar;C:\WINDOWS\system32\config\systemprofile\.m2\repository\io\cucumber\tag-expressions\6.1.0\tag-expressions-6.1.0.jar;C:\WINDOWS\system32\config\systemprofile\.m2\repository\io\cucumber\cucumber-expressions\17.1.0\cucumber-expressions-17.1.0.jar;C:\WINDOWS\system32\config\systemprofile\.m2\repository\io\cucumber\datatable\7.18.0\datatable-7.18.0.jar;C:\WINDOWS\system32\config\systemprofile\.m2\repository\io\cucumber\cucumber-plugin\7.18.0\cucumber-plugin-7.18.0.jar;C:\WINDOWS\system32\config\systemprofile\.m2\repository\io\cucumber\docstring\7.18.0\docstring-7.18.0.jar;C:\WINDOWS\system32\config\systemprofile\.m2\repository\io\cucumber\html-formatter\21.3.1\html-formatter-21.3.1.jar;C:\WINDOWS\system32\config\systemprofile\.m2\repository\io\cucumber\junit-xml-formatter\0.4.0\junit-xml-formatter-0.4.0.jar;C:\WINDOWS\system32\config\systemprofile\.m2\repository\io\cucumber\ci-environment\10.0.1\ci-environment-10.0.1.jar;C:\WINDOWS\system32\config\systemprofile\.m2\repository\io\github\bonigarcia\webdrivermanager\5.9.1\webdrivermanager-5.9.1.jar;C:\WINDOWS\system32\config\systemprofile\.m2\repository\org\slf4j\slf4j-api\2.0.13\slf4j-api-2.0.13.jar;C:\WINDOWS\system32\config\systemprofile\.m2\repository\com\google\code\gson\gson\2.11.0\gson-2.11.0.jar;C:\WINDOWS\system32\config\systemprofile\.m2\repository\com\google\errorprone\error_prone_annotations\2.27.0\error_prone_annotations-2.27.0.jar;C:\WINDOWS\system32\config\systemprofile\.m2\repository\com\github\docker-java\docker-java\3.3.6\docker-java-3.3.6.jar;C:\WINDOWS\system32\config\systemprofile\.m2\repository\com\github\docker-java\docker-java-core\3.3.6\docker-java-core-3.3.6.jar;C:\WINDOWS\system32\config\systemprofile\.m2\repository\com\github\docker-java\docker-java-api\3.3.6\docker-java-api-3.3.6.jar;C:\WINDOWS\system32\config\systemprofile\.m2\repository\com\fasterxml\jackson\core\jackson-annotations\2.10.3\jackson-annotations-2.10.3.jar;C:\WINDOWS\system32\config\systemprofile\.m2\repository\com\fasterxml\jackson\core\jackson-databind\2.10.3\jackson-databind-2.10.3.jar;C:\WINDOWS\system32\config\systemprofile\.m2\repository\com\fasterxml\jackson\core\jackson-core\2.10.3\jackson-core-2.10.3.jar;C:\WINDOWS\system32\config\systemprofile\.m2\repository\org\slf4j\jcl-over-slf4j\1.7.30\jcl-over-slf4j-1.7.30.jar;C:\WINDOWS\system32\config\systemprofile\.m2\repository\com\github\docker-java\docker-java-transport-httpclient5\3.3.6\docker-java-transport-httpclient5-3.3.6.jar;C:\WINDOWS\system32\config\systemprofile\.m2\repository\com\github\docker-java\docker-java-transport\3.3.6\docker-java-transport-3.3.6.jar;C:\WINDOWS\system32\config\systemprofile\.m2\repository\net\java\dev\jna\jna\5.13.0\jna-5.13.0.jar;C:\WINDOWS\system32\config\systemprofile\.m2\repository\org\brotli\dec\0.1.2\dec-0.1.2.jar;C:\WINDOWS\system32\config\systemprofile\.m2\repository\org\apache\commons\commons-lang3\3.14.0\commons-lang3-3.14.0.jar;C:\WINDOWS\system32\config\systemprofile\.m2\repository\org\apache\commons\commons-compress\1.26.2\commons-compress-1.26.2.jar;C:\WINDOWS\system32\config\systemprofile\.m2\repository\org\apache\httpcomponents\client5\httpclient5\5.2.1\httpclient5-5.2.1.jar;C:\WINDOWS\system32\config\systemprofile\.m2\repository\org\apache\httpcomponents\core5\httpcore5\5.2\httpcore5-5.2.jar;C:\WINDOWS\system32\config\systemprofile\.m2\repository\org\apache\httpcomponents\core5\httpcore5-h2\5.2\httpcore5-h2-5.2.jar;C:\WINDOWS\system32\config\systemprofile\.m2\repository\org\seleniumhq\selenium\selenium-java\4.22.0\selenium-java-4.22.0.jar;C:\WINDOWS\system32\config\systemprofile\.m2\repository\org\seleniumhq\selenium\selenium-api\4.22.0\selenium-api-4.22.0.jar;C:\WINDOWS\system32\config\systemprofile\.m2\repository\org\seleniumhq\selenium\selenium-chrome-driver\4.22.0\selenium-chrome-driver-4.22.0.jar;C:\WINDOWS\system32\config\systemprofile\.m2\repository\com\google\auto\service\auto-service-annotations\1.1.1\auto-service-annotations-1.1.1.jar;C:\WINDOWS\system32\config\systemprofile\.m2\repository\org\seleniumhq\selenium\selenium-chromium-driver\4.22.0\selenium-chromium-driver-4.22.0.jar;C:\WINDOWS\system32\config\systemprofile\.m2\repository\org\seleniumhq\selenium\selenium-json\4.22.0\selenium-json-4.22.0.jar;C:\WINDOWS\system32\config\systemprofile\.m2\repository\org\seleniumhq\selenium\selenium-manager\4.22.0\selenium-manager-4.22.0.jar;C:\WINDOWS\system32\config\systemprofile\.m2\repository\org\seleniumhq\selenium\selenium-devtools-v124\4.22.0\selenium-devtools-v124-4.22.0.jar;C:\WINDOWS\system32\config\systemprofile\.m2\repository\org\seleniumhq\selenium\selenium-devtools-v125\4.22.0\selenium-devtools-v125-4.22.0.jar;C:\WINDOWS\system32\config\systemprofile\.m2\repository\org\seleniumhq\selenium\selenium-devtools-v126\4.22.0\selenium-devtools-v126-4.22.0.jar;C:\WINDOWS\system32\config\systemprofile\.m2\repository\org\seleniumhq\selenium\selenium-devtools-v85\4.22.0\selenium-devtools-v85-4.22.0.jar;C:\WINDOWS\system32\config\systemprofile\.m2\repository\org\seleniumhq\selenium\selenium-edge-driver\4.22.0\selenium-edge-driver-4.22.0.jar;C:\WINDOWS\system32\config\systemprofile\.m2\repository\org\seleniumhq\selenium\selenium-firefox-driver\4.22.0\selenium-firefox-driver-4.22.0.jar;C:\WINDOWS\system32\config\systemprofile\.m2\repository\org\seleniumhq\selenium\selenium-http\4.22.0\selenium-http-4.22.0.jar;C:\WINDOWS\system32\config\systemprofile\.m2\repository\dev\failsafe\failsafe\3.3.2\failsafe-3.3.2.jar;C:\WINDOWS\system32\config\systemprofile\.m2\repository\org\seleniumhq\selenium\selenium-ie-driver\4.22.0\selenium-ie-driver-4.22.0.jar;C:\WINDOWS\system32\config\systemprofile\.m2\repository\org\seleniumhq\selenium\selenium-remote-driver\4.22.0\selenium-remote-driver-4.22.0.jar;C:\WINDOWS\system32\config\systemprofile\.m2\repository\com\google\guava\guava\33.2.1-jre\guava-33.2.1-jre.jar;C:\WINDOWS\system32\config\systemprofile\.m2\repository\com\google\guava\failureaccess\1.0.2\failureaccess-1.0.2.jar;C:\WINDOWS\system32\config\systemprofile\.m2\repository\com\google\guava\listenablefuture\9999.0-empty-to-avoid-conflict-with-guava\listenablefuture-9999.0-empty-to-avoid-conflict-with-guava.jar;C:\WINDOWS\system32\config\systemprofile\.m2\repository\com\google\code\findbugs\jsr305\3.0.2\jsr305-3.0.2.jar;C:\WINDOWS\system32\config\systemprofile\.m2\repository\org\checkerframework\checker-qual\3.42.0\checker-qual-3.42.0.jar;C:\WINDOWS\system32\config\systemprofile\.m2\repository\com\google\j2objc\j2objc-annotations\3.0.0\j2objc-annotations-3.0.0.jar;C:\WINDOWS\system32\config\systemprofile\.m2\repository\io\opentelemetry\semconv\opentelemetry-semconv\1.25.0-alpha\opentelemetry-semconv-1.25.0-alpha.jar;C:\WINDOWS\system32\config\systemprofile\.m2\repository\io\opentelemetry\opentelemetry-api\1.39.0\opentelemetry-api-1.39.0.jar;C:\WINDOWS\system32\config\systemprofile\.m2\repository\io\opentelemetry\opentelemetry-context\1.39.0\opentelemetry-context-1.39.0.jar;C:\WINDOWS\system32\config\systemprofile\.m2\repository\io\opentelemetry\opentelemetry-exporter-logging\1.39.0\opentelemetry-exporter-logging-1.39.0.jar;C:\WINDOWS\system32\config\systemprofile\.m2\repository\io\opentelemetry\opentelemetry-sdk-common\1.39.0\opentelemetry-sdk-common-1.39.0.jar;C:\WINDOWS\system32\config\systemprofile\.m2\repository\io\opentelemetry\opentelemetry-sdk-extension-autoconfigure-spi\1.39.0\opentelemetry-sdk-extension-autoconfigure-spi-1.39.0.jar;C:\WINDOWS\system32\config\systemprofile\.m2\repository\io\opentelemetry\opentelemetry-sdk-extension-autoconfigure\1.39.0\opentelemetry-sdk-extension-autoconfigure-1.39.0.jar;C:\WINDOWS\system32\config\systemprofile\.m2\repository\io\opentelemetry\opentelemetry-api-incubator\1.39.0-alpha\opentelemetry-api-incubator-1.39.0-alpha.jar;C:\WINDOWS\system32\config\systemprofile\.m2\repository\io\opentelemetry\opentelemetry-sdk-trace\1.39.0\opentelemetry-sdk-trace-1.39.0.jar;C:\WINDOWS\system32\config\systemprofile\.m2\repository\io\opentelemetry\opentelemetry-sdk\1.39.0\opentelemetry-sdk-1.39.0.jar;C:\WINDOWS\system32\config\systemprofile\.m2\repository\io\opentelemetry\opentelemetry-sdk-metrics\1.39.0\opentelemetry-sdk-metrics-1.39.0.jar;C:\WINDOWS\system32\config\systemprofile\.m2\repository\io\opentelemetry\opentelemetry-sdk-logs\1.39.0\opentelemetry-sdk-logs-1.39.0.jar;C:\WINDOWS\system32\config\systemprofile\.m2\repository\net\bytebuddy\byte-buddy\1.14.17\byte-buddy-1.14.17.jar;C:\WINDOWS\system32\config\systemprofile\.m2\repository\org\seleniumhq\selenium\selenium-os\4.22.0\selenium-os-4.22.0.jar;C:\WINDOWS\system32\config\systemprofile\.m2\repository\org\apache\commons\commons-exec\1.4.0\commons-exec-1.4.0.jar;C:\WINDOWS\system32\config\systemprofile\.m2\repository\org\seleniumhq\selenium\selenium-safari-driver\4.22.0\selenium-safari-driver-4.22.0.jar;C:\WINDOWS\system32\config\systemprofile\.m2\repository\org\seleniumhq\selenium\selenium-support\4.22.0\selenium-support-4.22.0.jar;C:\WINDOWS\system32\config\systemprofile\.m2\repository\junit\junit\4.13.2\junit-4.13.2.jar;C:\WINDOWS\system32\config\systemprofile\.m2\repository\org\hamcrest\hamcrest-core\1.3\hamcrest-core-1.3.jar;C:\WINDOWS\system32\config\systemprofile\.m2\repository\org\junit\jupiter\junit-jupiter-engine\5.10.3\junit-jupiter-engine-5.10.3.jar;C:\WINDOWS\system32\config\systemprofile\.m2\repository\org\junit\platform\junit-platform-engine\1.10.3\junit-platform-engine-1.10.3.jar;C:\WINDOWS\system32\config\systemprofile\.m2\repository\org\opentest4j\opentest4j\1.3.0\opentest4j-1.3.0.jar;C:\WINDOWS\system32\config\systemprofile\.m2\repository\org\junit\platform\junit-platform-commons\1.10.3\junit-platform-commons-1.10.3.jar;C:\WINDOWS\system32\config\systemprofile\.m2\repository\org\junit\jupiter\junit-jupiter-api\5.10.3\junit-jupiter-api-5.10.3.jar;C:\WINDOWS\system32\config\systemprofile\.m2\repository\io\cucumber\cucumber-testng\7.18.0\cucumber-testng-7.18.0.jar;C:\WINDOWS\system32\config\systemprofile\.m2\repository\org\apache\poi\poi\5.3.0\poi-5.3.0.jar;C:\WINDOWS\system32\config\systemprofile\.m2\repository\commons-codec\commons-codec\1.17.0\commons-codec-1.17.0.jar;C:\WINDOWS\system32\config\systemprofile\.m2\repository\org\apache\commons\commons-collections4\4.4\commons-collections4-4.4.jar;C:\WINDOWS\system32\config\systemprofile\.m2\repository\org\apache\commons\commons-math3\3.6.1\commons-math3-3.6.1.jar;C:\WINDOWS\system32\config\systemprofile\.m2\repository\commons-io\commons-io\2.16.1\commons-io-2.16.1.jar;C:\WINDOWS\system32\config\systemprofile\.m2\repository\com\zaxxer\SparseBitSet\1.3\SparseBitSet-1.3.jar;C:\WINDOWS\system32\config\systemprofile\.m2\repository\org\apache\logging\log4j\log4j-api\2.23.1\log4j-api-2.23.1.jar;C:\WINDOWS\system32\config\systemprofile\.m2\repository\org\apache\poi\poi-ooxml\5.3.0\poi-ooxml-5.3.0.jar;C:\WINDOWS\system32\config\systemprofile\.m2\repository\org\apache\poi\poi-ooxml-lite\5.3.0\poi-ooxml-lite-5.3.0.jar;C:\WINDOWS\system32\config\systemprofile\.m2\repository\org\apache\xmlbeans\xmlbeans\5.2.1\xmlbeans-5.2.1.jar;C:\WINDOWS\system32\config\systemprofile\.m2\repository\com\github\virtuald\curvesapi\1.08\curvesapi-1.08.jar;C:\WINDOWS\system32\config\systemprofile\.m2\repository\org\junit\vintage\junit-vintage-engine\5.10.3\junit-vintage-engine-5.10.3.jar;C:\WINDOWS\system32\config\systemprofile\.m2\repository\org\testng\testng\7.10.2\testng-7.10.2.jar;C:\WINDOWS\system32\config\systemprofile\.m2\repository\com\beust\jcommander\1.82\jcommander-1.82.jar;C:\WINDOWS\system32\config\systemprofile\.m2\repository\org\webjars\jquery\3.7.1\jquery-3.7.1.jar;C:\WINDOWS\system32\config\systemprofile\.m2\repository\tech\grasshopper\extentreports-cucumber7-adapter\1.14.0\extentreports-cucumber7-adapter-1.14.0.jar;C:\WINDOWS\system32\config\systemprofile\.m2\repository\com\aventstack\extentreports\5.1.0\extentreports-5.1.0.jar;C:\WINDOWS\system32\config\systemprofile\.m2\repository\io\reactivex\rxjava3\rxjava\3.1.6\rxjava-3.1.6.jar;C:\WINDOWS\system32\config\systemprofile\.m2\repository\org\reactivestreams\reactive-streams\1.0.4\reactive-streams-1.0.4.jar;C:\WINDOWS\system32\config\systemprofile\.m2\repository\org\freemarker\freemarker\2.3.32\freemarker-2.3.32.jar;C:\WINDOWS\system32\config\systemprofile\.m2\repository\org\projectlombok\lombok\1.18.26\lombok-1.18.26.jar;C:\WINDOWS\system32\config\systemprofile\.m2\repository\tech\grasshopper\extent-pdf-report\2.12.0\extent-pdf-report-2.12.0.jar;C:\WINDOWS\system32\config\systemprofile\.m2\repository\tech\grasshopper\cucumber-pdf-report\2.14.0\cucumber-pdf-report-2.14.0.jar;C:\WINDOWS\system32\config\systemprofile\.m2\repository\org\apache\pdfbox\pdfbox\2.0.26\pdfbox-2.0.26.jar;C:\WINDOWS\system32\config\systemprofile\.m2\repository\org\apache\pdfbox\fontbox\2.0.26\fontbox-2.0.26.jar;C:\WINDOWS\system32\config\systemprofile\.m2\repository\org\knowm\xchart\xchart\3.8.0\xchart-3.8.0.jar;C:\WINDOWS\system32\config\systemprofile\.m2\repository\de\erichseifert\vectorgraphics2d\VectorGraphics2D\0.13\VectorGraphics2D-0.13.jar;C:\WINDOWS\system32\config\systemprofile\.m2\repository\de\rototor\pdfbox\graphics2d\0.30\graphics2d-0.30.jar;C:\WINDOWS\system32\config\systemprofile\.m2\repository\com\madgag\animated-gif-lib\1.4\animated-gif-lib-1.4.jar;C:\WINDOWS\system32\config\systemprofile\.m2\repository\org\yaml\snakeyaml\2.0\snakeyaml-2.0.jar;C:\WINDOWS\system32\config\systemprofile\.m2\repository\tech\grasshopper\table-layout\1.5.1\table-layout-1.5.1.jar;C:\WINDOWS\system32\config\systemprofile\.m2\repository\tech\grasshopper\rest-assured-cucumber-pdf-report\1.5.0\rest-assured-cucumber-pdf-report-1.5.0.jar;C:\WINDOWS\system32\config\systemprofile\.m2\repository\org\jsoup\jsoup\1.15.3\jsoup-1.15.3.jar;C:\WINDOWS\system32\config\systemprofile\.m2\repository\com\aventstack\klov-reporter\5.1.0\klov-reporter-5.1.0.jar;C:\WINDOWS\system32\config\systemprofile\.m2\repository\org\mongodb\mongodb-driver\3.6.4\mongodb-driver-3.6.4.jar;C:\WINDOWS\system32\config\systemprofile\.m2\repository\org\mongodb\mongodb-driver-core\3.6.4\mongodb-driver-core-3.6.4.jar;C:\WINDOWS\system32\config\systemprofile\.m2\repository\org\mongodb\bson\3.6.4\bson-3.6.4.jar;C:\WINDOWS\system32\config\systemprofile\.m2\repository\org\apache\httpcomponents\httpclient\4.5.13\httpclient-4.5.13.jar;C:\WINDOWS\system32\config\systemprofile\.m2\repository\org\apache\httpcomponents\httpcore\4.4.13\httpcore-4.4.13.jar;C:\WINDOWS\system32\config\systemprofile\.m2\repository\commons-logging\commons-logging\1.2\commons-logging-1.2.jar;C:\WINDOWS\system32\config\systemprofile\.m2\repository\org\apache\httpcomponents\httpmime\4.5.13\httpmime-4.5.13.jar;C:\WINDOWS\system32\config\systemprofile\.m2\repository\tech\grasshopper\htmlextentreporter\1.1.0\htmlextentreporter-1.1.0.jar;C:\WINDOWS\system32\config\systemprofile\.m2\repository\tech\grasshopper\extent-excel-report\1.4.0\extent-excel-report-1.4.0.jar;"/>
    <property name="java.vm.vendor" value="Oracle Corporation"/>
    <property name="sun.arch.data.model" value="64"/>
    <property name="user.variant" value=""/>
    <property name="java.vendor.url" value="https://java.oracle.com/"/>
    <property name="user.timezone" value="Asia/Calcutta"/>
    <property name="os.name" value="Windows 11"/>
    <property name="java.vm.specification.version" value="21"/>
    <property name="sun.java.launcher" value="SUN_STANDARD"/>
    <property name="user.country" value="IN"/>
    <property name="sun.boot.library.path" value="C:\Program Files\Java\jdk-21\bin"/>
    <property name="sun.java.command" value="C:\Windows\Temp\surefire6826827247695553869\surefirebooter-20240716182603731_3.jar C:\Windows\Temp\surefire6826827247695553869 2024-07-16T18-26-03_396-jvmRun1 surefire-20240716182603731_1tmp surefire_0-20240716182603731_2tmp"/>
    <property name="jdk.debug" value="release"/>
    <property name="surefire.test.class.path" value="C:\Users\thirumaran\eclipse-workspace\JetEdgeNSInvoicePortal\target\test-classes;C:\Users\thirumaran\eclipse-workspace\JetEdgeNSInvoicePortal\target\classes;C:\WINDOWS\system32\config\systemprofile\.m2\repository\io\cucumber\cucumber-java\7.18.0\cucumber-java-7.18.0.jar;C:\WINDOWS\system32\config\systemprofile\.m2\repository\org\apiguardian\apiguardian-api\1.1.2\apiguardian-api-1.1.2.jar;C:\WINDOWS\system32\config\systemprofile\.m2\repository\io\cucumber\cucumber-junit\7.18.0\cucumber-junit-7.18.0.jar;C:\WINDOWS\system32\config\systemprofile\.m2\repository\io\cucumber\cucumber-core\7.18.0\cucumber-core-7.18.0.jar;C:\WINDOWS\system32\config\systemprofile\.m2\repository\io\cucumber\cucumber-gherkin\7.18.0\cucumber-gherkin-7.18.0.jar;C:\WINDOWS\system32\config\systemprofile\.m2\repository\io\cucumber\cucumber-gherkin-messages\7.18.0\cucumber-gherkin-messages-7.18.0.jar;C:\WINDOWS\system32\config\systemprofile\.m2\repository\io\cucumber\gherkin\28.0.0\gherkin-28.0.0.jar;C:\WINDOWS\system32\config\systemprofile\.m2\repository\io\cucumber\messages\24.1.0\messages-24.1.0.jar;C:\WINDOWS\system32\config\systemprofile\.m2\repository\io\cucumber\testng-xml-formatter\0.1.0\testng-xml-formatter-0.1.0.jar;C:\WINDOWS\system32\config\systemprofile\.m2\repository\io\cucumber\query\12.2.0\query-12.2.0.jar;C:\WINDOWS\system32\config\systemprofile\.m2\repository\io\cucumber\tag-expressions\6.1.0\tag-expressions-6.1.0.jar;C:\WINDOWS\system32\config\systemprofile\.m2\repository\io\cucumber\cucumber-expressions\17.1.0\cucumber-expressions-17.1.0.jar;C:\WINDOWS\system32\config\systemprofile\.m2\repository\io\cucumber\datatable\7.18.0\datatable-7.18.0.jar;C:\WINDOWS\system32\config\systemprofile\.m2\repository\io\cucumber\cucumber-plugin\7.18.0\cucumber-plugin-7.18.0.jar;C:\WINDOWS\system32\config\systemprofile\.m2\repository\io\cucumber\docstring\7.18.0\docstring-7.18.0.jar;C:\WINDOWS\system32\config\systemprofile\.m2\repository\io\cucumber\html-formatter\21.3.1\html-formatter-21.3.1.jar;C:\WINDOWS\system32\config\systemprofile\.m2\repository\io\cucumber\junit-xml-formatter\0.4.0\junit-xml-formatter-0.4.0.jar;C:\WINDOWS\system32\config\systemprofile\.m2\repository\io\cucumber\ci-environment\10.0.1\ci-environment-10.0.1.jar;C:\WINDOWS\system32\config\systemprofile\.m2\repository\io\github\bonigarcia\webdrivermanager\5.9.1\webdrivermanager-5.9.1.jar;C:\WINDOWS\system32\config\systemprofile\.m2\repository\org\slf4j\slf4j-api\2.0.13\slf4j-api-2.0.13.jar;C:\WINDOWS\system32\config\systemprofile\.m2\repository\com\google\code\gson\gson\2.11.0\gson-2.11.0.jar;C:\WINDOWS\system32\config\systemprofile\.m2\repository\com\google\errorprone\error_prone_annotations\2.27.0\error_prone_annotations-2.27.0.jar;C:\WINDOWS\system32\config\systemprofile\.m2\repository\com\github\docker-java\docker-java\3.3.6\docker-java-3.3.6.jar;C:\WINDOWS\system32\config\systemprofile\.m2\repository\com\github\docker-java\docker-java-core\3.3.6\docker-java-core-3.3.6.jar;C:\WINDOWS\system32\config\systemprofile\.m2\repository\com\github\docker-java\docker-java-api\3.3.6\docker-java-api-3.3.6.jar;C:\WINDOWS\system32\config\systemprofile\.m2\repository\com\fasterxml\jackson\core\jackson-annotations\2.10.3\jackson-annotations-2.10.3.jar;C:\WINDOWS\system32\config\systemprofile\.m2\repository\com\fasterxml\jackson\core\jackson-databind\2.10.3\jackson-databind-2.10.3.jar;C:\WINDOWS\system32\config\systemprofile\.m2\repository\com\fasterxml\jackson\core\jackson-core\2.10.3\jackson-core-2.10.3.jar;C:\WINDOWS\system32\config\systemprofile\.m2\repository\org\slf4j\jcl-over-slf4j\1.7.30\jcl-over-slf4j-1.7.30.jar;C:\WINDOWS\system32\config\systemprofile\.m2\repository\com\github\docker-java\docker-java-transport-httpclient5\3.3.6\docker-java-transport-httpclient5-3.3.6.jar;C:\WINDOWS\system32\config\systemprofile\.m2\repository\com\github\docker-java\docker-java-transport\3.3.6\docker-java-transport-3.3.6.jar;C:\WINDOWS\system32\config\systemprofile\.m2\repository\net\java\dev\jna\jna\5.13.0\jna-5.13.0.jar;C:\WINDOWS\system32\config\systemprofile\.m2\repository\org\brotli\dec\0.1.2\dec-0.1.2.jar;C:\WINDOWS\system32\config\systemprofile\.m2\repository\org\apache\commons\commons-lang3\3.14.0\commons-lang3-3.14.0.jar;C:\WINDOWS\system32\config\systemprofile\.m2\repository\org\apache\commons\commons-compress\1.26.2\commons-compress-1.26.2.jar;C:\WINDOWS\system32\config\systemprofile\.m2\repository\org\apache\httpcomponents\client5\httpclient5\5.2.1\httpclient5-5.2.1.jar;C:\WINDOWS\system32\config\systemprofile\.m2\repository\org\apache\httpcomponents\core5\httpcore5\5.2\httpcore5-5.2.jar;C:\WINDOWS\system32\config\systemprofile\.m2\repository\org\apache\httpcomponents\core5\httpcore5-h2\5.2\httpcore5-h2-5.2.jar;C:\WINDOWS\system32\config\systemprofile\.m2\repository\org\seleniumhq\selenium\selenium-java\4.22.0\selenium-java-4.22.0.jar;C:\WINDOWS\system32\config\systemprofile\.m2\repository\org\seleniumhq\selenium\selenium-api\4.22.0\selenium-api-4.22.0.jar;C:\WINDOWS\system32\config\systemprofile\.m2\repository\org\seleniumhq\selenium\selenium-chrome-driver\4.22.0\selenium-chrome-driver-4.22.0.jar;C:\WINDOWS\system32\config\systemprofile\.m2\repository\com\google\auto\service\auto-service-annotations\1.1.1\auto-service-annotations-1.1.1.jar;C:\WINDOWS\system32\config\systemprofile\.m2\repository\org\seleniumhq\selenium\selenium-chromium-driver\4.22.0\selenium-chromium-driver-4.22.0.jar;C:\WINDOWS\system32\config\systemprofile\.m2\repository\org\seleniumhq\selenium\selenium-json\4.22.0\selenium-json-4.22.0.jar;C:\WINDOWS\system32\config\systemprofile\.m2\repository\org\seleniumhq\selenium\selenium-manager\4.22.0\selenium-manager-4.22.0.jar;C:\WINDOWS\system32\config\systemprofile\.m2\repository\org\seleniumhq\selenium\selenium-devtools-v124\4.22.0\selenium-devtools-v124-4.22.0.jar;C:\WINDOWS\system32\config\systemprofile\.m2\repository\org\seleniumhq\selenium\selenium-devtools-v125\4.22.0\selenium-devtools-v125-4.22.0.jar;C:\WINDOWS\system32\config\systemprofile\.m2\repository\org\seleniumhq\selenium\selenium-devtools-v126\4.22.0\selenium-devtools-v126-4.22.0.jar;C:\WINDOWS\system32\config\systemprofile\.m2\repository\org\seleniumhq\selenium\selenium-devtools-v85\4.22.0\selenium-devtools-v85-4.22.0.jar;C:\WINDOWS\system32\config\systemprofile\.m2\repository\org\seleniumhq\selenium\selenium-edge-driver\4.22.0\selenium-edge-driver-4.22.0.jar;C:\WINDOWS\system32\config\systemprofile\.m2\repository\org\seleniumhq\selenium\selenium-firefox-driver\4.22.0\selenium-firefox-driver-4.22.0.jar;C:\WINDOWS\system32\config\systemprofile\.m2\repository\org\seleniumhq\selenium\selenium-http\4.22.0\selenium-http-4.22.0.jar;C:\WINDOWS\system32\config\systemprofile\.m2\repository\dev\failsafe\failsafe\3.3.2\failsafe-3.3.2.jar;C:\WINDOWS\system32\config\systemprofile\.m2\repository\org\seleniumhq\selenium\selenium-ie-driver\4.22.0\selenium-ie-driver-4.22.0.jar;C:\WINDOWS\system32\config\systemprofile\.m2\repository\org\seleniumhq\selenium\selenium-remote-driver\4.22.0\selenium-remote-driver-4.22.0.jar;C:\WINDOWS\system32\config\systemprofile\.m2\repository\com\google\guava\guava\33.2.1-jre\guava-33.2.1-jre.jar;C:\WINDOWS\system32\config\systemprofile\.m2\repository\com\google\guava\failureaccess\1.0.2\failureaccess-1.0.2.jar;C:\WINDOWS\system32\config\systemprofile\.m2\repository\com\google\guava\listenablefuture\9999.0-empty-to-avoid-conflict-with-guava\listenablefuture-9999.0-empty-to-avoid-conflict-with-guava.jar;C:\WINDOWS\system32\config\systemprofile\.m2\repository\com\google\code\findbugs\jsr305\3.0.2\jsr305-3.0.2.jar;C:\WINDOWS\system32\config\systemprofile\.m2\repository\org\checkerframework\checker-qual\3.42.0\checker-qual-3.42.0.jar;C:\WINDOWS\system32\config\systemprofile\.m2\repository\com\google\j2objc\j2objc-annotations\3.0.0\j2objc-annotations-3.0.0.jar;C:\WINDOWS\system32\config\systemprofile\.m2\repository\io\opentelemetry\semconv\opentelemetry-semconv\1.25.0-alpha\opentelemetry-semconv-1.25.0-alpha.jar;C:\WINDOWS\system32\config\systemprofile\.m2\repository\io\opentelemetry\opentelemetry-api\1.39.0\opentelemetry-api-1.39.0.jar;C:\WINDOWS\system32\config\systemprofile\.m2\repository\io\opentelemetry\opentelemetry-context\1.39.0\opentelemetry-context-1.39.0.jar;C:\WINDOWS\system32\config\systemprofile\.m2\repository\io\opentelemetry\opentelemetry-exporter-logging\1.39.0\opentelemetry-exporter-logging-1.39.0.jar;C:\WINDOWS\system32\config\systemprofile\.m2\repository\io\opentelemetry\opentelemetry-sdk-common\1.39.0\opentelemetry-sdk-common-1.39.0.jar;C:\WINDOWS\system32\config\systemprofile\.m2\repository\io\opentelemetry\opentelemetry-sdk-extension-autoconfigure-spi\1.39.0\opentelemetry-sdk-extension-autoconfigure-spi-1.39.0.jar;C:\WINDOWS\system32\config\systemprofile\.m2\repository\io\opentelemetry\opentelemetry-sdk-extension-autoconfigure\1.39.0\opentelemetry-sdk-extension-autoconfigure-1.39.0.jar;C:\WINDOWS\system32\config\systemprofile\.m2\repository\io\opentelemetry\opentelemetry-api-incubator\1.39.0-alpha\opentelemetry-api-incubator-1.39.0-alpha.jar;C:\WINDOWS\system32\config\systemprofile\.m2\repository\io\opentelemetry\opentelemetry-sdk-trace\1.39.0\opentelemetry-sdk-trace-1.39.0.jar;C:\WINDOWS\system32\config\systemprofile\.m2\repository\io\opentelemetry\opentelemetry-sdk\1.39.0\opentelemetry-sdk-1.39.0.jar;C:\WINDOWS\system32\config\systemprofile\.m2\repository\io\opentelemetry\opentelemetry-sdk-metrics\1.39.0\opentelemetry-sdk-metrics-1.39.0.jar;C:\WINDOWS\system32\config\systemprofile\.m2\repository\io\opentelemetry\opentelemetry-sdk-logs\1.39.0\opentelemetry-sdk-logs-1.39.0.jar;C:\WINDOWS\system32\config\systemprofile\.m2\repository\net\bytebuddy\byte-buddy\1.14.17\byte-buddy-1.14.17.jar;C:\WINDOWS\system32\config\systemprofile\.m2\repository\org\seleniumhq\selenium\selenium-os\4.22.0\selenium-os-4.22.0.jar;C:\WINDOWS\system32\config\systemprofile\.m2\repository\org\apache\commons\commons-exec\1.4.0\commons-exec-1.4.0.jar;C:\WINDOWS\system32\config\systemprofile\.m2\repository\org\seleniumhq\selenium\selenium-safari-driver\4.22.0\selenium-safari-driver-4.22.0.jar;C:\WINDOWS\system32\config\systemprofile\.m2\repository\org\seleniumhq\selenium\selenium-support\4.22.0\selenium-support-4.22.0.jar;C:\WINDOWS\system32\config\systemprofile\.m2\repository\junit\junit\4.13.2\junit-4.13.2.jar;C:\WINDOWS\system32\config\systemprofile\.m2\repository\org\hamcrest\hamcrest-core\1.3\hamcrest-core-1.3.jar;C:\WINDOWS\system32\config\systemprofile\.m2\repository\org\junit\jupiter\junit-jupiter-engine\5.10.3\junit-jupiter-engine-5.10.3.jar;C:\WINDOWS\system32\config\systemprofile\.m2\repository\org\junit\platform\junit-platform-engine\1.10.3\junit-platform-engine-1.10.3.jar;C:\WINDOWS\system32\config\systemprofile\.m2\repository\org\opentest4j\opentest4j\1.3.0\opentest4j-1.3.0.jar;C:\WINDOWS\system32\config\systemprofile\.m2\repository\org\junit\platform\junit-platform-commons\1.10.3\junit-platform-commons-1.10.3.jar;C:\WINDOWS\system32\config\systemprofile\.m2\repository\org\junit\jupiter\junit-jupiter-api\5.10.3\junit-jupiter-api-5.10.3.jar;C:\WINDOWS\system32\config\systemprofile\.m2\repository\io\cucumber\cucumber-testng\7.18.0\cucumber-testng-7.18.0.jar;C:\WINDOWS\system32\config\systemprofile\.m2\repository\org\apache\poi\poi\5.3.0\poi-5.3.0.jar;C:\WINDOWS\system32\config\systemprofile\.m2\repository\commons-codec\commons-codec\1.17.0\commons-codec-1.17.0.jar;C:\WINDOWS\system32\config\systemprofile\.m2\repository\org\apache\commons\commons-collections4\4.4\commons-collections4-4.4.jar;C:\WINDOWS\system32\config\systemprofile\.m2\repository\org\apache\commons\commons-math3\3.6.1\commons-math3-3.6.1.jar;C:\WINDOWS\system32\config\systemprofile\.m2\repository\commons-io\commons-io\2.16.1\commons-io-2.16.1.jar;C:\WINDOWS\system32\config\systemprofile\.m2\repository\com\zaxxer\SparseBitSet\1.3\SparseBitSet-1.3.jar;C:\WINDOWS\system32\config\systemprofile\.m2\repository\org\apache\logging\log4j\log4j-api\2.23.1\log4j-api-2.23.1.jar;C:\WINDOWS\system32\config\systemprofile\.m2\repository\org\apache\poi\poi-ooxml\5.3.0\poi-ooxml-5.3.0.jar;C:\WINDOWS\system32\config\systemprofile\.m2\repository\org\apache\poi\poi-ooxml-lite\5.3.0\poi-ooxml-lite-5.3.0.jar;C:\WINDOWS\system32\config\systemprofile\.m2\repository\org\apache\xmlbeans\xmlbeans\5.2.1\xmlbeans-5.2.1.jar;C:\WINDOWS\system32\config\systemprofile\.m2\repository\com\github\virtuald\curvesapi\1.08\curvesapi-1.08.jar;C:\WINDOWS\system32\config\systemprofile\.m2\repository\org\junit\vintage\junit-vintage-engine\5.10.3\junit-vintage-engine-5.10.3.jar;C:\WINDOWS\system32\config\systemprofile\.m2\repository\org\testng\testng\7.10.2\testng-7.10.2.jar;C:\WINDOWS\system32\config\systemprofile\.m2\repository\com\beust\jcommander\1.82\jcommander-1.82.jar;C:\WINDOWS\system32\config\systemprofile\.m2\repository\org\webjars\jquery\3.7.1\jquery-3.7.1.jar;C:\WINDOWS\system32\config\systemprofile\.m2\repository\tech\grasshopper\extentreports-cucumber7-adapter\1.14.0\extentreports-cucumber7-adapter-1.14.0.jar;C:\WINDOWS\system32\config\systemprofile\.m2\repository\com\aventstack\extentreports\5.1.0\extentreports-5.1.0.jar;C:\WINDOWS\system32\config\systemprofile\.m2\repository\io\reactivex\rxjava3\rxjava\3.1.6\rxjava-3.1.6.jar;C:\WINDOWS\system32\config\systemprofile\.m2\repository\org\reactivestreams\reactive-streams\1.0.4\reactive-streams-1.0.4.jar;C:\WINDOWS\system32\config\systemprofile\.m2\repository\org\freemarker\freemarker\2.3.32\freemarker-2.3.32.jar;C:\WINDOWS\system32\config\systemprofile\.m2\repository\org\projectlombok\lombok\1.18.26\lombok-1.18.26.jar;C:\WINDOWS\system32\config\systemprofile\.m2\repository\tech\grasshopper\extent-pdf-report\2.12.0\extent-pdf-report-2.12.0.jar;C:\WINDOWS\system32\config\systemprofile\.m2\repository\tech\grasshopper\cucumber-pdf-report\2.14.0\cucumber-pdf-report-2.14.0.jar;C:\WINDOWS\system32\config\systemprofile\.m2\repository\org\apache\pdfbox\pdfbox\2.0.26\pdfbox-2.0.26.jar;C:\WINDOWS\system32\config\systemprofile\.m2\repository\org\apache\pdfbox\fontbox\2.0.26\fontbox-2.0.26.jar;C:\WINDOWS\system32\config\systemprofile\.m2\repository\org\knowm\xchart\xchart\3.8.0\xchart-3.8.0.jar;C:\WINDOWS\system32\config\systemprofile\.m2\repository\de\erichseifert\vectorgraphics2d\VectorGraphics2D\0.13\VectorGraphics2D-0.13.jar;C:\WINDOWS\system32\config\systemprofile\.m2\repository\de\rototor\pdfbox\graphics2d\0.30\graphics2d-0.30.jar;C:\WINDOWS\system32\config\systemprofile\.m2\repository\com\madgag\animated-gif-lib\1.4\animated-gif-lib-1.4.jar;C:\WINDOWS\system32\config\systemprofile\.m2\repository\org\yaml\snakeyaml\2.0\snakeyaml-2.0.jar;C:\WINDOWS\system32\config\systemprofile\.m2\repository\tech\grasshopper\table-layout\1.5.1\table-layout-1.5.1.jar;C:\WINDOWS\system32\config\systemprofile\.m2\repository\tech\grasshopper\rest-assured-cucumber-pdf-report\1.5.0\rest-assured-cucumber-pdf-report-1.5.0.jar;C:\WINDOWS\system32\config\systemprofile\.m2\repository\org\jsoup\jsoup\1.15.3\jsoup-1.15.3.jar;C:\WINDOWS\system32\config\systemprofile\.m2\repository\com\aventstack\klov-reporter\5.1.0\klov-reporter-5.1.0.jar;C:\WINDOWS\system32\config\systemprofile\.m2\repository\org\mongodb\mongodb-driver\3.6.4\mongodb-driver-3.6.4.jar;C:\WINDOWS\system32\config\systemprofile\.m2\repository\org\mongodb\mongodb-driver-core\3.6.4\mongodb-driver-core-3.6.4.jar;C:\WINDOWS\system32\config\systemprofile\.m2\repository\org\mongodb\bson\3.6.4\bson-3.6.4.jar;C:\WINDOWS\system32\config\systemprofile\.m2\repository\org\apache\httpcomponents\httpclient\4.5.13\httpclient-4.5.13.jar;C:\WINDOWS\system32\config\systemprofile\.m2\repository\org\apache\httpcomponents\httpcore\4.4.13\httpcore-4.4.13.jar;C:\WINDOWS\system32\config\systemprofile\.m2\repository\commons-logging\commons-logging\1.2\commons-logging-1.2.jar;C:\WINDOWS\system32\config\systemprofile\.m2\repository\org\apache\httpcomponents\httpmime\4.5.13\httpmime-4.5.13.jar;C:\WINDOWS\system32\config\systemprofile\.m2\repository\tech\grasshopper\htmlextentreporter\1.1.0\htmlextentreporter-1.1.0.jar;C:\WINDOWS\system32\config\systemprofile\.m2\repository\tech\grasshopper\extent-excel-report\1.4.0\extent-excel-report-1.4.0.jar;"/>
    <property name="sun.cpu.endian" value="little"/>
    <property name="user.home" value="C:\WINDOWS\system32\config\systemprofile"/>
    <property name="user.language" value="en"/>
    <property name="java.specification.vendor" value="Oracle Corporation"/>
    <property name="java.version.date" value="2024-01-16"/>
    <property name="java.home" value="C:\Program Files\Java\jdk-21"/>
    <property name="file.separator" value="\"/>
    <property name="basedir" value="C:\Users\thirumaran\eclipse-workspace\JetEdgeNSInvoicePortal"/>
    <property name="java.vm.compressedOopsMode" value="Zero based"/>
    <property name="line.separator" value="&#10;"/>
    <property name="java.vm.specification.vendor" value="Oracle Corporation"/>
    <property name="java.specification.name" value="Java Platform API Specification"/>
    <property name="surefire.real.class.path" value="C:\Windows\Temp\surefire6826827247695553869\surefirebooter-20240716182603731_3.jar"/>
    <property name="user.script" value=""/>
    <property name="sun.management.compiler" value="HotSpot 64-Bit Tiered Compilers"/>
    <property name="java.runtime.version" value="21.0.2+13-LTS-58"/>
    <property name="user.name" value="SSSLT025$"/>
    <property name="stdout.encoding" value="Cp1252"/>
    <property name="path.separator" value=";"/>
    <property name="os.version" value="10.0"/>
    <property name="java.runtime.name" value="Java(TM) SE Runtime Environment"/>
    <property name="file.encoding" value="UTF-8"/>
    <property name="java.vm.name" value="Java HotSpot(TM) 64-Bit Server VM"/>
    <property name="localRepository" value="C:\WINDOWS\system32\config\systemprofile\.m2\repository"/>
    <property name="java.vendor.url.bug" value="https://bugreport.java.com/bugreport/"/>
    <property name="java.io.tmpdir" value="C:\WINDOWS\TEMP\"/>
    <property name="java.version" value="21.0.2"/>
    <property name="user.dir" value="C:\Users\thirumaran\eclipse-workspace\JetEdgeNSInvoicePortal"/>
    <property name="os.arch" value="amd64"/>
    <property name="java.vm.specification.name" value="Java Virtual Machine Specification"/>
    <property name="sun.os.patch.level" value=""/>
    <property name="native.encoding" value="Cp1252"/>
    <property name="java.library.path" value="C:\Program Files\Java\jdk-21\bin;C:\WINDOWS\Sun\Java\bin;C:\WINDOWS\system32;C:\WINDOWS;C:\Maven\apache-maven-3.9.8-bin\apache-maven-3.9.8/bin;C:\Program Files\Java\jdk-21/bin;C:\ProgramData\Jenkins\.jenkins\tools\chromedriver;C:\Program Files\Java\jdk-21/bin;C:\Maven\apache-maven-3.9.8-bin\apache-maven-3.9.8\bin;C:\Users\thirumaran\AppData\Local\Android\Sdk;C:\mysql-connector-j-8.4.0.jar;C:\Program Files\nodejs\npm;C:\Program Files\nodejs\npm.cmd;C:\Program Files\Java\jdk-21\bin;C:\Program Files\Java\jdk-21;C:\Program Files\Git\bin;C:\Program Files\Git;C:\Maven\apache-maven-3.3.9-bin\apache-maven-3.3.9\bin;C:\Program Files\Common Files\Oracle\Java\javapath;C:\WINDOWS\system32;C:\WINDOWS;C:\WINDOWS\System32\Wbem;C:\WINDOWS\System32\WindowsPowerShell\v1.0\;C:\WINDOWS\System32\OpenSSH\;C:\Program Files\nodejs\;C:\Program Files\PuTTY\;C:\Program Files\Git\cmd;C:\WINDOWS\system32\config\systemprofile\AppData\Local\Microsoft\WindowsApps;."/>
    <property name="java.vm.info" value="mixed mode, sharing"/>
    <property name="stderr.encoding" value="Cp1252"/>
    <property name="java.vendor" value="Oracle Corporation"/>
    <property name="java.vm.version" value="21.0.2+13-LTS-58"/>
    <property name="sun.io.unicode.encoding" value="UnicodeLittle"/>
    <property name="java.class.version" value="65.0"/>
  </properties>
  <testcase name="NS Upload:Verify Trips #1" classname="NS UPLOAD" time="74.477">
    <system-out><![CDATA[
@TC_01
Scenario: NS Upload:Verify Trips                                                                                          # src/test/resources/featureFiles/JE_QP_2_NSUpload.feature:4
  Given To Check NSUpload User is navigating to JetEdge URL is "https://preprod.flyjetedge.aero/NSINVOICEDEMO/login.aspx" # stepDefinition.JE_QP_2_NSUpload.user_is_navigating_to_jet_edge_Signin_url_is(java.lang.String)
Username and password entered
  When To Check NSUpload User Enter username and password are "soundharya@sankarasoftware.com" and "Soundharya@321"       # stepDefinition.JE_QP_2_NSUpload.username_and_password_are_and(java.lang.String,java.lang.String)
login button clicked
No Alert message is displayed
  And click the Signin button To Check NSUpload                                                                           # stepDefinition.JE_QP_2_NSUpload.click_the_SignIn_button()
  And Click menu button in homepage                                                                                       # stepDefinition.JE_QP_2_NSUpload.Click_menu_button_in_homepage()
  Then Click Verify Trips button in NSUpload                                                                              # stepDefinition.JE_QP_2_NSUpload.Click_Verify_Trips_button_in_NSUpload()
  And Select from date is greater in verify trips                                                                         # stepDefinition.JE_QP_2_NSUpload.select_from_date_is_greater_in_verify_trips()
  Then Select to date is smaller in verify trips                                                                          # stepDefinition.JE_QP_2_NSUpload.select_to_date_is_smaller_in_verify_trips()
No alert is displayed after click search button
  And Click search button in verify trips                                                                                 # stepDefinition.JE_QP_2_NSUpload.click_search_button_in_verify_trips()
Page is closed
  Then close the NSUpload Page                                                                                            # stepDefinition.JE_QP_2_NSUpload.close_the_Signin_Page()
]]></system-out>
  </testcase>
  <testcase name="NS Upload:Verify Trips #2" classname="NS UPLOAD" time="69.178">
    <system-out><![CDATA[
@TC_02
Scenario: NS Upload:Verify Trips                                                                                          # src/test/resources/featureFiles/JE_QP_2_NSUpload.feature:16
  Given To Check NSUpload User is navigating to JetEdge URL is "https://preprod.flyjetedge.aero/NSINVOICEDEMO/login.aspx" # stepDefinition.JE_QP_2_NSUpload.user_is_navigating_to_jet_edge_Signin_url_is(java.lang.String)
Username and password entered
  When To Check NSUpload User Enter username and password are "soundharya@sankarasoftware.com" and "Soundharya@321"       # stepDefinition.JE_QP_2_NSUpload.username_and_password_are_and(java.lang.String,java.lang.String)
login button clicked
No Alert message is displayed
  And click the Signin button To Check NSUpload                                                                           # stepDefinition.JE_QP_2_NSUpload.click_the_SignIn_button()
  And Click menu button in homepage                                                                                       # stepDefinition.JE_QP_2_NSUpload.Click_menu_button_in_homepage()
  Then Click Verify Trips button in NSUpload                                                                              # stepDefinition.JE_QP_2_NSUpload.Click_Verify_Trips_button_in_NSUpload()
  And Select valid from date in verify trips                                                                              # stepDefinition.JE_QP_2_NSUpload.select_valid_from_date_in_verify_trips()
  Then Select valid to date in verify trips                                                                               # stepDefinition.JE_QP_2_NSUpload.select_valid_to_date_in_verify_trips()
  And Select valid company name in verify trips                                                                           # stepDefinition.JE_QP_2_NSUpload.select_valid_company_name_in_verify_trips()
  Then Select valid multi tail in verify trips                                                                            # stepDefinition.JE_QP_2_NSUpload.select_valid_multi_tail_in_verify_trips()
  And Select valid  Segment Tax Check in verify trips                                                                     # stepDefinition.JE_QP_2_NSUpload.select_valid_segment_tax_check_in_verify_trips()
  Then Select valid Trip Purpose in verify trips                                                                          # stepDefinition.JE_QP_2_NSUpload.select_valid_trip_purpose_in_verify_trips()
  And Select valid  NS Status in verify trips                                                                             # stepDefinition.JE_QP_2_NSUpload.select_valid_ns_status_in_verify_trips()
No alert is displayed after click search button
  And Click search button in verify trips                                                                                 # stepDefinition.JE_QP_2_NSUpload.click_search_button_in_verify_trips()
Page is closed
  Then close the NSUpload Page                                                                                            # stepDefinition.JE_QP_2_NSUpload.close_the_Signin_Page()
]]></system-out>
  </testcase>
  <testcase name="NS Upload:Verify Trips #3" classname="NS UPLOAD" time="86.839">
    <system-out><![CDATA[
@TC_03
Scenario: NS Upload:Verify Trips                                                                                          # src/test/resources/featureFiles/JE_QP_2_NSUpload.feature:33
  Given To Check NSUpload User is navigating to JetEdge URL is "https://preprod.flyjetedge.aero/NSINVOICEDEMO/login.aspx" # stepDefinition.JE_QP_2_NSUpload.user_is_navigating_to_jet_edge_Signin_url_is(java.lang.String)
Username and password entered
  When To Check NSUpload User Enter username and password are "soundharya@sankarasoftware.com" and "Soundharya@321"       # stepDefinition.JE_QP_2_NSUpload.username_and_password_are_and(java.lang.String,java.lang.String)
login button clicked
No Alert message is displayed
  And click the Signin button To Check NSUpload                                                                           # stepDefinition.JE_QP_2_NSUpload.click_the_SignIn_button()
  And Click menu button in homepage                                                                                       # stepDefinition.JE_QP_2_NSUpload.Click_menu_button_in_homepage()
  Then Click Verify Trips button in NSUpload                                                                              # stepDefinition.JE_QP_2_NSUpload.Click_Verify_Trips_button_in_NSUpload()
  And Select valid from date in verify trips                                                                              # stepDefinition.JE_QP_2_NSUpload.select_valid_from_date_in_verify_trips()
  Then Select valid to date in verify trips                                                                               # stepDefinition.JE_QP_2_NSUpload.select_valid_to_date_in_verify_trips()
  And Select valid company name in verify trips                                                                           # stepDefinition.JE_QP_2_NSUpload.select_valid_company_name_in_verify_trips()
  Then Select valid multi tail in verify trips                                                                            # stepDefinition.JE_QP_2_NSUpload.select_valid_multi_tail_in_verify_trips()
  And Select valid  Segment Tax Check in verify trips                                                                     # stepDefinition.JE_QP_2_NSUpload.select_valid_segment_tax_check_in_verify_trips()
  Then Select valid Trip Purpose in verify trips                                                                          # stepDefinition.JE_QP_2_NSUpload.select_valid_trip_purpose_in_verify_trips()
  And Select valid  NS Status in verify trips                                                                             # stepDefinition.JE_QP_2_NSUpload.select_valid_ns_status_in_verify_trips()
  Then Enter valid trip number in verify trips                                                                            # stepDefinition.JE_QP_2_NSUpload.enter_valid_trip_number_in_verify_trips()
No alert is displayed after click search button
  And Click search button in verify trips                                                                                 # stepDefinition.JE_QP_2_NSUpload.click_search_button_in_verify_trips()
Page is closed
  Then close the NSUpload Page                                                                                            # stepDefinition.JE_QP_2_NSUpload.close_the_Signin_Page()
]]></system-out>
  </testcase>
  <testcase name="NS Upload:Verify Trips #4" classname="NS UPLOAD" time="74.359">
    <system-out><![CDATA[
@TC_04
Scenario: NS Upload:Verify Trips                                                                                          # src/test/resources/featureFiles/JE_QP_2_NSUpload.feature:51
  Given To Check NSUpload User is navigating to JetEdge URL is "https://preprod.flyjetedge.aero/NSINVOICEDEMO/login.aspx" # stepDefinition.JE_QP_2_NSUpload.user_is_navigating_to_jet_edge_Signin_url_is(java.lang.String)
Username and password entered
  When To Check NSUpload User Enter username and password are "soundharya@sankarasoftware.com" and "Soundharya@321"       # stepDefinition.JE_QP_2_NSUpload.username_and_password_are_and(java.lang.String,java.lang.String)
login button clicked
No Alert message is displayed
  And click the Signin button To Check NSUpload                                                                           # stepDefinition.JE_QP_2_NSUpload.click_the_SignIn_button()
  And Click menu button in homepage                                                                                       # stepDefinition.JE_QP_2_NSUpload.Click_menu_button_in_homepage()
  Then Click Verify Trips button in NSUpload                                                                              # stepDefinition.JE_QP_2_NSUpload.Click_Verify_Trips_button_in_NSUpload()
  And Select valid from date in verify trips                                                                              # stepDefinition.JE_QP_2_NSUpload.select_valid_from_date_in_verify_trips()
  Then Select valid to date in verify trips                                                                               # stepDefinition.JE_QP_2_NSUpload.select_valid_to_date_in_verify_trips()
  And Select valid company name in verify trips                                                                           # stepDefinition.JE_QP_2_NSUpload.select_valid_company_name_in_verify_trips()
  Then Select valid multi tail in verify trips                                                                            # stepDefinition.JE_QP_2_NSUpload.select_valid_multi_tail_in_verify_trips()
  And Select valid  Segment Tax Check in verify trips                                                                     # stepDefinition.JE_QP_2_NSUpload.select_valid_segment_tax_check_in_verify_trips()
  Then Select valid Trip Purpose in verify trips                                                                          # stepDefinition.JE_QP_2_NSUpload.select_valid_trip_purpose_in_verify_trips()
  And Select valid  NS Status in verify trips                                                                             # stepDefinition.JE_QP_2_NSUpload.select_valid_ns_status_in_verify_trips()
No alert is displayed after click search button
  And Click search button in verify trips                                                                                 # stepDefinition.JE_QP_2_NSUpload.click_search_button_in_verify_trips()
  Then Click export button in verify trips                                                                                # stepDefinition.JE_QP_2_NSUpload.click_export_button_in_verify_trips()
Page is closed
  Then close the NSUpload Page                                                                                            # stepDefinition.JE_QP_2_NSUpload.close_the_Signin_Page()
]]></system-out>
  </testcase>
  <testcase name="NS Upload:Verify Trips #5" classname="NS UPLOAD" time="80.094">
    <system-out><![CDATA[
@TC_05
Scenario: NS Upload:Verify Trips                                                                                          # src/test/resources/featureFiles/JE_QP_2_NSUpload.feature:69
  Given To Check NSUpload User is navigating to JetEdge URL is "https://preprod.flyjetedge.aero/NSINVOICEDEMO/login.aspx" # stepDefinition.JE_QP_2_NSUpload.user_is_navigating_to_jet_edge_Signin_url_is(java.lang.String)
Username and password entered
  When To Check NSUpload User Enter username and password are "soundharya@sankarasoftware.com" and "Soundharya@321"       # stepDefinition.JE_QP_2_NSUpload.username_and_password_are_and(java.lang.String,java.lang.String)
login button clicked
No Alert message is displayed
  And click the Signin button To Check NSUpload                                                                           # stepDefinition.JE_QP_2_NSUpload.click_the_SignIn_button()
  And Click menu button in homepage                                                                                       # stepDefinition.JE_QP_2_NSUpload.Click_menu_button_in_homepage()
  Then Click Verify Trips button in NSUpload                                                                              # stepDefinition.JE_QP_2_NSUpload.Click_Verify_Trips_button_in_NSUpload()
  And Select valid from date in verify trips                                                                              # stepDefinition.JE_QP_2_NSUpload.select_valid_from_date_in_verify_trips()
  Then Select valid to date in verify trips                                                                               # stepDefinition.JE_QP_2_NSUpload.select_valid_to_date_in_verify_trips()
  And Select valid company name in verify trips                                                                           # stepDefinition.JE_QP_2_NSUpload.select_valid_company_name_in_verify_trips()
  Then Select valid multi tail in verify trips                                                                            # stepDefinition.JE_QP_2_NSUpload.select_valid_multi_tail_in_verify_trips()
  And Select valid  Segment Tax Check in verify trips                                                                     # stepDefinition.JE_QP_2_NSUpload.select_valid_segment_tax_check_in_verify_trips()
  Then Select valid Trip Purpose in verify trips                                                                          # stepDefinition.JE_QP_2_NSUpload.select_valid_trip_purpose_in_verify_trips()
  And Select valid  NS Status in verify trips                                                                             # stepDefinition.JE_QP_2_NSUpload.select_valid_ns_status_in_verify_trips()
No alert is displayed after click search button
  And Click search button in verify trips                                                                                 # stepDefinition.JE_QP_2_NSUpload.click_search_button_in_verify_trips()
  Then Select sort by trip in verify trips                                                                                # stepDefinition.JE_QP_2_NSUpload.select_sort_by_trip_in_verify_trips()
  And Select ascending option in verify trips                                                                             # stepDefinition.JE_QP_2_NSUpload.select_ascending_option_in_verify_trips()
  Then Click go button in verify trips                                                                                    # stepDefinition.JE_QP_2_NSUpload.click_go_button_in_verify_trips()
Page is closed
  Then close the NSUpload Page                                                                                            # stepDefinition.JE_QP_2_NSUpload.close_the_Signin_Page()
]]></system-out>
  </testcase>
  <testcase name="NS Upload:Verify Trips #6" classname="NS UPLOAD" time="73.069">
    <system-out><![CDATA[
@TC_06
Scenario: NS Upload:Verify Trips                                                                                          # src/test/resources/featureFiles/JE_QP_2_NSUpload.feature:89
  Given To Check NSUpload User is navigating to JetEdge URL is "https://preprod.flyjetedge.aero/NSINVOICEDEMO/login.aspx" # stepDefinition.JE_QP_2_NSUpload.user_is_navigating_to_jet_edge_Signin_url_is(java.lang.String)
Username and password entered
  When To Check NSUpload User Enter username and password are "soundharya@sankarasoftware.com" and "Soundharya@321"       # stepDefinition.JE_QP_2_NSUpload.username_and_password_are_and(java.lang.String,java.lang.String)
login button clicked
No Alert message is displayed
  And click the Signin button To Check NSUpload                                                                           # stepDefinition.JE_QP_2_NSUpload.click_the_SignIn_button()
  And Click menu button in homepage                                                                                       # stepDefinition.JE_QP_2_NSUpload.Click_menu_button_in_homepage()
  Then Click Verify Trips button in NSUpload                                                                              # stepDefinition.JE_QP_2_NSUpload.Click_Verify_Trips_button_in_NSUpload()
  And Select valid from date in verify trips                                                                              # stepDefinition.JE_QP_2_NSUpload.select_valid_from_date_in_verify_trips()
  Then Select valid to date in verify trips                                                                               # stepDefinition.JE_QP_2_NSUpload.select_valid_to_date_in_verify_trips()
  And Select valid company name in verify trips                                                                           # stepDefinition.JE_QP_2_NSUpload.select_valid_company_name_in_verify_trips()
  Then Select valid multi tail in verify trips                                                                            # stepDefinition.JE_QP_2_NSUpload.select_valid_multi_tail_in_verify_trips()
  And Select valid  Segment Tax Check in verify trips                                                                     # stepDefinition.JE_QP_2_NSUpload.select_valid_segment_tax_check_in_verify_trips()
  Then Select valid Trip Purpose in verify trips                                                                          # stepDefinition.JE_QP_2_NSUpload.select_valid_trip_purpose_in_verify_trips()
  And Select valid  NS Status in verify trips                                                                             # stepDefinition.JE_QP_2_NSUpload.select_valid_ns_status_in_verify_trips()
No alert is displayed after click search button
  And Click search button in verify trips                                                                                 # stepDefinition.JE_QP_2_NSUpload.click_search_button_in_verify_trips()
  Then Select sort by trip in verify trips                                                                                # stepDefinition.JE_QP_2_NSUpload.select_sort_by_trip_in_verify_trips()
  And Select descending option in verify trips                                                                            # stepDefinition.JE_QP_2_NSUpload.select_descending_option_in_verify_trips()
  Then Click go button in verify trips                                                                                    # stepDefinition.JE_QP_2_NSUpload.click_go_button_in_verify_trips()
Page is closed
  Then close the NSUpload Page                                                                                            # stepDefinition.JE_QP_2_NSUpload.close_the_Signin_Page()
]]></system-out>
  </testcase>
  <testcase name="NS Upload:Verify Trips #7" classname="NS UPLOAD" time="75.973">
    <system-out><![CDATA[
@TC_07
Scenario: NS Upload:Verify Trips                                                                                          # src/test/resources/featureFiles/JE_QP_2_NSUpload.feature:109
  Given To Check NSUpload User is navigating to JetEdge URL is "https://preprod.flyjetedge.aero/NSINVOICEDEMO/login.aspx" # stepDefinition.JE_QP_2_NSUpload.user_is_navigating_to_jet_edge_Signin_url_is(java.lang.String)
Username and password entered
  When To Check NSUpload User Enter username and password are "soundharya@sankarasoftware.com" and "Soundharya@321"       # stepDefinition.JE_QP_2_NSUpload.username_and_password_are_and(java.lang.String,java.lang.String)
login button clicked
No Alert message is displayed
  And click the Signin button To Check NSUpload                                                                           # stepDefinition.JE_QP_2_NSUpload.click_the_SignIn_button()
  And Click menu button in homepage                                                                                       # stepDefinition.JE_QP_2_NSUpload.Click_menu_button_in_homepage()
  Then Click Verify Trips button in NSUpload                                                                              # stepDefinition.JE_QP_2_NSUpload.Click_Verify_Trips_button_in_NSUpload()
  And Select valid from date in verify trips                                                                              # stepDefinition.JE_QP_2_NSUpload.select_valid_from_date_in_verify_trips()
  Then Select valid to date in verify trips                                                                               # stepDefinition.JE_QP_2_NSUpload.select_valid_to_date_in_verify_trips()
  And Select valid company name in verify trips                                                                           # stepDefinition.JE_QP_2_NSUpload.select_valid_company_name_in_verify_trips()
  Then Select valid multi tail in verify trips                                                                            # stepDefinition.JE_QP_2_NSUpload.select_valid_multi_tail_in_verify_trips()
  And Select valid  Segment Tax Check in verify trips                                                                     # stepDefinition.JE_QP_2_NSUpload.select_valid_segment_tax_check_in_verify_trips()
  Then Select valid Trip Purpose in verify trips                                                                          # stepDefinition.JE_QP_2_NSUpload.select_valid_trip_purpose_in_verify_trips()
  And Select valid  NS Status in verify trips                                                                             # stepDefinition.JE_QP_2_NSUpload.select_valid_ns_status_in_verify_trips()
No alert is displayed after click search button
  And Click search button in verify trips                                                                                 # stepDefinition.JE_QP_2_NSUpload.click_search_button_in_verify_trips()
  Then Select sort by from date in verify trips                                                                           # stepDefinition.JE_QP_2_NSUpload.select_sort_by_from_date_in_verify_trips()
  And Select ascending option in verify trips                                                                             # stepDefinition.JE_QP_2_NSUpload.select_ascending_option_in_verify_trips()
  Then Click go button in verify trips                                                                                    # stepDefinition.JE_QP_2_NSUpload.click_go_button_in_verify_trips()
Page is closed
  Then close the NSUpload Page                                                                                            # stepDefinition.JE_QP_2_NSUpload.close_the_Signin_Page()
]]></system-out>
  </testcase>
  <testcase name="NS Upload:Verify Trips #8" classname="NS UPLOAD" time="77.579">
    <system-out><![CDATA[
@TC_08
Scenario: NS Upload:Verify Trips                                                                                          # src/test/resources/featureFiles/JE_QP_2_NSUpload.feature:129
  Given To Check NSUpload User is navigating to JetEdge URL is "https://preprod.flyjetedge.aero/NSINVOICEDEMO/login.aspx" # stepDefinition.JE_QP_2_NSUpload.user_is_navigating_to_jet_edge_Signin_url_is(java.lang.String)
Username and password entered
  When To Check NSUpload User Enter username and password are "soundharya@sankarasoftware.com" and "Soundharya@321"       # stepDefinition.JE_QP_2_NSUpload.username_and_password_are_and(java.lang.String,java.lang.String)
login button clicked
No Alert message is displayed
  And click the Signin button To Check NSUpload                                                                           # stepDefinition.JE_QP_2_NSUpload.click_the_SignIn_button()
  And Click menu button in homepage                                                                                       # stepDefinition.JE_QP_2_NSUpload.Click_menu_button_in_homepage()
  Then Click Verify Trips button in NSUpload                                                                              # stepDefinition.JE_QP_2_NSUpload.Click_Verify_Trips_button_in_NSUpload()
  And Select valid from date in verify trips                                                                              # stepDefinition.JE_QP_2_NSUpload.select_valid_from_date_in_verify_trips()
  Then Select valid to date in verify trips                                                                               # stepDefinition.JE_QP_2_NSUpload.select_valid_to_date_in_verify_trips()
  And Select valid company name in verify trips                                                                           # stepDefinition.JE_QP_2_NSUpload.select_valid_company_name_in_verify_trips()
  Then Select valid multi tail in verify trips                                                                            # stepDefinition.JE_QP_2_NSUpload.select_valid_multi_tail_in_verify_trips()
  And Select valid  Segment Tax Check in verify trips                                                                     # stepDefinition.JE_QP_2_NSUpload.select_valid_segment_tax_check_in_verify_trips()
  Then Select valid Trip Purpose in verify trips                                                                          # stepDefinition.JE_QP_2_NSUpload.select_valid_trip_purpose_in_verify_trips()
  And Select valid  NS Status in verify trips                                                                             # stepDefinition.JE_QP_2_NSUpload.select_valid_ns_status_in_verify_trips()
No alert is displayed after click search button
  And Click search button in verify trips                                                                                 # stepDefinition.JE_QP_2_NSUpload.click_search_button_in_verify_trips()
  Then Select sort by from date in verify trips                                                                           # stepDefinition.JE_QP_2_NSUpload.select_sort_by_from_date_in_verify_trips()
  And Select descending option in verify trips                                                                            # stepDefinition.JE_QP_2_NSUpload.select_descending_option_in_verify_trips()
  Then Click go button in verify trips                                                                                    # stepDefinition.JE_QP_2_NSUpload.click_go_button_in_verify_trips()
Page is closed
  Then close the NSUpload Page                                                                                            # stepDefinition.JE_QP_2_NSUpload.close_the_Signin_Page()
]]></system-out>
  </testcase>
  <testcase name="NS Upload:Verify Trips #9" classname="NS UPLOAD" time="84.907">
    <system-out><![CDATA[
@TC_09
Scenario: NS Upload:Verify Trips                                                                                          # src/test/resources/featureFiles/JE_QP_2_NSUpload.feature:149
  Given To Check NSUpload User is navigating to JetEdge URL is "https://preprod.flyjetedge.aero/NSINVOICEDEMO/login.aspx" # stepDefinition.JE_QP_2_NSUpload.user_is_navigating_to_jet_edge_Signin_url_is(java.lang.String)
Username and password entered
  When To Check NSUpload User Enter username and password are "soundharya@sankarasoftware.com" and "Soundharya@321"       # stepDefinition.JE_QP_2_NSUpload.username_and_password_are_and(java.lang.String,java.lang.String)
login button clicked
No Alert message is displayed
  And click the Signin button To Check NSUpload                                                                           # stepDefinition.JE_QP_2_NSUpload.click_the_SignIn_button()
  And Click menu button in homepage                                                                                       # stepDefinition.JE_QP_2_NSUpload.Click_menu_button_in_homepage()
  Then Click Verify Trips button in NSUpload                                                                              # stepDefinition.JE_QP_2_NSUpload.Click_Verify_Trips_button_in_NSUpload()
  And Select valid from date in verify trips                                                                              # stepDefinition.JE_QP_2_NSUpload.select_valid_from_date_in_verify_trips()
  Then Select valid to date in verify trips                                                                               # stepDefinition.JE_QP_2_NSUpload.select_valid_to_date_in_verify_trips()
  And Select valid company name in verify trips                                                                           # stepDefinition.JE_QP_2_NSUpload.select_valid_company_name_in_verify_trips()
  Then Select valid multi tail in verify trips                                                                            # stepDefinition.JE_QP_2_NSUpload.select_valid_multi_tail_in_verify_trips()
  And Select valid  Segment Tax Check in verify trips                                                                     # stepDefinition.JE_QP_2_NSUpload.select_valid_segment_tax_check_in_verify_trips()
  Then Select valid Trip Purpose in verify trips                                                                          # stepDefinition.JE_QP_2_NSUpload.select_valid_trip_purpose_in_verify_trips()
  And Select valid  NS Status in verify trips                                                                             # stepDefinition.JE_QP_2_NSUpload.select_valid_ns_status_in_verify_trips()
No alert is displayed after click search button
  And Click search button in verify trips                                                                                 # stepDefinition.JE_QP_2_NSUpload.click_search_button_in_verify_trips()
  Then Select sort by to date in verify trips                                                                             # stepDefinition.JE_QP_2_NSUpload.select_sort_by_to_date_in_verify_trips()
  And Select ascending option in verify trips                                                                             # stepDefinition.JE_QP_2_NSUpload.select_ascending_option_in_verify_trips()
  Then Click go button in verify trips                                                                                    # stepDefinition.JE_QP_2_NSUpload.click_go_button_in_verify_trips()
Page is closed
  Then close the NSUpload Page                                                                                            # stepDefinition.JE_QP_2_NSUpload.close_the_Signin_Page()
]]></system-out>
  </testcase>
  <testcase name="NS Upload:Verify Trips #10" classname="NS UPLOAD" time="71.446">
    <system-out><![CDATA[
@TC_10
Scenario: NS Upload:Verify Trips                                                                                          # src/test/resources/featureFiles/JE_QP_2_NSUpload.feature:169
  Given To Check NSUpload User is navigating to JetEdge URL is "https://preprod.flyjetedge.aero/NSINVOICEDEMO/login.aspx" # stepDefinition.JE_QP_2_NSUpload.user_is_navigating_to_jet_edge_Signin_url_is(java.lang.String)
Username and password entered
  When To Check NSUpload User Enter username and password are "soundharya@sankarasoftware.com" and "Soundharya@321"       # stepDefinition.JE_QP_2_NSUpload.username_and_password_are_and(java.lang.String,java.lang.String)
login button clicked
No Alert message is displayed
  And click the Signin button To Check NSUpload                                                                           # stepDefinition.JE_QP_2_NSUpload.click_the_SignIn_button()
  And Click menu button in homepage                                                                                       # stepDefinition.JE_QP_2_NSUpload.Click_menu_button_in_homepage()
  Then Click Verify Trips button in NSUpload                                                                              # stepDefinition.JE_QP_2_NSUpload.Click_Verify_Trips_button_in_NSUpload()
  And Select valid from date in verify trips                                                                              # stepDefinition.JE_QP_2_NSUpload.select_valid_from_date_in_verify_trips()
  Then Select valid to date in verify trips                                                                               # stepDefinition.JE_QP_2_NSUpload.select_valid_to_date_in_verify_trips()
  And Select valid company name in verify trips                                                                           # stepDefinition.JE_QP_2_NSUpload.select_valid_company_name_in_verify_trips()
  Then Select valid multi tail in verify trips                                                                            # stepDefinition.JE_QP_2_NSUpload.select_valid_multi_tail_in_verify_trips()
  And Select valid  Segment Tax Check in verify trips                                                                     # stepDefinition.JE_QP_2_NSUpload.select_valid_segment_tax_check_in_verify_trips()
  Then Select valid Trip Purpose in verify trips                                                                          # stepDefinition.JE_QP_2_NSUpload.select_valid_trip_purpose_in_verify_trips()
  And Select valid  NS Status in verify trips                                                                             # stepDefinition.JE_QP_2_NSUpload.select_valid_ns_status_in_verify_trips()
No alert is displayed after click search button
  And Click search button in verify trips                                                                                 # stepDefinition.JE_QP_2_NSUpload.click_search_button_in_verify_trips()
  Then Select sort by to date in verify trips                                                                             # stepDefinition.JE_QP_2_NSUpload.select_sort_by_to_date_in_verify_trips()
  And Select descending option in verify trips                                                                            # stepDefinition.JE_QP_2_NSUpload.select_descending_option_in_verify_trips()
  Then Click go button in verify trips                                                                                    # stepDefinition.JE_QP_2_NSUpload.click_go_button_in_verify_trips()
Page is closed
  Then close the NSUpload Page                                                                                            # stepDefinition.JE_QP_2_NSUpload.close_the_Signin_Page()
]]></system-out>
  </testcase>
  <testcase name="NS Upload:Verify Trips #11" classname="NS UPLOAD" time="68.401">
    <system-out><![CDATA[
@TC_11
Scenario: NS Upload:Verify Trips                                                                                          # src/test/resources/featureFiles/JE_QP_2_NSUpload.feature:189
  Given To Check NSUpload User is navigating to JetEdge URL is "https://preprod.flyjetedge.aero/NSINVOICEDEMO/login.aspx" # stepDefinition.JE_QP_2_NSUpload.user_is_navigating_to_jet_edge_Signin_url_is(java.lang.String)
Username and password entered
  When To Check NSUpload User Enter username and password are "soundharya@sankarasoftware.com" and "Soundharya@321"       # stepDefinition.JE_QP_2_NSUpload.username_and_password_are_and(java.lang.String,java.lang.String)
login button clicked
No Alert message is displayed
  And click the Signin button To Check NSUpload                                                                           # stepDefinition.JE_QP_2_NSUpload.click_the_SignIn_button()
  And Click menu button in homepage                                                                                       # stepDefinition.JE_QP_2_NSUpload.Click_menu_button_in_homepage()
  Then Click Verify Trips button in NSUpload                                                                              # stepDefinition.JE_QP_2_NSUpload.Click_Verify_Trips_button_in_NSUpload()
  And Select valid from date in verify trips                                                                              # stepDefinition.JE_QP_2_NSUpload.select_valid_from_date_in_verify_trips()
  Then Select valid to date in verify trips                                                                               # stepDefinition.JE_QP_2_NSUpload.select_valid_to_date_in_verify_trips()
  And Select valid company name in verify trips                                                                           # stepDefinition.JE_QP_2_NSUpload.select_valid_company_name_in_verify_trips()
  Then Select valid multi tail in verify trips                                                                            # stepDefinition.JE_QP_2_NSUpload.select_valid_multi_tail_in_verify_trips()
  And Select valid  Segment Tax Check in verify trips                                                                     # stepDefinition.JE_QP_2_NSUpload.select_valid_segment_tax_check_in_verify_trips()
  Then Select valid Trip Purpose in verify trips                                                                          # stepDefinition.JE_QP_2_NSUpload.select_valid_trip_purpose_in_verify_trips()
  And Select valid  NS Status in verify trips                                                                             # stepDefinition.JE_QP_2_NSUpload.select_valid_ns_status_in_verify_trips()
No alert is displayed after click search button
  And Click search button in verify trips                                                                                 # stepDefinition.JE_QP_2_NSUpload.click_search_button_in_verify_trips()
  Then Select sort by Cutomer ID in verify trips                                                                          # stepDefinition.JE_QP_2_NSUpload.select_sort_by_Cutomer_ID_in_verify_trips()
  And Select ascending option in verify trips                                                                             # stepDefinition.JE_QP_2_NSUpload.select_ascending_option_in_verify_trips()
  Then Click go button in verify trips                                                                                    # stepDefinition.JE_QP_2_NSUpload.click_go_button_in_verify_trips()
Page is closed
  Then close the NSUpload Page                                                                                            # stepDefinition.JE_QP_2_NSUpload.close_the_Signin_Page()
]]></system-out>
  </testcase>
  <testcase name="NS Upload:Verify Trips #12" classname="NS UPLOAD" time="71.595">
    <system-out><![CDATA[
@TC_12
Scenario: NS Upload:Verify Trips                                                                                          # src/test/resources/featureFiles/JE_QP_2_NSUpload.feature:209
  Given To Check NSUpload User is navigating to JetEdge URL is "https://preprod.flyjetedge.aero/NSINVOICEDEMO/login.aspx" # stepDefinition.JE_QP_2_NSUpload.user_is_navigating_to_jet_edge_Signin_url_is(java.lang.String)
Username and password entered
  When To Check NSUpload User Enter username and password are "soundharya@sankarasoftware.com" and "Soundharya@321"       # stepDefinition.JE_QP_2_NSUpload.username_and_password_are_and(java.lang.String,java.lang.String)
login button clicked
No Alert message is displayed
  And click the Signin button To Check NSUpload                                                                           # stepDefinition.JE_QP_2_NSUpload.click_the_SignIn_button()
  And Click menu button in homepage                                                                                       # stepDefinition.JE_QP_2_NSUpload.Click_menu_button_in_homepage()
  Then Click Verify Trips button in NSUpload                                                                              # stepDefinition.JE_QP_2_NSUpload.Click_Verify_Trips_button_in_NSUpload()
  And Select valid from date in verify trips                                                                              # stepDefinition.JE_QP_2_NSUpload.select_valid_from_date_in_verify_trips()
  Then Select valid to date in verify trips                                                                               # stepDefinition.JE_QP_2_NSUpload.select_valid_to_date_in_verify_trips()
  And Select valid company name in verify trips                                                                           # stepDefinition.JE_QP_2_NSUpload.select_valid_company_name_in_verify_trips()
  Then Select valid multi tail in verify trips                                                                            # stepDefinition.JE_QP_2_NSUpload.select_valid_multi_tail_in_verify_trips()
  And Select valid  Segment Tax Check in verify trips                                                                     # stepDefinition.JE_QP_2_NSUpload.select_valid_segment_tax_check_in_verify_trips()
  Then Select valid Trip Purpose in verify trips                                                                          # stepDefinition.JE_QP_2_NSUpload.select_valid_trip_purpose_in_verify_trips()
  And Select valid  NS Status in verify trips                                                                             # stepDefinition.JE_QP_2_NSUpload.select_valid_ns_status_in_verify_trips()
No alert is displayed after click search button
  And Click search button in verify trips                                                                                 # stepDefinition.JE_QP_2_NSUpload.click_search_button_in_verify_trips()
  Then Select sort by Cutomer ID in verify trips                                                                          # stepDefinition.JE_QP_2_NSUpload.select_sort_by_Cutomer_ID_in_verify_trips()
  And Select descending option in verify trips                                                                            # stepDefinition.JE_QP_2_NSUpload.select_descending_option_in_verify_trips()
  Then Click go button in verify trips                                                                                    # stepDefinition.JE_QP_2_NSUpload.click_go_button_in_verify_trips()
Page is closed
  Then close the NSUpload Page                                                                                            # stepDefinition.JE_QP_2_NSUpload.close_the_Signin_Page()
]]></system-out>
  </testcase>
  <testcase name="NS Upload:Verify Trips #13" classname="NS UPLOAD" time="80.938">
    <system-out><![CDATA[
@TC_13
Scenario: NS Upload:Verify Trips                                                                                          # src/test/resources/featureFiles/JE_QP_2_NSUpload.feature:229
  Given To Check NSUpload User is navigating to JetEdge URL is "https://preprod.flyjetedge.aero/NSINVOICEDEMO/login.aspx" # stepDefinition.JE_QP_2_NSUpload.user_is_navigating_to_jet_edge_Signin_url_is(java.lang.String)
Username and password entered
  When To Check NSUpload User Enter username and password are "soundharya@sankarasoftware.com" and "Soundharya@321"       # stepDefinition.JE_QP_2_NSUpload.username_and_password_are_and(java.lang.String,java.lang.String)
login button clicked
No Alert message is displayed
  And click the Signin button To Check NSUpload                                                                           # stepDefinition.JE_QP_2_NSUpload.click_the_SignIn_button()
  And Click menu button in homepage                                                                                       # stepDefinition.JE_QP_2_NSUpload.Click_menu_button_in_homepage()
  Then Click Verify Trips button in NSUpload                                                                              # stepDefinition.JE_QP_2_NSUpload.Click_Verify_Trips_button_in_NSUpload()
  And Select valid from date in verify trips                                                                              # stepDefinition.JE_QP_2_NSUpload.select_valid_from_date_in_verify_trips()
  Then Select valid to date in verify trips                                                                               # stepDefinition.JE_QP_2_NSUpload.select_valid_to_date_in_verify_trips()
  And Select valid company name in verify trips                                                                           # stepDefinition.JE_QP_2_NSUpload.select_valid_company_name_in_verify_trips()
  Then Select valid multi tail in verify trips                                                                            # stepDefinition.JE_QP_2_NSUpload.select_valid_multi_tail_in_verify_trips()
  And Select valid  Segment Tax Check in verify trips                                                                     # stepDefinition.JE_QP_2_NSUpload.select_valid_segment_tax_check_in_verify_trips()
  Then Select valid Trip Purpose in verify trips                                                                          # stepDefinition.JE_QP_2_NSUpload.select_valid_trip_purpose_in_verify_trips()
  And Select valid  NS Status in verify trips                                                                             # stepDefinition.JE_QP_2_NSUpload.select_valid_ns_status_in_verify_trips()
No alert is displayed after click search button
  And Click search button in verify trips                                                                                 # stepDefinition.JE_QP_2_NSUpload.click_search_button_in_verify_trips()
  Then Select sort by Cutomer Name in verify trips                                                                        # stepDefinition.JE_QP_2_NSUpload.select_sort_by_Cutomer_Name_in_verify_trips()
  And Select ascending option in verify trips                                                                             # stepDefinition.JE_QP_2_NSUpload.select_ascending_option_in_verify_trips()
  Then Click go button in verify trips                                                                                    # stepDefinition.JE_QP_2_NSUpload.click_go_button_in_verify_trips()
Page is closed
  Then close the NSUpload Page                                                                                            # stepDefinition.JE_QP_2_NSUpload.close_the_Signin_Page()
]]></system-out>
  </testcase>
  <testcase name="NS Upload:Verify Trips #14" classname="NS UPLOAD" time="78.763">
    <system-out><![CDATA[
@TC_14
Scenario: NS Upload:Verify Trips                                                                                          # src/test/resources/featureFiles/JE_QP_2_NSUpload.feature:249
  Given To Check NSUpload User is navigating to JetEdge URL is "https://preprod.flyjetedge.aero/NSINVOICEDEMO/login.aspx" # stepDefinition.JE_QP_2_NSUpload.user_is_navigating_to_jet_edge_Signin_url_is(java.lang.String)
Username and password entered
  When To Check NSUpload User Enter username and password are "soundharya@sankarasoftware.com" and "Soundharya@321"       # stepDefinition.JE_QP_2_NSUpload.username_and_password_are_and(java.lang.String,java.lang.String)
login button clicked
No Alert message is displayed
  And click the Signin button To Check NSUpload                                                                           # stepDefinition.JE_QP_2_NSUpload.click_the_SignIn_button()
  And Click menu button in homepage                                                                                       # stepDefinition.JE_QP_2_NSUpload.Click_menu_button_in_homepage()
  Then Click Verify Trips button in NSUpload                                                                              # stepDefinition.JE_QP_2_NSUpload.Click_Verify_Trips_button_in_NSUpload()
  And Select valid from date in verify trips                                                                              # stepDefinition.JE_QP_2_NSUpload.select_valid_from_date_in_verify_trips()
  Then Select valid to date in verify trips                                                                               # stepDefinition.JE_QP_2_NSUpload.select_valid_to_date_in_verify_trips()
  And Select valid company name in verify trips                                                                           # stepDefinition.JE_QP_2_NSUpload.select_valid_company_name_in_verify_trips()
  Then Select valid multi tail in verify trips                                                                            # stepDefinition.JE_QP_2_NSUpload.select_valid_multi_tail_in_verify_trips()
  And Select valid  Segment Tax Check in verify trips                                                                     # stepDefinition.JE_QP_2_NSUpload.select_valid_segment_tax_check_in_verify_trips()
  Then Select valid Trip Purpose in verify trips                                                                          # stepDefinition.JE_QP_2_NSUpload.select_valid_trip_purpose_in_verify_trips()
  And Select valid  NS Status in verify trips                                                                             # stepDefinition.JE_QP_2_NSUpload.select_valid_ns_status_in_verify_trips()
No alert is displayed after click search button
  And Click search button in verify trips                                                                                 # stepDefinition.JE_QP_2_NSUpload.click_search_button_in_verify_trips()
  Then Select sort by Cutomer Name in verify trips                                                                        # stepDefinition.JE_QP_2_NSUpload.select_sort_by_Cutomer_Name_in_verify_trips()
  And Select descending option in verify trips                                                                            # stepDefinition.JE_QP_2_NSUpload.select_descending_option_in_verify_trips()
  Then Click go button in verify trips                                                                                    # stepDefinition.JE_QP_2_NSUpload.click_go_button_in_verify_trips()
Page is closed
  Then close the NSUpload Page                                                                                            # stepDefinition.JE_QP_2_NSUpload.close_the_Signin_Page()
]]></system-out>
  </testcase>
  <testcase name="NS Upload:Verify Trips #15" classname="NS UPLOAD" time="72.572">
    <system-out><![CDATA[
@TC_15
Scenario: NS Upload:Verify Trips                                                                                          # src/test/resources/featureFiles/JE_QP_2_NSUpload.feature:269
  Given To Check NSUpload User is navigating to JetEdge URL is "https://preprod.flyjetedge.aero/NSINVOICEDEMO/login.aspx" # stepDefinition.JE_QP_2_NSUpload.user_is_navigating_to_jet_edge_Signin_url_is(java.lang.String)
Username and password entered
  When To Check NSUpload User Enter username and password are "soundharya@sankarasoftware.com" and "Soundharya@321"       # stepDefinition.JE_QP_2_NSUpload.username_and_password_are_and(java.lang.String,java.lang.String)
login button clicked
No Alert message is displayed
  And click the Signin button To Check NSUpload                                                                           # stepDefinition.JE_QP_2_NSUpload.click_the_SignIn_button()
  And Click menu button in homepage                                                                                       # stepDefinition.JE_QP_2_NSUpload.Click_menu_button_in_homepage()
  Then Click Verify Trips button in NSUpload                                                                              # stepDefinition.JE_QP_2_NSUpload.Click_Verify_Trips_button_in_NSUpload()
  And Select valid from date in verify trips                                                                              # stepDefinition.JE_QP_2_NSUpload.select_valid_from_date_in_verify_trips()
  Then Select valid to date in verify trips                                                                               # stepDefinition.JE_QP_2_NSUpload.select_valid_to_date_in_verify_trips()
  And Select valid company name in verify trips                                                                           # stepDefinition.JE_QP_2_NSUpload.select_valid_company_name_in_verify_trips()
  Then Select valid multi tail in verify trips                                                                            # stepDefinition.JE_QP_2_NSUpload.select_valid_multi_tail_in_verify_trips()
  And Select valid  Segment Tax Check in verify trips                                                                     # stepDefinition.JE_QP_2_NSUpload.select_valid_segment_tax_check_in_verify_trips()
  Then Select valid Trip Purpose in verify trips                                                                          # stepDefinition.JE_QP_2_NSUpload.select_valid_trip_purpose_in_verify_trips()
  And Select valid  NS Status in verify trips                                                                             # stepDefinition.JE_QP_2_NSUpload.select_valid_ns_status_in_verify_trips()
No alert is displayed after click search button
  And Click search button in verify trips                                                                                 # stepDefinition.JE_QP_2_NSUpload.click_search_button_in_verify_trips()
  Then Select sort by Company in verify trips                                                                             # stepDefinition.JE_QP_2_NSUpload.select_sort_by_Company_in_verify_trips()
  And Select ascending option in verify trips                                                                             # stepDefinition.JE_QP_2_NSUpload.select_ascending_option_in_verify_trips()
  Then Click go button in verify trips                                                                                    # stepDefinition.JE_QP_2_NSUpload.click_go_button_in_verify_trips()
Page is closed
  Then close the NSUpload Page                                                                                            # stepDefinition.JE_QP_2_NSUpload.close_the_Signin_Page()
]]></system-out>
  </testcase>
  <testcase name="NS Upload:Verify Trips #16" classname="NS UPLOAD" time="91.75">
    <system-out><![CDATA[
@TC_16
Scenario: NS Upload:Verify Trips                                                                                          # src/test/resources/featureFiles/JE_QP_2_NSUpload.feature:289
  Given To Check NSUpload User is navigating to JetEdge URL is "https://preprod.flyjetedge.aero/NSINVOICEDEMO/login.aspx" # stepDefinition.JE_QP_2_NSUpload.user_is_navigating_to_jet_edge_Signin_url_is(java.lang.String)
Username and password entered
  When To Check NSUpload User Enter username and password are "soundharya@sankarasoftware.com" and "Soundharya@321"       # stepDefinition.JE_QP_2_NSUpload.username_and_password_are_and(java.lang.String,java.lang.String)
login button clicked
No Alert message is displayed
  And click the Signin button To Check NSUpload                                                                           # stepDefinition.JE_QP_2_NSUpload.click_the_SignIn_button()
  And Click menu button in homepage                                                                                       # stepDefinition.JE_QP_2_NSUpload.Click_menu_button_in_homepage()
  Then Click Verify Trips button in NSUpload                                                                              # stepDefinition.JE_QP_2_NSUpload.Click_Verify_Trips_button_in_NSUpload()
  And Select valid from date in verify trips                                                                              # stepDefinition.JE_QP_2_NSUpload.select_valid_from_date_in_verify_trips()
  Then Select valid to date in verify trips                                                                               # stepDefinition.JE_QP_2_NSUpload.select_valid_to_date_in_verify_trips()
  And Select valid company name in verify trips                                                                           # stepDefinition.JE_QP_2_NSUpload.select_valid_company_name_in_verify_trips()
  Then Select valid multi tail in verify trips                                                                            # stepDefinition.JE_QP_2_NSUpload.select_valid_multi_tail_in_verify_trips()
  And Select valid  Segment Tax Check in verify trips                                                                     # stepDefinition.JE_QP_2_NSUpload.select_valid_segment_tax_check_in_verify_trips()
  Then Select valid Trip Purpose in verify trips                                                                          # stepDefinition.JE_QP_2_NSUpload.select_valid_trip_purpose_in_verify_trips()
  And Select valid  NS Status in verify trips                                                                             # stepDefinition.JE_QP_2_NSUpload.select_valid_ns_status_in_verify_trips()
No alert is displayed after click search button
  And Click search button in verify trips                                                                                 # stepDefinition.JE_QP_2_NSUpload.click_search_button_in_verify_trips()
  Then Select sort by Company in verify trips                                                                             # stepDefinition.JE_QP_2_NSUpload.select_sort_by_Company_in_verify_trips()
  And Select descending option in verify trips                                                                            # stepDefinition.JE_QP_2_NSUpload.select_descending_option_in_verify_trips()
  Then Click go button in verify trips                                                                                    # stepDefinition.JE_QP_2_NSUpload.click_go_button_in_verify_trips()
Page is closed
  Then close the NSUpload Page                                                                                            # stepDefinition.JE_QP_2_NSUpload.close_the_Signin_Page()
]]></system-out>
  </testcase>
  <testcase name="NS Upload:Verify Trips #17" classname="NS UPLOAD" time="76.388">
    <system-out><![CDATA[
@TC_17
Scenario: NS Upload:Verify Trips                                                                                          # src/test/resources/featureFiles/JE_QP_2_NSUpload.feature:309
  Given To Check NSUpload User is navigating to JetEdge URL is "https://preprod.flyjetedge.aero/NSINVOICEDEMO/login.aspx" # stepDefinition.JE_QP_2_NSUpload.user_is_navigating_to_jet_edge_Signin_url_is(java.lang.String)
Username and password entered
  When To Check NSUpload User Enter username and password are "soundharya@sankarasoftware.com" and "Soundharya@321"       # stepDefinition.JE_QP_2_NSUpload.username_and_password_are_and(java.lang.String,java.lang.String)
login button clicked
No Alert message is displayed
  And click the Signin button To Check NSUpload                                                                           # stepDefinition.JE_QP_2_NSUpload.click_the_SignIn_button()
  And Click menu button in homepage                                                                                       # stepDefinition.JE_QP_2_NSUpload.Click_menu_button_in_homepage()
  Then Click Verify Trips button in NSUpload                                                                              # stepDefinition.JE_QP_2_NSUpload.Click_Verify_Trips_button_in_NSUpload()
  And Select valid from date in verify trips                                                                              # stepDefinition.JE_QP_2_NSUpload.select_valid_from_date_in_verify_trips()
  Then Select valid to date in verify trips                                                                               # stepDefinition.JE_QP_2_NSUpload.select_valid_to_date_in_verify_trips()
  And Select valid company name in verify trips                                                                           # stepDefinition.JE_QP_2_NSUpload.select_valid_company_name_in_verify_trips()
  Then Select valid multi tail in verify trips                                                                            # stepDefinition.JE_QP_2_NSUpload.select_valid_multi_tail_in_verify_trips()
  And Select valid  Segment Tax Check in verify trips                                                                     # stepDefinition.JE_QP_2_NSUpload.select_valid_segment_tax_check_in_verify_trips()
  Then Select valid Trip Purpose in verify trips                                                                          # stepDefinition.JE_QP_2_NSUpload.select_valid_trip_purpose_in_verify_trips()
  And Select valid  NS Status in verify trips                                                                             # stepDefinition.JE_QP_2_NSUpload.select_valid_ns_status_in_verify_trips()
No alert is displayed after click search button
  And Click search button in verify trips                                                                                 # stepDefinition.JE_QP_2_NSUpload.click_search_button_in_verify_trips()
  Then Select sort by Sales Person in verify trips                                                                        # stepDefinition.JE_QP_2_NSUpload.select_sort_by_Sales_Person_in_verify_trips()
  And Select ascending option in verify trips                                                                             # stepDefinition.JE_QP_2_NSUpload.select_ascending_option_in_verify_trips()
  Then Click go button in verify trips                                                                                    # stepDefinition.JE_QP_2_NSUpload.click_go_button_in_verify_trips()
Page is closed
  Then close the NSUpload Page                                                                                            # stepDefinition.JE_QP_2_NSUpload.close_the_Signin_Page()
]]></system-out>
  </testcase>
  <testcase name="NS Upload:Verify Trips #18" classname="NS UPLOAD" time="82.353">
    <system-out><![CDATA[
@TC_18
Scenario: NS Upload:Verify Trips                                                                                          # src/test/resources/featureFiles/JE_QP_2_NSUpload.feature:329
  Given To Check NSUpload User is navigating to JetEdge URL is "https://preprod.flyjetedge.aero/NSINVOICEDEMO/login.aspx" # stepDefinition.JE_QP_2_NSUpload.user_is_navigating_to_jet_edge_Signin_url_is(java.lang.String)
Username and password entered
  When To Check NSUpload User Enter username and password are "soundharya@sankarasoftware.com" and "Soundharya@321"       # stepDefinition.JE_QP_2_NSUpload.username_and_password_are_and(java.lang.String,java.lang.String)
login button clicked
No Alert message is displayed
  And click the Signin button To Check NSUpload                                                                           # stepDefinition.JE_QP_2_NSUpload.click_the_SignIn_button()
  And Click menu button in homepage                                                                                       # stepDefinition.JE_QP_2_NSUpload.Click_menu_button_in_homepage()
  Then Click Verify Trips button in NSUpload                                                                              # stepDefinition.JE_QP_2_NSUpload.Click_Verify_Trips_button_in_NSUpload()
  And Select valid from date in verify trips                                                                              # stepDefinition.JE_QP_2_NSUpload.select_valid_from_date_in_verify_trips()
  Then Select valid to date in verify trips                                                                               # stepDefinition.JE_QP_2_NSUpload.select_valid_to_date_in_verify_trips()
  And Select valid company name in verify trips                                                                           # stepDefinition.JE_QP_2_NSUpload.select_valid_company_name_in_verify_trips()
  Then Select valid multi tail in verify trips                                                                            # stepDefinition.JE_QP_2_NSUpload.select_valid_multi_tail_in_verify_trips()
  And Select valid  Segment Tax Check in verify trips                                                                     # stepDefinition.JE_QP_2_NSUpload.select_valid_segment_tax_check_in_verify_trips()
  Then Select valid Trip Purpose in verify trips                                                                          # stepDefinition.JE_QP_2_NSUpload.select_valid_trip_purpose_in_verify_trips()
  And Select valid  NS Status in verify trips                                                                             # stepDefinition.JE_QP_2_NSUpload.select_valid_ns_status_in_verify_trips()
No alert is displayed after click search button
  And Click search button in verify trips                                                                                 # stepDefinition.JE_QP_2_NSUpload.click_search_button_in_verify_trips()
  Then Select sort by Sales Person in verify trips                                                                        # stepDefinition.JE_QP_2_NSUpload.select_sort_by_Sales_Person_in_verify_trips()
  And Select descending option in verify trips                                                                            # stepDefinition.JE_QP_2_NSUpload.select_descending_option_in_verify_trips()
  Then Click go button in verify trips                                                                                    # stepDefinition.JE_QP_2_NSUpload.click_go_button_in_verify_trips()
Page is closed
  Then close the NSUpload Page                                                                                            # stepDefinition.JE_QP_2_NSUpload.close_the_Signin_Page()
]]></system-out>
  </testcase>
  <testcase name="NS Upload:Verify Trips #19" classname="NS UPLOAD" time="90.331">
    <system-out><![CDATA[
@TC_19
Scenario: NS Upload:Verify Trips                                                                                          # src/test/resources/featureFiles/JE_QP_2_NSUpload.feature:349
  Given To Check NSUpload User is navigating to JetEdge URL is "https://preprod.flyjetedge.aero/NSINVOICEDEMO/login.aspx" # stepDefinition.JE_QP_2_NSUpload.user_is_navigating_to_jet_edge_Signin_url_is(java.lang.String)
Username and password entered
  When To Check NSUpload User Enter username and password are "soundharya@sankarasoftware.com" and "Soundharya@321"       # stepDefinition.JE_QP_2_NSUpload.username_and_password_are_and(java.lang.String,java.lang.String)
login button clicked
No Alert message is displayed
  And click the Signin button To Check NSUpload                                                                           # stepDefinition.JE_QP_2_NSUpload.click_the_SignIn_button()
  And Click menu button in homepage                                                                                       # stepDefinition.JE_QP_2_NSUpload.Click_menu_button_in_homepage()
  Then Click Verify Trips button in NSUpload                                                                              # stepDefinition.JE_QP_2_NSUpload.Click_Verify_Trips_button_in_NSUpload()
  And Select valid from date in verify trips                                                                              # stepDefinition.JE_QP_2_NSUpload.select_valid_from_date_in_verify_trips()
  Then Select valid to date in verify trips                                                                               # stepDefinition.JE_QP_2_NSUpload.select_valid_to_date_in_verify_trips()
  And Select valid company name in verify trips                                                                           # stepDefinition.JE_QP_2_NSUpload.select_valid_company_name_in_verify_trips()
  Then Select valid multi tail in verify trips                                                                            # stepDefinition.JE_QP_2_NSUpload.select_valid_multi_tail_in_verify_trips()
  And Select valid  Segment Tax Check in verify trips                                                                     # stepDefinition.JE_QP_2_NSUpload.select_valid_segment_tax_check_in_verify_trips()
  Then Select valid Trip Purpose in verify trips                                                                          # stepDefinition.JE_QP_2_NSUpload.select_valid_trip_purpose_in_verify_trips()
  And Select valid  NS Status in verify trips                                                                             # stepDefinition.JE_QP_2_NSUpload.select_valid_ns_status_in_verify_trips()
No alert is displayed after click search button
  And Click search button in verify trips                                                                                 # stepDefinition.JE_QP_2_NSUpload.click_search_button_in_verify_trips()
  Then Select sort by Contact in verify trips                                                                             # stepDefinition.JE_QP_2_NSUpload.select_sort_by_Contact_in_verify_trips()
  And Select ascending option in verify trips                                                                             # stepDefinition.JE_QP_2_NSUpload.select_ascending_option_in_verify_trips()
  Then Click go button in verify trips                                                                                    # stepDefinition.JE_QP_2_NSUpload.click_go_button_in_verify_trips()
Page is closed
  Then close the NSUpload Page                                                                                            # stepDefinition.JE_QP_2_NSUpload.close_the_Signin_Page()
]]></system-out>
  </testcase>
  <testcase name="NS Upload:Verify Trips #20" classname="NS UPLOAD" time="92.666">
    <system-out><![CDATA[
@TC_20
Scenario: NS Upload:Verify Trips                                                                                          # src/test/resources/featureFiles/JE_QP_2_NSUpload.feature:369
  Given To Check NSUpload User is navigating to JetEdge URL is "https://preprod.flyjetedge.aero/NSINVOICEDEMO/login.aspx" # stepDefinition.JE_QP_2_NSUpload.user_is_navigating_to_jet_edge_Signin_url_is(java.lang.String)
Username and password entered
  When To Check NSUpload User Enter username and password are "soundharya@sankarasoftware.com" and "Soundharya@321"       # stepDefinition.JE_QP_2_NSUpload.username_and_password_are_and(java.lang.String,java.lang.String)
login button clicked
No Alert message is displayed
  And click the Signin button To Check NSUpload                                                                           # stepDefinition.JE_QP_2_NSUpload.click_the_SignIn_button()
  And Click menu button in homepage                                                                                       # stepDefinition.JE_QP_2_NSUpload.Click_menu_button_in_homepage()
  Then Click Verify Trips button in NSUpload                                                                              # stepDefinition.JE_QP_2_NSUpload.Click_Verify_Trips_button_in_NSUpload()
  And Select valid from date in verify trips                                                                              # stepDefinition.JE_QP_2_NSUpload.select_valid_from_date_in_verify_trips()
  Then Select valid to date in verify trips                                                                               # stepDefinition.JE_QP_2_NSUpload.select_valid_to_date_in_verify_trips()
  And Select valid company name in verify trips                                                                           # stepDefinition.JE_QP_2_NSUpload.select_valid_company_name_in_verify_trips()
  Then Select valid multi tail in verify trips                                                                            # stepDefinition.JE_QP_2_NSUpload.select_valid_multi_tail_in_verify_trips()
  And Select valid  Segment Tax Check in verify trips                                                                     # stepDefinition.JE_QP_2_NSUpload.select_valid_segment_tax_check_in_verify_trips()
  Then Select valid Trip Purpose in verify trips                                                                          # stepDefinition.JE_QP_2_NSUpload.select_valid_trip_purpose_in_verify_trips()
  And Select valid  NS Status in verify trips                                                                             # stepDefinition.JE_QP_2_NSUpload.select_valid_ns_status_in_verify_trips()
No alert is displayed after click search button
  And Click search button in verify trips                                                                                 # stepDefinition.JE_QP_2_NSUpload.click_search_button_in_verify_trips()
  Then Select sort by Contact in verify trips                                                                             # stepDefinition.JE_QP_2_NSUpload.select_sort_by_Contact_in_verify_trips()
  And Select descending option in verify trips                                                                            # stepDefinition.JE_QP_2_NSUpload.select_descending_option_in_verify_trips()
  Then Click go button in verify trips                                                                                    # stepDefinition.JE_QP_2_NSUpload.click_go_button_in_verify_trips()
Page is closed
  Then close the NSUpload Page                                                                                            # stepDefinition.JE_QP_2_NSUpload.close_the_Signin_Page()
]]></system-out>
  </testcase>
  <testcase name="NS Upload:Verify Trips #21" classname="NS UPLOAD" time="83.814">
    <system-out><![CDATA[
@TC_21
Scenario: NS Upload:Verify Trips                                                                                          # src/test/resources/featureFiles/JE_QP_2_NSUpload.feature:389
  Given To Check NSUpload User is navigating to JetEdge URL is "https://preprod.flyjetedge.aero/NSINVOICEDEMO/login.aspx" # stepDefinition.JE_QP_2_NSUpload.user_is_navigating_to_jet_edge_Signin_url_is(java.lang.String)
Username and password entered
  When To Check NSUpload User Enter username and password are "soundharya@sankarasoftware.com" and "Soundharya@321"       # stepDefinition.JE_QP_2_NSUpload.username_and_password_are_and(java.lang.String,java.lang.String)
login button clicked
No Alert message is displayed
  And click the Signin button To Check NSUpload                                                                           # stepDefinition.JE_QP_2_NSUpload.click_the_SignIn_button()
  And Click menu button in homepage                                                                                       # stepDefinition.JE_QP_2_NSUpload.Click_menu_button_in_homepage()
  Then Click Verify Trips button in NSUpload                                                                              # stepDefinition.JE_QP_2_NSUpload.Click_Verify_Trips_button_in_NSUpload()
  And Select valid from date in verify trips                                                                              # stepDefinition.JE_QP_2_NSUpload.select_valid_from_date_in_verify_trips()
  Then Select valid to date in verify trips                                                                               # stepDefinition.JE_QP_2_NSUpload.select_valid_to_date_in_verify_trips()
  And Select valid company name in verify trips                                                                           # stepDefinition.JE_QP_2_NSUpload.select_valid_company_name_in_verify_trips()
  Then Select valid multi tail in verify trips                                                                            # stepDefinition.JE_QP_2_NSUpload.select_valid_multi_tail_in_verify_trips()
  And Select valid  Segment Tax Check in verify trips                                                                     # stepDefinition.JE_QP_2_NSUpload.select_valid_segment_tax_check_in_verify_trips()
  Then Select valid Trip Purpose in verify trips                                                                          # stepDefinition.JE_QP_2_NSUpload.select_valid_trip_purpose_in_verify_trips()
  And Select valid  NS Status in verify trips                                                                             # stepDefinition.JE_QP_2_NSUpload.select_valid_ns_status_in_verify_trips()
No alert is displayed after click search button
  And Click search button in verify trips                                                                                 # stepDefinition.JE_QP_2_NSUpload.click_search_button_in_verify_trips()
  Then Select sort by NS Status in verify trips                                                                           # stepDefinition.JE_QP_2_NSUpload.select_sort_by_NS_Status_in_verify_trips()
  And Select ascending option in verify trips                                                                             # stepDefinition.JE_QP_2_NSUpload.select_ascending_option_in_verify_trips()
  Then Click go button in verify trips                                                                                    # stepDefinition.JE_QP_2_NSUpload.click_go_button_in_verify_trips()
Page is closed
  Then close the NSUpload Page                                                                                            # stepDefinition.JE_QP_2_NSUpload.close_the_Signin_Page()
]]></system-out>
  </testcase>
  <testcase name="NS Upload:Verify Trips #22" classname="NS UPLOAD" time="85.362">
    <system-out><![CDATA[
@TC_22
Scenario: NS Upload:Verify Trips                                                                                          # src/test/resources/featureFiles/JE_QP_2_NSUpload.feature:409
  Given To Check NSUpload User is navigating to JetEdge URL is "https://preprod.flyjetedge.aero/NSINVOICEDEMO/login.aspx" # stepDefinition.JE_QP_2_NSUpload.user_is_navigating_to_jet_edge_Signin_url_is(java.lang.String)
Username and password entered
  When To Check NSUpload User Enter username and password are "soundharya@sankarasoftware.com" and "Soundharya@321"       # stepDefinition.JE_QP_2_NSUpload.username_and_password_are_and(java.lang.String,java.lang.String)
login button clicked
No Alert message is displayed
  And click the Signin button To Check NSUpload                                                                           # stepDefinition.JE_QP_2_NSUpload.click_the_SignIn_button()
  And Click menu button in homepage                                                                                       # stepDefinition.JE_QP_2_NSUpload.Click_menu_button_in_homepage()
  Then Click Verify Trips button in NSUpload                                                                              # stepDefinition.JE_QP_2_NSUpload.Click_Verify_Trips_button_in_NSUpload()
  And Select valid from date in verify trips                                                                              # stepDefinition.JE_QP_2_NSUpload.select_valid_from_date_in_verify_trips()
  Then Select valid to date in verify trips                                                                               # stepDefinition.JE_QP_2_NSUpload.select_valid_to_date_in_verify_trips()
  And Select valid company name in verify trips                                                                           # stepDefinition.JE_QP_2_NSUpload.select_valid_company_name_in_verify_trips()
  Then Select valid multi tail in verify trips                                                                            # stepDefinition.JE_QP_2_NSUpload.select_valid_multi_tail_in_verify_trips()
  And Select valid  Segment Tax Check in verify trips                                                                     # stepDefinition.JE_QP_2_NSUpload.select_valid_segment_tax_check_in_verify_trips()
  Then Select valid Trip Purpose in verify trips                                                                          # stepDefinition.JE_QP_2_NSUpload.select_valid_trip_purpose_in_verify_trips()
  And Select valid  NS Status in verify trips                                                                             # stepDefinition.JE_QP_2_NSUpload.select_valid_ns_status_in_verify_trips()
No alert is displayed after click search button
  And Click search button in verify trips                                                                                 # stepDefinition.JE_QP_2_NSUpload.click_search_button_in_verify_trips()
  Then Select sort by NS Status in verify trips                                                                           # stepDefinition.JE_QP_2_NSUpload.select_sort_by_NS_Status_in_verify_trips()
  And Select descending option in verify trips                                                                            # stepDefinition.JE_QP_2_NSUpload.select_descending_option_in_verify_trips()
  Then Click go button in verify trips                                                                                    # stepDefinition.JE_QP_2_NSUpload.click_go_button_in_verify_trips()
Page is closed
  Then close the NSUpload Page                                                                                            # stepDefinition.JE_QP_2_NSUpload.close_the_Signin_Page()
]]></system-out>
  </testcase>
  <testcase name="NS Upload:Verify Trips #23" classname="NS UPLOAD" time="72.955">
    <system-out><![CDATA[
@TC_23
Scenario: NS Upload:Verify Trips                                                                                          # src/test/resources/featureFiles/JE_QP_2_NSUpload.feature:429
  Given To Check NSUpload User is navigating to JetEdge URL is "https://preprod.flyjetedge.aero/NSINVOICEDEMO/login.aspx" # stepDefinition.JE_QP_2_NSUpload.user_is_navigating_to_jet_edge_Signin_url_is(java.lang.String)
Username and password entered
  When To Check NSUpload User Enter username and password are "soundharya@sankarasoftware.com" and "Soundharya@321"       # stepDefinition.JE_QP_2_NSUpload.username_and_password_are_and(java.lang.String,java.lang.String)
login button clicked
No Alert message is displayed
  And click the Signin button To Check NSUpload                                                                           # stepDefinition.JE_QP_2_NSUpload.click_the_SignIn_button()
  And Click menu button in homepage                                                                                       # stepDefinition.JE_QP_2_NSUpload.Click_menu_button_in_homepage()
  Then Click Verify Trips button in NSUpload                                                                              # stepDefinition.JE_QP_2_NSUpload.Click_Verify_Trips_button_in_NSUpload()
  And Select valid from date in verify trips                                                                              # stepDefinition.JE_QP_2_NSUpload.select_valid_from_date_in_verify_trips()
  Then Select valid to date in verify trips                                                                               # stepDefinition.JE_QP_2_NSUpload.select_valid_to_date_in_verify_trips()
  And Select valid company name in verify trips                                                                           # stepDefinition.JE_QP_2_NSUpload.select_valid_company_name_in_verify_trips()
  Then Select valid multi tail in verify trips                                                                            # stepDefinition.JE_QP_2_NSUpload.select_valid_multi_tail_in_verify_trips()
  And Select valid  Segment Tax Check in verify trips                                                                     # stepDefinition.JE_QP_2_NSUpload.select_valid_segment_tax_check_in_verify_trips()
  Then Select valid Trip Purpose in verify trips                                                                          # stepDefinition.JE_QP_2_NSUpload.select_valid_trip_purpose_in_verify_trips()
  And Select valid  NS Status in verify trips                                                                             # stepDefinition.JE_QP_2_NSUpload.select_valid_ns_status_in_verify_trips()
No alert is displayed after click search button
  And Click search button in verify trips                                                                                 # stepDefinition.JE_QP_2_NSUpload.click_search_button_in_verify_trips()
  Then Select sort by Amount in verify trips                                                                              # stepDefinition.JE_QP_2_NSUpload.select_sort_by_Amount_in_verify_trips()
  And Select ascending option in verify trips                                                                             # stepDefinition.JE_QP_2_NSUpload.select_ascending_option_in_verify_trips()
  Then Click go button in verify trips                                                                                    # stepDefinition.JE_QP_2_NSUpload.click_go_button_in_verify_trips()
Page is closed
  Then close the NSUpload Page                                                                                            # stepDefinition.JE_QP_2_NSUpload.close_the_Signin_Page()
]]></system-out>
  </testcase>
  <testcase name="NS Upload:Verify Trips #24" classname="NS UPLOAD" time="71.907">
    <system-out><![CDATA[
@TC_24
Scenario: NS Upload:Verify Trips                                                                                          # src/test/resources/featureFiles/JE_QP_2_NSUpload.feature:449
  Given To Check NSUpload User is navigating to JetEdge URL is "https://preprod.flyjetedge.aero/NSINVOICEDEMO/login.aspx" # stepDefinition.JE_QP_2_NSUpload.user_is_navigating_to_jet_edge_Signin_url_is(java.lang.String)
Username and password entered
  When To Check NSUpload User Enter username and password are "soundharya@sankarasoftware.com" and "Soundharya@321"       # stepDefinition.JE_QP_2_NSUpload.username_and_password_are_and(java.lang.String,java.lang.String)
login button clicked
No Alert message is displayed
  And click the Signin button To Check NSUpload                                                                           # stepDefinition.JE_QP_2_NSUpload.click_the_SignIn_button()
  And Click menu button in homepage                                                                                       # stepDefinition.JE_QP_2_NSUpload.Click_menu_button_in_homepage()
  Then Click Verify Trips button in NSUpload                                                                              # stepDefinition.JE_QP_2_NSUpload.Click_Verify_Trips_button_in_NSUpload()
  And Select valid from date in verify trips                                                                              # stepDefinition.JE_QP_2_NSUpload.select_valid_from_date_in_verify_trips()
  Then Select valid to date in verify trips                                                                               # stepDefinition.JE_QP_2_NSUpload.select_valid_to_date_in_verify_trips()
  And Select valid company name in verify trips                                                                           # stepDefinition.JE_QP_2_NSUpload.select_valid_company_name_in_verify_trips()
  Then Select valid multi tail in verify trips                                                                            # stepDefinition.JE_QP_2_NSUpload.select_valid_multi_tail_in_verify_trips()
  And Select valid  Segment Tax Check in verify trips                                                                     # stepDefinition.JE_QP_2_NSUpload.select_valid_segment_tax_check_in_verify_trips()
  Then Select valid Trip Purpose in verify trips                                                                          # stepDefinition.JE_QP_2_NSUpload.select_valid_trip_purpose_in_verify_trips()
  And Select valid  NS Status in verify trips                                                                             # stepDefinition.JE_QP_2_NSUpload.select_valid_ns_status_in_verify_trips()
No alert is displayed after click search button
  And Click search button in verify trips                                                                                 # stepDefinition.JE_QP_2_NSUpload.click_search_button_in_verify_trips()
  Then Select sort by Amount in verify trips                                                                              # stepDefinition.JE_QP_2_NSUpload.select_sort_by_Amount_in_verify_trips()
  And Select descending option in verify trips                                                                            # stepDefinition.JE_QP_2_NSUpload.select_descending_option_in_verify_trips()
  Then Click go button in verify trips                                                                                    # stepDefinition.JE_QP_2_NSUpload.click_go_button_in_verify_trips()
Page is closed
  Then close the NSUpload Page                                                                                            # stepDefinition.JE_QP_2_NSUpload.close_the_Signin_Page()
]]></system-out>
  </testcase>
  <testcase name="NS Upload:Verify Trips #25" classname="NS UPLOAD" time="75.143">
    <system-out><![CDATA[
@TC_25
Scenario: NS Upload:Verify Trips                                                                                          # src/test/resources/featureFiles/JE_QP_2_NSUpload.feature:469
  Given To Check NSUpload User is navigating to JetEdge URL is "https://preprod.flyjetedge.aero/NSINVOICEDEMO/login.aspx" # stepDefinition.JE_QP_2_NSUpload.user_is_navigating_to_jet_edge_Signin_url_is(java.lang.String)
Username and password entered
  When To Check NSUpload User Enter username and password are "soundharya@sankarasoftware.com" and "Soundharya@321"       # stepDefinition.JE_QP_2_NSUpload.username_and_password_are_and(java.lang.String,java.lang.String)
login button clicked
No Alert message is displayed
  And click the Signin button To Check NSUpload                                                                           # stepDefinition.JE_QP_2_NSUpload.click_the_SignIn_button()
  And Click menu button in homepage                                                                                       # stepDefinition.JE_QP_2_NSUpload.Click_menu_button_in_homepage()
  Then Click Verify Trips button in NSUpload                                                                              # stepDefinition.JE_QP_2_NSUpload.Click_Verify_Trips_button_in_NSUpload()
  And Select valid from date in verify trips                                                                              # stepDefinition.JE_QP_2_NSUpload.select_valid_from_date_in_verify_trips()
  Then Select valid to date in verify trips                                                                               # stepDefinition.JE_QP_2_NSUpload.select_valid_to_date_in_verify_trips()
  And Select valid  NS Status in verify trips                                                                             # stepDefinition.JE_QP_2_NSUpload.select_valid_ns_status_in_verify_trips()
No alert is displayed after click search button
  And Click search button in verify trips                                                                                 # stepDefinition.JE_QP_2_NSUpload.click_search_button_in_verify_trips()
  Then Click edit button in verify trips                                                                                  # stepDefinition.JE_QP_2_NSUpload.click_edit_button_in_verify_trips()
  And Clear quote number in verify trips                                                                                  # stepDefinition.JE_QP_2_NSUpload.clear_quote_number_in_verify_trips()
  Then Clear Customer ID in verify trips                                                                                  # stepDefinition.JE_QP_2_NSUpload.clear_customer_id_in_verify_trips()
  And Clear Customer Name in verify trips                                                                                 # stepDefinition.JE_QP_2_NSUpload.clear_customer_name_in_verify_trips()
Alert Message Displayed Like : - Quote # is required.
- Customer Id is required.
- Customer Name is required.

  Then Click update button in verify trips                                                                                # stepDefinition.JE_QP_2_NSUpload.click_update_button_in_verify_trips()
Page is closed
  Then close the NSUpload Page                                                                                            # stepDefinition.JE_QP_2_NSUpload.close_the_Signin_Page()
]]></system-out>
  </testcase>
  <testcase name="NS Upload:Verify Trips #26" classname="NS UPLOAD" time="80.381">
    <system-out><![CDATA[
@TC_26
Scenario: NS Upload:Verify Trips                                                                                          # src/test/resources/featureFiles/JE_QP_2_NSUpload.feature:487
  Given To Check NSUpload User is navigating to JetEdge URL is "https://preprod.flyjetedge.aero/NSINVOICEDEMO/login.aspx" # stepDefinition.JE_QP_2_NSUpload.user_is_navigating_to_jet_edge_Signin_url_is(java.lang.String)
Username and password entered
  When To Check NSUpload User Enter username and password are "soundharya@sankarasoftware.com" and "Soundharya@321"       # stepDefinition.JE_QP_2_NSUpload.username_and_password_are_and(java.lang.String,java.lang.String)
login button clicked
No Alert message is displayed
  And click the Signin button To Check NSUpload                                                                           # stepDefinition.JE_QP_2_NSUpload.click_the_SignIn_button()
  And Click menu button in homepage                                                                                       # stepDefinition.JE_QP_2_NSUpload.Click_menu_button_in_homepage()
  Then Click Verify Trips button in NSUpload                                                                              # stepDefinition.JE_QP_2_NSUpload.Click_Verify_Trips_button_in_NSUpload()
  And Select valid from date in verify trips                                                                              # stepDefinition.JE_QP_2_NSUpload.select_valid_from_date_in_verify_trips()
  Then Select valid to date in verify trips                                                                               # stepDefinition.JE_QP_2_NSUpload.select_valid_to_date_in_verify_trips()
  And Select valid  NS Status in verify trips                                                                             # stepDefinition.JE_QP_2_NSUpload.select_valid_ns_status_in_verify_trips()
No alert is displayed after click search button
  And Click search button in verify trips                                                                                 # stepDefinition.JE_QP_2_NSUpload.click_search_button_in_verify_trips()
  Then Click edit button in verify trips                                                                                  # stepDefinition.JE_QP_2_NSUpload.click_edit_button_in_verify_trips()
  And Modify quote number in verify trips                                                                                 # stepDefinition.JE_QP_2_NSUpload.modify_quote_number_in_verify_trips()
  Then Modify Customer ID in verify trips                                                                                 # stepDefinition.JE_QP_2_NSUpload.modify_customer_id_in_verify_trips()
  And Modify Customer Name in verify trips                                                                                # stepDefinition.JE_QP_2_NSUpload.modify_customer_name_in_verify_trips()
No Alert Message Is Displayed
  Then Click update button in verify trips                                                                                # stepDefinition.JE_QP_2_NSUpload.click_update_button_in_verify_trips()
Page is closed
  Then close the NSUpload Page                                                                                            # stepDefinition.JE_QP_2_NSUpload.close_the_Signin_Page()
]]></system-out>
  </testcase>
  <testcase name="NS Upload:Verify Trips #27" classname="NS UPLOAD" time="70.772">
    <system-out><![CDATA[
@TC_27
Scenario: NS Upload:Verify Trips                                                                                          # src/test/resources/featureFiles/JE_QP_2_NSUpload.feature:505
  Given To Check NSUpload User is navigating to JetEdge URL is "https://preprod.flyjetedge.aero/NSINVOICEDEMO/login.aspx" # stepDefinition.JE_QP_2_NSUpload.user_is_navigating_to_jet_edge_Signin_url_is(java.lang.String)
Username and password entered
  When To Check NSUpload User Enter username and password are "soundharya@sankarasoftware.com" and "Soundharya@321"       # stepDefinition.JE_QP_2_NSUpload.username_and_password_are_and(java.lang.String,java.lang.String)
login button clicked
No Alert message is displayed
  And click the Signin button To Check NSUpload                                                                           # stepDefinition.JE_QP_2_NSUpload.click_the_SignIn_button()
  And Click menu button in homepage                                                                                       # stepDefinition.JE_QP_2_NSUpload.Click_menu_button_in_homepage()
  Then Click Verify Trips button in NSUpload                                                                              # stepDefinition.JE_QP_2_NSUpload.Click_Verify_Trips_button_in_NSUpload()
  And Select valid from date in verify trips                                                                              # stepDefinition.JE_QP_2_NSUpload.select_valid_from_date_in_verify_trips()
  Then Select valid to date in verify trips                                                                               # stepDefinition.JE_QP_2_NSUpload.select_valid_to_date_in_verify_trips()
  And Select valid  NS Status in verify trips                                                                             # stepDefinition.JE_QP_2_NSUpload.select_valid_ns_status_in_verify_trips()
No alert is displayed after click search button
  And Click search button in verify trips                                                                                 # stepDefinition.JE_QP_2_NSUpload.click_search_button_in_verify_trips()
  Then Click edit button in verify trips                                                                                  # stepDefinition.JE_QP_2_NSUpload.click_edit_button_in_verify_trips()
  And Click edit button in Line Item                                                                                      # stepDefinition.JE_QP_2_NSUpload.click_edit_button_in_Line_Item()
  Then Click close button in Line Item                                                                                    # stepDefinition.JE_QP_2_NSUpload.click_close_button_in_line_item()
Page is closed
  Then close the NSUpload Page                                                                                            # stepDefinition.JE_QP_2_NSUpload.close_the_Signin_Page()
]]></system-out>
  </testcase>
  <testcase name="NS Upload:Verify Trips #28" classname="NS UPLOAD" time="65.633">
    <system-out><![CDATA[
@TC_28
Scenario: NS Upload:Verify Trips                                                                                          # src/test/resources/featureFiles/JE_QP_2_NSUpload.feature:521
  Given To Check NSUpload User is navigating to JetEdge URL is "https://preprod.flyjetedge.aero/NSINVOICEDEMO/login.aspx" # stepDefinition.JE_QP_2_NSUpload.user_is_navigating_to_jet_edge_Signin_url_is(java.lang.String)
Username and password entered
  When To Check NSUpload User Enter username and password are "soundharya@sankarasoftware.com" and "Soundharya@321"       # stepDefinition.JE_QP_2_NSUpload.username_and_password_are_and(java.lang.String,java.lang.String)
login button clicked
No Alert message is displayed
  And click the Signin button To Check NSUpload                                                                           # stepDefinition.JE_QP_2_NSUpload.click_the_SignIn_button()
  And Click menu button in homepage                                                                                       # stepDefinition.JE_QP_2_NSUpload.Click_menu_button_in_homepage()
  Then Click Verify Trips button in NSUpload                                                                              # stepDefinition.JE_QP_2_NSUpload.Click_Verify_Trips_button_in_NSUpload()
  And Select valid from date in verify trips                                                                              # stepDefinition.JE_QP_2_NSUpload.select_valid_from_date_in_verify_trips()
  Then Select valid to date in verify trips                                                                               # stepDefinition.JE_QP_2_NSUpload.select_valid_to_date_in_verify_trips()
  And Select valid  NS Status in verify trips                                                                             # stepDefinition.JE_QP_2_NSUpload.select_valid_ns_status_in_verify_trips()
No alert is displayed after click search button
  And Click search button in verify trips                                                                                 # stepDefinition.JE_QP_2_NSUpload.click_search_button_in_verify_trips()
  Then Click edit button in verify trips                                                                                  # stepDefinition.JE_QP_2_NSUpload.click_edit_button_in_verify_trips()
  And Click edit button in Line Item                                                                                      # stepDefinition.JE_QP_2_NSUpload.click_edit_button_in_Line_Item()
  Then Clear Item Code in Line Item                                                                                       # stepDefinition.JE_QP_2_NSUpload.clear_item_code_in_line_item()
  And Clear Item Description in Line Item                                                                                 # stepDefinition.JE_QP_2_NSUpload.clear_item_description_in_line_item()
Alert Message Displayed Like : - Item Gode is required.
- Item Description is required.

  Then Click save button in Line Item                                                                                     # stepDefinition.JE_QP_2_NSUpload.click_save_button_in_line_item()
Page is closed
  Then close the NSUpload Page                                                                                            # stepDefinition.JE_QP_2_NSUpload.close_the_Signin_Page()
]]></system-out>
  </testcase>
  <testcase name="NS Upload:Verify Trips #29" classname="NS UPLOAD" time="70.221">
    <system-out><![CDATA[
@TC_29
Scenario: NS Upload:Verify Trips                                                                                          # src/test/resources/featureFiles/JE_QP_2_NSUpload.feature:539
  Given To Check NSUpload User is navigating to JetEdge URL is "https://preprod.flyjetedge.aero/NSINVOICEDEMO/login.aspx" # stepDefinition.JE_QP_2_NSUpload.user_is_navigating_to_jet_edge_Signin_url_is(java.lang.String)
Username and password entered
  When To Check NSUpload User Enter username and password are "soundharya@sankarasoftware.com" and "Soundharya@321"       # stepDefinition.JE_QP_2_NSUpload.username_and_password_are_and(java.lang.String,java.lang.String)
login button clicked
No Alert message is displayed
  And click the Signin button To Check NSUpload                                                                           # stepDefinition.JE_QP_2_NSUpload.click_the_SignIn_button()
  And Click menu button in homepage                                                                                       # stepDefinition.JE_QP_2_NSUpload.Click_menu_button_in_homepage()
  Then Click Verify Trips button in NSUpload                                                                              # stepDefinition.JE_QP_2_NSUpload.Click_Verify_Trips_button_in_NSUpload()
  And Select valid from date in verify trips                                                                              # stepDefinition.JE_QP_2_NSUpload.select_valid_from_date_in_verify_trips()
  Then Select valid to date in verify trips                                                                               # stepDefinition.JE_QP_2_NSUpload.select_valid_to_date_in_verify_trips()
  And Select valid  NS Status in verify trips                                                                             # stepDefinition.JE_QP_2_NSUpload.select_valid_ns_status_in_verify_trips()
No alert is displayed after click search button
  And Click search button in verify trips                                                                                 # stepDefinition.JE_QP_2_NSUpload.click_search_button_in_verify_trips()
  Then Click edit button in verify trips                                                                                  # stepDefinition.JE_QP_2_NSUpload.click_edit_button_in_verify_trips()
  And Click edit button in Line Item                                                                                      # stepDefinition.JE_QP_2_NSUpload.click_edit_button_in_Line_Item()
  Then Modify Item Code in Line Item                                                                                      # stepDefinition.JE_QP_2_NSUpload.modify_item_code_in_line_item()
  And Modify Item Description in Line Item                                                                                # stepDefinition.JE_QP_2_NSUpload.modify_item_description_in_line_item()
No Alert Message Is Displayed
  Then Click save button in Line Item                                                                                     # stepDefinition.JE_QP_2_NSUpload.click_save_button_in_line_item()
  And Click close button in Success message                                                                               # stepDefinition.JE_QP_2_NSUpload.click_close_button_in_success_message()
Page is closed
  Then close the NSUpload Page                                                                                            # stepDefinition.JE_QP_2_NSUpload.close_the_Signin_Page()
]]></system-out>
  </testcase>
  <testcase name="NS Upload:Verify Trips #30" classname="NS UPLOAD" time="64.436">
    <system-out><![CDATA[
@TC_30
Scenario: NS Upload:Verify Trips                                                                                          # src/test/resources/featureFiles/JE_QP_2_NSUpload.feature:558
  Given To Check NSUpload User is navigating to JetEdge URL is "https://preprod.flyjetedge.aero/NSINVOICEDEMO/login.aspx" # stepDefinition.JE_QP_2_NSUpload.user_is_navigating_to_jet_edge_Signin_url_is(java.lang.String)
Username and password entered
  When To Check NSUpload User Enter username and password are "soundharya@sankarasoftware.com" and "Soundharya@321"       # stepDefinition.JE_QP_2_NSUpload.username_and_password_are_and(java.lang.String,java.lang.String)
login button clicked
No Alert message is displayed
  And click the Signin button To Check NSUpload                                                                           # stepDefinition.JE_QP_2_NSUpload.click_the_SignIn_button()
  And Click menu button in homepage                                                                                       # stepDefinition.JE_QP_2_NSUpload.Click_menu_button_in_homepage()
  Then Click Verify Trips button in NSUpload                                                                              # stepDefinition.JE_QP_2_NSUpload.Click_Verify_Trips_button_in_NSUpload()
  And Select valid from date in verify trips                                                                              # stepDefinition.JE_QP_2_NSUpload.select_valid_from_date_in_verify_trips()
  Then Select valid to date in verify trips                                                                               # stepDefinition.JE_QP_2_NSUpload.select_valid_to_date_in_verify_trips()
  And Select valid  NS Status in verify trips                                                                             # stepDefinition.JE_QP_2_NSUpload.select_valid_ns_status_in_verify_trips()
No alert is displayed after click search button
  And Click search button in verify trips                                                                                 # stepDefinition.JE_QP_2_NSUpload.click_search_button_in_verify_trips()
  Then Click edit button in verify trips                                                                                  # stepDefinition.JE_QP_2_NSUpload.click_edit_button_in_verify_trips()
  And Click action button in verify trips                                                                                 # stepDefinition.JE_QP_2_NSUpload.click_action_button_in_verify_trips()
  Then Click verify trips in action                                                                                       # stepDefinition.JE_QP_2_NSUpload.click_verify_trips_in_action()
  And Click close button in Success message in action                                                                     # stepDefinition.JE_QP_2_NSUpload.Click_close_button_in_Success_message_in_action()
Page is closed
  Then close the NSUpload Page                                                                                            # stepDefinition.JE_QP_2_NSUpload.close_the_Signin_Page()
]]></system-out>
  </testcase>
  <testcase name="NS Upload:Verify Trips #31" classname="NS UPLOAD" time="68.947">
    <system-out><![CDATA[
@TC_31
Scenario: NS Upload:Verify Trips                                                                                          # src/test/resources/featureFiles/JE_QP_2_NSUpload.feature:575
  Given To Check NSUpload User is navigating to JetEdge URL is "https://preprod.flyjetedge.aero/NSINVOICEDEMO/login.aspx" # stepDefinition.JE_QP_2_NSUpload.user_is_navigating_to_jet_edge_Signin_url_is(java.lang.String)
Username and password entered
  When To Check NSUpload User Enter username and password are "soundharya@sankarasoftware.com" and "Soundharya@321"       # stepDefinition.JE_QP_2_NSUpload.username_and_password_are_and(java.lang.String,java.lang.String)
login button clicked
No Alert message is displayed
  And click the Signin button To Check NSUpload                                                                           # stepDefinition.JE_QP_2_NSUpload.click_the_SignIn_button()
  And Click menu button in homepage                                                                                       # stepDefinition.JE_QP_2_NSUpload.Click_menu_button_in_homepage()
  Then Click Verify Trips button in NSUpload                                                                              # stepDefinition.JE_QP_2_NSUpload.Click_Verify_Trips_button_in_NSUpload()
  And Select valid from date in verify trips                                                                              # stepDefinition.JE_QP_2_NSUpload.select_valid_from_date_in_verify_trips()
  Then Select valid to date in verify trips                                                                               # stepDefinition.JE_QP_2_NSUpload.select_valid_to_date_in_verify_trips()
  And Select valid  NS Status in verify trips                                                                             # stepDefinition.JE_QP_2_NSUpload.select_valid_ns_status_in_verify_trips()
No alert is displayed after click search button
  And Click search button in verify trips                                                                                 # stepDefinition.JE_QP_2_NSUpload.click_search_button_in_verify_trips()
  Then Click edit button in verify trips                                                                                  # stepDefinition.JE_QP_2_NSUpload.click_edit_button_in_verify_trips()
  And Click action button in verify trips                                                                                 # stepDefinition.JE_QP_2_NSUpload.click_action_button_in_verify_trips()
  Then Click verify trips in action                                                                                       # stepDefinition.JE_QP_2_NSUpload.click_verify_trips_in_action()
Radio button is already selected
  And Click no radio button in verify trip                                                                                # stepDefinition.JE_QP_2_NSUpload.click_no_radio_button_in_verify_trip()
  Then Enter valid notes in verify trip                                                                                   # stepDefinition.JE_QP_2_NSUpload.enter_valid_notes_in_verify_trip()
  And Click submit button inn verify trip                                                                                 # stepDefinition.JE_QP_2_NSUpload.click_submit_button_inn_verify_trip()
  And Click close button in verify trip                                                                                   # stepDefinition.JE_QP_2_NSUpload.Click_close_button_in_verify_trip()
Page is closed
  Then close the NSUpload Page                                                                                            # stepDefinition.JE_QP_2_NSUpload.close_the_Signin_Page()
]]></system-out>
  </testcase>
  <testcase name="NS Upload:Verify Trips #32" classname="NS UPLOAD" time="65.67">
    <system-out><![CDATA[
@TC_32
Scenario: NS Upload:Verify Trips                                                                                          # src/test/resources/featureFiles/JE_QP_2_NSUpload.feature:595
  Given To Check NSUpload User is navigating to JetEdge URL is "https://preprod.flyjetedge.aero/NSINVOICEDEMO/login.aspx" # stepDefinition.JE_QP_2_NSUpload.user_is_navigating_to_jet_edge_Signin_url_is(java.lang.String)
Username and password entered
  When To Check NSUpload User Enter username and password are "soundharya@sankarasoftware.com" and "Soundharya@321"       # stepDefinition.JE_QP_2_NSUpload.username_and_password_are_and(java.lang.String,java.lang.String)
login button clicked
No Alert message is displayed
  And click the Signin button To Check NSUpload                                                                           # stepDefinition.JE_QP_2_NSUpload.click_the_SignIn_button()
  And Click menu button in homepage                                                                                       # stepDefinition.JE_QP_2_NSUpload.Click_menu_button_in_homepage()
  Then Click Verify Trips button in NSUpload                                                                              # stepDefinition.JE_QP_2_NSUpload.Click_Verify_Trips_button_in_NSUpload()
  And Select valid from date in verify trips                                                                              # stepDefinition.JE_QP_2_NSUpload.select_valid_from_date_in_verify_trips()
  Then Select valid to date in verify trips                                                                               # stepDefinition.JE_QP_2_NSUpload.select_valid_to_date_in_verify_trips()
  And Select valid  NS Status in verify trips                                                                             # stepDefinition.JE_QP_2_NSUpload.select_valid_ns_status_in_verify_trips()
No alert is displayed after click search button
  And Click search button in verify trips                                                                                 # stepDefinition.JE_QP_2_NSUpload.click_search_button_in_verify_trips()
  Then Click edit button in verify trips                                                                                  # stepDefinition.JE_QP_2_NSUpload.click_edit_button_in_verify_trips()
  And Click action button in verify trips                                                                                 # stepDefinition.JE_QP_2_NSUpload.click_action_button_in_verify_trips()
  Then Click flight log in action                                                                                         # stepDefinition.JE_QP_2_NSUpload.click_flight_log_in_action()
  And Click close button in leg details                                                                                   # stepDefinition.JE_QP_2_NSUpload.click_close_button_in_leg_details()
Page is closed
  Then close the NSUpload Page                                                                                            # stepDefinition.JE_QP_2_NSUpload.close_the_Signin_Page()
]]></system-out>
  </testcase>
  <testcase name="NS Upload:Verify Trips #33" classname="NS UPLOAD" time="68.509">
    <system-out><![CDATA[
@TC_33
Scenario: NS Upload:Verify Trips                                                                                          # src/test/resources/featureFiles/JE_QP_2_NSUpload.feature:612
  Given To Check NSUpload User is navigating to JetEdge URL is "https://preprod.flyjetedge.aero/NSINVOICEDEMO/login.aspx" # stepDefinition.JE_QP_2_NSUpload.user_is_navigating_to_jet_edge_Signin_url_is(java.lang.String)
Username and password entered
  When To Check NSUpload User Enter username and password are "soundharya@sankarasoftware.com" and "Soundharya@321"       # stepDefinition.JE_QP_2_NSUpload.username_and_password_are_and(java.lang.String,java.lang.String)
login button clicked
No Alert message is displayed
  And click the Signin button To Check NSUpload                                                                           # stepDefinition.JE_QP_2_NSUpload.click_the_SignIn_button()
  And Click menu button in homepage                                                                                       # stepDefinition.JE_QP_2_NSUpload.Click_menu_button_in_homepage()
  Then Click Verify Trips button in NSUpload                                                                              # stepDefinition.JE_QP_2_NSUpload.Click_Verify_Trips_button_in_NSUpload()
  And Select valid from date in verify trips                                                                              # stepDefinition.JE_QP_2_NSUpload.select_valid_from_date_in_verify_trips()
  Then Select valid to date in verify trips                                                                               # stepDefinition.JE_QP_2_NSUpload.select_valid_to_date_in_verify_trips()
  And Select valid  NS Status in verify trips                                                                             # stepDefinition.JE_QP_2_NSUpload.select_valid_ns_status_in_verify_trips()
No alert is displayed after click search button
  And Click search button in verify trips                                                                                 # stepDefinition.JE_QP_2_NSUpload.click_search_button_in_verify_trips()
  Then Click edit button in verify trips                                                                                  # stepDefinition.JE_QP_2_NSUpload.click_edit_button_in_verify_trips()
  And Click action button in verify trips                                                                                 # stepDefinition.JE_QP_2_NSUpload.click_action_button_in_verify_trips()
  Then Click Invoiced in GP in action                                                                                     # stepDefinition.JE_QP_2_NSUpload.click_invoiced_in_gp_in_action()
  And Click close button in Invoiced in GP                                                                                # stepDefinition.JE_QP_2_NSUpload.click_close_button_in_invoiced_in_gp()
Page is closed
  Then close the NSUpload Page                                                                                            # stepDefinition.JE_QP_2_NSUpload.close_the_Signin_Page()
]]></system-out>
  </testcase>
  <testcase name="NS Upload:Verify Trips #34" classname="NS UPLOAD" time="72.6">
    <system-out><![CDATA[
@TC_34
Scenario: NS Upload:Verify Trips                                                                                          # src/test/resources/featureFiles/JE_QP_2_NSUpload.feature:629
  Given To Check NSUpload User is navigating to JetEdge URL is "https://preprod.flyjetedge.aero/NSINVOICEDEMO/login.aspx" # stepDefinition.JE_QP_2_NSUpload.user_is_navigating_to_jet_edge_Signin_url_is(java.lang.String)
Username and password entered
  When To Check NSUpload User Enter username and password are "soundharya@sankarasoftware.com" and "Soundharya@321"       # stepDefinition.JE_QP_2_NSUpload.username_and_password_are_and(java.lang.String,java.lang.String)
login button clicked
No Alert message is displayed
  And click the Signin button To Check NSUpload                                                                           # stepDefinition.JE_QP_2_NSUpload.click_the_SignIn_button()
  And Click menu button in homepage                                                                                       # stepDefinition.JE_QP_2_NSUpload.Click_menu_button_in_homepage()
  Then Click Verify Trips button in NSUpload                                                                              # stepDefinition.JE_QP_2_NSUpload.Click_Verify_Trips_button_in_NSUpload()
  And Select valid from date in verify trips                                                                              # stepDefinition.JE_QP_2_NSUpload.select_valid_from_date_in_verify_trips()
  Then Select valid to date in verify trips                                                                               # stepDefinition.JE_QP_2_NSUpload.select_valid_to_date_in_verify_trips()
  And Select valid  NS Status in verify trips                                                                             # stepDefinition.JE_QP_2_NSUpload.select_valid_ns_status_in_verify_trips()
No alert is displayed after click search button
  And Click search button in verify trips                                                                                 # stepDefinition.JE_QP_2_NSUpload.click_search_button_in_verify_trips()
  Then Click edit button in verify trips                                                                                  # stepDefinition.JE_QP_2_NSUpload.click_edit_button_in_verify_trips()
  And Click action button in verify trips                                                                                 # stepDefinition.JE_QP_2_NSUpload.click_action_button_in_verify_trips()
  Then Click Invoiced in GP in action                                                                                     # stepDefinition.JE_QP_2_NSUpload.click_invoiced_in_gp_in_action()
Radio button is already selected
  And Click no radio button in Invoiced in GP                                                                             # stepDefinition.JE_QP_2_NSUpload.click_no_radio_button_in_invoiced_in_gp()
  Then Enter valid notes in Invoiced in GP                                                                                # stepDefinition.JE_QP_2_NSUpload.enter_valid_notes_in_invoiced_in_gp()
  And Click submit button in Invoiced in GP                                                                               # stepDefinition.JE_QP_2_NSUpload.click_submit_button_in_invoiced_in_gp()
  And Click close button in Invoiced GP                                                                                   # stepDefinition.JE_QP_2_NSUpload.click_close_button_in_invoiced_gp()
Page is closed
  Then close the NSUpload Page                                                                                            # stepDefinition.JE_QP_2_NSUpload.close_the_Signin_Page()
]]></system-out>
  </testcase>
  <testcase name="NS Upload:Verify Trips #35" classname="NS UPLOAD" time="69.696">
    <system-out><![CDATA[
@TC_35
Scenario: NS Upload:Verify Trips                                                                                          # src/test/resources/featureFiles/JE_QP_2_NSUpload.feature:649
  Given To Check NSUpload User is navigating to JetEdge URL is "https://preprod.flyjetedge.aero/NSINVOICEDEMO/login.aspx" # stepDefinition.JE_QP_2_NSUpload.user_is_navigating_to_jet_edge_Signin_url_is(java.lang.String)
Username and password entered
  When To Check NSUpload User Enter username and password are "soundharya@sankarasoftware.com" and "Soundharya@321"       # stepDefinition.JE_QP_2_NSUpload.username_and_password_are_and(java.lang.String,java.lang.String)
login button clicked
No Alert message is displayed
  And click the Signin button To Check NSUpload                                                                           # stepDefinition.JE_QP_2_NSUpload.click_the_SignIn_button()
  And Click menu button in homepage                                                                                       # stepDefinition.JE_QP_2_NSUpload.Click_menu_button_in_homepage()
  Then Click Verify Trips button in NSUpload                                                                              # stepDefinition.JE_QP_2_NSUpload.Click_Verify_Trips_button_in_NSUpload()
  And Select valid from date in verify trips                                                                              # stepDefinition.JE_QP_2_NSUpload.select_valid_from_date_in_verify_trips()
  Then Select valid to date in verify trips                                                                               # stepDefinition.JE_QP_2_NSUpload.select_valid_to_date_in_verify_trips()
  And Select valid  NS Status in verify trips                                                                             # stepDefinition.JE_QP_2_NSUpload.select_valid_ns_status_in_verify_trips()
No alert is displayed after click search button
  And Click search button in verify trips                                                                                 # stepDefinition.JE_QP_2_NSUpload.click_search_button_in_verify_trips()
  Then Click edit button in verify trips                                                                                  # stepDefinition.JE_QP_2_NSUpload.click_edit_button_in_verify_trips()
  And Click action button in verify trips                                                                                 # stepDefinition.JE_QP_2_NSUpload.click_action_button_in_verify_trips()
  Then Click Ignore Trip in action                                                                                        # stepDefinition.JE_QP_2_NSUpload.click_ignore_trip_in_action()
  And Click close button in Ignore Trip                                                                                   # stepDefinition.JE_QP_2_NSUpload.click_close_button_in_ignore_trip()
Page is closed
  Then close the NSUpload Page                                                                                            # stepDefinition.JE_QP_2_NSUpload.close_the_Signin_Page()
]]></system-out>
  </testcase>
  <testcase name="NS Upload:Verify Trips #36" classname="NS UPLOAD" time="74.107">
    <system-out><![CDATA[
@TC_36
Scenario: NS Upload:Verify Trips                                                                                          # src/test/resources/featureFiles/JE_QP_2_NSUpload.feature:666
  Given To Check NSUpload User is navigating to JetEdge URL is "https://preprod.flyjetedge.aero/NSINVOICEDEMO/login.aspx" # stepDefinition.JE_QP_2_NSUpload.user_is_navigating_to_jet_edge_Signin_url_is(java.lang.String)
Username and password entered
  When To Check NSUpload User Enter username and password are "soundharya@sankarasoftware.com" and "Soundharya@321"       # stepDefinition.JE_QP_2_NSUpload.username_and_password_are_and(java.lang.String,java.lang.String)
login button clicked
No Alert message is displayed
  And click the Signin button To Check NSUpload                                                                           # stepDefinition.JE_QP_2_NSUpload.click_the_SignIn_button()
  And Click menu button in homepage                                                                                       # stepDefinition.JE_QP_2_NSUpload.Click_menu_button_in_homepage()
  Then Click Verify Trips button in NSUpload                                                                              # stepDefinition.JE_QP_2_NSUpload.Click_Verify_Trips_button_in_NSUpload()
  And Select valid from date in verify trips                                                                              # stepDefinition.JE_QP_2_NSUpload.select_valid_from_date_in_verify_trips()
  Then Select valid to date in verify trips                                                                               # stepDefinition.JE_QP_2_NSUpload.select_valid_to_date_in_verify_trips()
  And Select valid  NS Status in verify trips                                                                             # stepDefinition.JE_QP_2_NSUpload.select_valid_ns_status_in_verify_trips()
No alert is displayed after click search button
  And Click search button in verify trips                                                                                 # stepDefinition.JE_QP_2_NSUpload.click_search_button_in_verify_trips()
  Then Click edit button in verify trips                                                                                  # stepDefinition.JE_QP_2_NSUpload.click_edit_button_in_verify_trips()
  And Click action button in verify trips                                                                                 # stepDefinition.JE_QP_2_NSUpload.click_action_button_in_verify_trips()
  Then Click Ignore Trip in action                                                                                        # stepDefinition.JE_QP_2_NSUpload.click_ignore_trip_in_action()
Radio button is already selected
  And Click no radio button in Ignore Trip                                                                                # stepDefinition.JE_QP_2_NSUpload.click_no_radio_button_in_ignore_trip()
  Then Enter valid reson in Ignore Trip                                                                                   # stepDefinition.JE_QP_2_NSUpload.enter_valid_notes_in_ignore_trip()
  And Click submit button in Ignore Trip                                                                                  # stepDefinition.JE_QP_2_NSUpload.click_submit_button_in_ignore_trip()
  And Click close button in Ignore Trips                                                                                  # stepDefinition.JE_QP_2_NSUpload.click_close_button_in_ignore_trips()
Page is closed
  Then close the NSUpload Page                                                                                            # stepDefinition.JE_QP_2_NSUpload.close_the_Signin_Page()
]]></system-out>
  </testcase>
  <testcase name="NS Upload:Verify Trips #37" classname="NS UPLOAD" time="69.302">
    <system-out><![CDATA[
@TC_37
Scenario: NS Upload:Verify Trips                                                                                          # src/test/resources/featureFiles/JE_QP_2_NSUpload.feature:686
  Given To Check NSUpload User is navigating to JetEdge URL is "https://preprod.flyjetedge.aero/NSINVOICEDEMO/login.aspx" # stepDefinition.JE_QP_2_NSUpload.user_is_navigating_to_jet_edge_Signin_url_is(java.lang.String)
Username and password entered
  When To Check NSUpload User Enter username and password are "soundharya@sankarasoftware.com" and "Soundharya@321"       # stepDefinition.JE_QP_2_NSUpload.username_and_password_are_and(java.lang.String,java.lang.String)
login button clicked
No Alert message is displayed
  And click the Signin button To Check NSUpload                                                                           # stepDefinition.JE_QP_2_NSUpload.click_the_SignIn_button()
  And Click menu button in homepage                                                                                       # stepDefinition.JE_QP_2_NSUpload.Click_menu_button_in_homepage()
  Then Click Verify Trips button in NSUpload                                                                              # stepDefinition.JE_QP_2_NSUpload.Click_Verify_Trips_button_in_NSUpload()
  And Select valid from date in verify trips                                                                              # stepDefinition.JE_QP_2_NSUpload.select_valid_from_date_in_verify_trips()
  Then Select valid to date in verify trips                                                                               # stepDefinition.JE_QP_2_NSUpload.select_valid_to_date_in_verify_trips()
  And Select valid  NS Status in verify trips                                                                             # stepDefinition.JE_QP_2_NSUpload.select_valid_ns_status_in_verify_trips()
No alert is displayed after click search button
  And Click search button in verify trips                                                                                 # stepDefinition.JE_QP_2_NSUpload.click_search_button_in_verify_trips()
  Then Click edit button in verify trips                                                                                  # stepDefinition.JE_QP_2_NSUpload.click_edit_button_in_verify_trips()
  And Click action button in verify trips                                                                                 # stepDefinition.JE_QP_2_NSUpload.click_action_button_in_verify_trips()
  Then Click Add Line Item in action                                                                                      # stepDefinition.JE_QP_2_NSUpload.click_add_line_item_in_action()
  And Click close button in Add Line Item                                                                                 # stepDefinition.JE_QP_2_NSUpload.click_close_button_in_add_line_item()
Page is closed
  Then close the NSUpload Page                                                                                            # stepDefinition.JE_QP_2_NSUpload.close_the_Signin_Page()
]]></system-out>
  </testcase>
  <testcase name="NS Upload:Verify Trips #38" classname="NS UPLOAD" time="69.287">
    <system-out><![CDATA[
@TC_38
Scenario: NS Upload:Verify Trips                                                                                          # src/test/resources/featureFiles/JE_QP_2_NSUpload.feature:703
  Given To Check NSUpload User is navigating to JetEdge URL is "https://preprod.flyjetedge.aero/NSINVOICEDEMO/login.aspx" # stepDefinition.JE_QP_2_NSUpload.user_is_navigating_to_jet_edge_Signin_url_is(java.lang.String)
Username and password entered
  When To Check NSUpload User Enter username and password are "soundharya@sankarasoftware.com" and "Soundharya@321"       # stepDefinition.JE_QP_2_NSUpload.username_and_password_are_and(java.lang.String,java.lang.String)
login button clicked
No Alert message is displayed
  And click the Signin button To Check NSUpload                                                                           # stepDefinition.JE_QP_2_NSUpload.click_the_SignIn_button()
  And Click menu button in homepage                                                                                       # stepDefinition.JE_QP_2_NSUpload.Click_menu_button_in_homepage()
  Then Click Verify Trips button in NSUpload                                                                              # stepDefinition.JE_QP_2_NSUpload.Click_Verify_Trips_button_in_NSUpload()
  And Select valid from date in verify trips                                                                              # stepDefinition.JE_QP_2_NSUpload.select_valid_from_date_in_verify_trips()
  Then Select valid to date in verify trips                                                                               # stepDefinition.JE_QP_2_NSUpload.select_valid_to_date_in_verify_trips()
  And Select valid  NS Status in verify trips                                                                             # stepDefinition.JE_QP_2_NSUpload.select_valid_ns_status_in_verify_trips()
No alert is displayed after click search button
  And Click search button in verify trips                                                                                 # stepDefinition.JE_QP_2_NSUpload.click_search_button_in_verify_trips()
  Then Click edit button in verify trips                                                                                  # stepDefinition.JE_QP_2_NSUpload.click_edit_button_in_verify_trips()
  And Click action button in verify trips                                                                                 # stepDefinition.JE_QP_2_NSUpload.click_action_button_in_verify_trips()
  Then Click Add Line Item in action                                                                                      # stepDefinition.JE_QP_2_NSUpload.click_add_line_item_in_action()
Alert Message Displayed Like : - Item Code is required.
- Item Description is required.
- GL Code is required.
- GP Item Code is required.
- Gp Item Description is required.
- Amount is required.

  And Click save button in Add Line Item                                                                                  # stepDefinition.JE_QP_2_NSUpload.click_save_button_in_add_line_item()
Page is closed
  Then close the NSUpload Page                                                                                            # stepDefinition.JE_QP_2_NSUpload.close_the_Signin_Page()
]]></system-out>
  </testcase>
  <testcase name="NS Upload:Verify Trips #39" classname="NS UPLOAD" time="132.118">
    <error message="Expected condition failed: waiting for element to be clickable: By.id: ContentPlaceHolder1_btnClose (tried for 60 second(s) with 500 milliseconds interval)&#10;Build info: version: &apos;4.22.0&apos;, revision: &apos;c5f3146703*&apos;&#10;System info: os.name: &apos;Windows 11&apos;, os.arch: &apos;amd64&apos;, os.version: &apos;10.0&apos;, java.version: &apos;21.0.2&apos;&#10;Driver info: org.openqa.selenium.chrome.ChromeDriver&#10;Capabilities {acceptInsecureCerts: false, browserName: chrome, browserVersion: 126.0.6478.127, chrome: {chromedriverVersion: 125.0.6422.78 (14db42ec38ad..., userDataDir: C:\WINDOWS\SystemTemp\scope...}, fedcm:accounts: true, goog:chromeOptions: {debuggerAddress: localhost:49834}, networkConnectionEnabled: false, pageLoadStrategy: normal, platformName: windows, proxy: Proxy(), se:cdp: ws://localhost:49834/devtoo..., se:cdpVersion: 126.0.6478.127, setWindowRect: true, strictFileInteractability: false, timeouts: {implicit: 0, pageLoad: 300000, script: 30000}, unhandledPromptBehavior: dismiss and notify, webauthn:extension:credBlob: true, webauthn:extension:largeBlob: true, webauthn:extension:minPinLength: true, webauthn:extension:prf: true, webauthn:virtualAuthenticators: true}&#10;Session ID: 0469f66c8221ac208b86c8a748bad9b8" type="org.openqa.selenium.TimeoutException"><![CDATA[org.openqa.selenium.TimeoutException: 
Expected condition failed: waiting for element to be clickable: By.id: ContentPlaceHolder1_btnClose (tried for 60 second(s) with 500 milliseconds interval)
Build info: version: '4.22.0', revision: 'c5f3146703*'
System info: os.name: 'Windows 11', os.arch: 'amd64', os.version: '10.0', java.version: '21.0.2'
Driver info: org.openqa.selenium.chrome.ChromeDriver
Capabilities {acceptInsecureCerts: false, browserName: chrome, browserVersion: 126.0.6478.127, chrome: {chromedriverVersion: 125.0.6422.78 (14db42ec38ad..., userDataDir: C:\WINDOWS\SystemTemp\scope...}, fedcm:accounts: true, goog:chromeOptions: {debuggerAddress: localhost:49834}, networkConnectionEnabled: false, pageLoadStrategy: normal, platformName: windows, proxy: Proxy(), se:cdp: ws://localhost:49834/devtoo..., se:cdpVersion: 126.0.6478.127, setWindowRect: true, strictFileInteractability: false, timeouts: {implicit: 0, pageLoad: 300000, script: 30000}, unhandledPromptBehavior: dismiss and notify, webauthn:extension:credBlob: true, webauthn:extension:largeBlob: true, webauthn:extension:minPinLength: true, webauthn:extension:prf: true, webauthn:virtualAuthenticators: true}
Session ID: 0469f66c8221ac208b86c8a748bad9b8
	at org.openqa.selenium.support.ui.WebDriverWait.timeoutException(WebDriverWait.java:84)
	at org.openqa.selenium.support.ui.FluentWait.until(FluentWait.java:228)
	at stepDefinition.JE_QP_2_NSUpload.click_close_button_in_add_line_items(JE_QP_2_NSUpload.java:738)
	at ✽.Click close button in Add Line Items(file:///C:/Users/thirumaran/eclipse-workspace/JetEdgeNSInvoicePortal/src/test/resources/featureFiles/JE_QP_2_NSUpload.feature:738)
]]></error>
    <system-out><![CDATA[
@TC_39
Scenario: NS Upload:Verify Trips                                                                                          # src/test/resources/featureFiles/JE_QP_2_NSUpload.feature:720
  Given To Check NSUpload User is navigating to JetEdge URL is "https://preprod.flyjetedge.aero/NSINVOICEDEMO/login.aspx" # stepDefinition.JE_QP_2_NSUpload.user_is_navigating_to_jet_edge_Signin_url_is(java.lang.String)
Username and password entered
  When To Check NSUpload User Enter username and password are "soundharya@sankarasoftware.com" and "Soundharya@321"       # stepDefinition.JE_QP_2_NSUpload.username_and_password_are_and(java.lang.String,java.lang.String)
login button clicked
No Alert message is displayed
  And click the Signin button To Check NSUpload                                                                           # stepDefinition.JE_QP_2_NSUpload.click_the_SignIn_button()
  And Click menu button in homepage                                                                                       # stepDefinition.JE_QP_2_NSUpload.Click_menu_button_in_homepage()
  Then Click Verify Trips button in NSUpload                                                                              # stepDefinition.JE_QP_2_NSUpload.Click_Verify_Trips_button_in_NSUpload()
  And Select valid from date in verify trips                                                                              # stepDefinition.JE_QP_2_NSUpload.select_valid_from_date_in_verify_trips()
  Then Select valid to date in verify trips                                                                               # stepDefinition.JE_QP_2_NSUpload.select_valid_to_date_in_verify_trips()
  And Select valid  NS Status in verify trips                                                                             # stepDefinition.JE_QP_2_NSUpload.select_valid_ns_status_in_verify_trips()
No alert is displayed after click search button
  And Click search button in verify trips                                                                                 # stepDefinition.JE_QP_2_NSUpload.click_search_button_in_verify_trips()
  Then Click edit button in verify trips                                                                                  # stepDefinition.JE_QP_2_NSUpload.click_edit_button_in_verify_trips()
  And Click action button in verify trips                                                                                 # stepDefinition.JE_QP_2_NSUpload.click_action_button_in_verify_trips()
  Then Click Add Line Item in action                                                                                      # stepDefinition.JE_QP_2_NSUpload.click_add_line_item_in_action()
Radio button is not selected
  And Click radio button in Add Line Item                                                                                 # stepDefinition.JE_QP_2_NSUpload.click_radio_button_in_add_line_item()
  Then Select valid item code in Add Line Item                                                                            # stepDefinition.JE_QP_2_NSUpload.select_valid_item_code_in_add_line_item()
  And Enter valid amount in Add Line Item                                                                                 # stepDefinition.JE_QP_2_NSUpload.enter_valid_amount_in_add_line_item()
Alert Message Displayed Like : - GL Code is required.
- GP Item Code is required.
- Gp Item Description is required.

  And Click save button in Add Line Item                                                                                  # stepDefinition.JE_QP_2_NSUpload.click_save_button_in_add_line_item()
  And Click close button in Add Line Item                                                                                 # stepDefinition.JE_QP_2_NSUpload.click_close_button_in_add_line_item()
  Then Click close button in Add Line Items                                                                               # stepDefinition.JE_QP_2_NSUpload.click_close_button_in_add_line_items()
      org.openqa.selenium.TimeoutException: Expected condition failed: waiting for element to be clickable: By.id: ContentPlaceHolder1_btnClose (tried for 60 second(s) with 500 milliseconds interval)
Build info: version: '4.22.0', revision: 'c5f3146703*'
System info: os.name: 'Windows 11', os.arch: 'amd64', os.version: '10.0', java.version: '21.0.2'
Driver info: org.openqa.selenium.chrome.ChromeDriver
Capabilities {acceptInsecureCerts: false, browserName: chrome, browserVersion: 126.0.6478.127, chrome: {chromedriverVersion: 125.0.6422.78 (14db42ec38ad..., userDataDir: C:\WINDOWS\SystemTemp\scope...}, fedcm:accounts: true, goog:chromeOptions: {debuggerAddress: localhost:49834}, networkConnectionEnabled: false, pageLoadStrategy: normal, platformName: windows, proxy: Proxy(), se:cdp: ws://localhost:49834/devtoo..., se:cdpVersion: 126.0.6478.127, setWindowRect: true, strictFileInteractability: false, timeouts: {implicit: 0, pageLoad: 300000, script: 30000}, unhandledPromptBehavior: dismiss and notify, webauthn:extension:credBlob: true, webauthn:extension:largeBlob: true, webauthn:extension:minPinLength: true, webauthn:extension:prf: true, webauthn:virtualAuthenticators: true}
Session ID: 0469f66c8221ac208b86c8a748bad9b8
	at org.openqa.selenium.support.ui.WebDriverWait.timeoutException(WebDriverWait.java:84)
	at org.openqa.selenium.support.ui.FluentWait.until(FluentWait.java:228)
	at stepDefinition.JE_QP_2_NSUpload.click_close_button_in_add_line_items(JE_QP_2_NSUpload.java:738)
	at ✽.Click close button in Add Line Items(file:///C:/Users/thirumaran/eclipse-workspace/JetEdgeNSInvoicePortal/src/test/resources/featureFiles/JE_QP_2_NSUpload.feature:738)

  Then close the NSUpload Page                                                                                            # stepDefinition.JE_QP_2_NSUpload.close_the_Signin_Page()
]]></system-out>
  </testcase>
  <testcase name="NS Upload:Verify Trips #40" classname="NS UPLOAD" time="77.273">
    <system-out><![CDATA[
@TC_40
Scenario: NS Upload:Verify Trips                                                                                          # src/test/resources/featureFiles/JE_QP_2_NSUpload.feature:742
  Given To Check NSUpload User is navigating to JetEdge URL is "https://preprod.flyjetedge.aero/NSINVOICEDEMO/login.aspx" # stepDefinition.JE_QP_2_NSUpload.user_is_navigating_to_jet_edge_Signin_url_is(java.lang.String)
Username and password entered
  When To Check NSUpload User Enter username and password are "soundharya@sankarasoftware.com" and "Soundharya@321"       # stepDefinition.JE_QP_2_NSUpload.username_and_password_are_and(java.lang.String,java.lang.String)
login button clicked
No Alert message is displayed
  And click the Signin button To Check NSUpload                                                                           # stepDefinition.JE_QP_2_NSUpload.click_the_SignIn_button()
  And Click menu button in homepage                                                                                       # stepDefinition.JE_QP_2_NSUpload.Click_menu_button_in_homepage()
  Then Click Verify Trips button in NSUpload                                                                              # stepDefinition.JE_QP_2_NSUpload.Click_Verify_Trips_button_in_NSUpload()
  And Select valid from date in verify trips                                                                              # stepDefinition.JE_QP_2_NSUpload.select_valid_from_date_in_verify_trips()
  Then Select valid to date in verify trips                                                                               # stepDefinition.JE_QP_2_NSUpload.select_valid_to_date_in_verify_trips()
  And Select valid  NS Status in verify trips                                                                             # stepDefinition.JE_QP_2_NSUpload.select_valid_ns_status_in_verify_trips()
No alert is displayed after click search button
  And Click search button in verify trips                                                                                 # stepDefinition.JE_QP_2_NSUpload.click_search_button_in_verify_trips()
  Then Click edit button in verify trips                                                                                  # stepDefinition.JE_QP_2_NSUpload.click_edit_button_in_verify_trips()
  And Click action button in verify trips                                                                                 # stepDefinition.JE_QP_2_NSUpload.click_action_button_in_verify_trips()
  Then Click Audit log in action                                                                                          # stepDefinition.JE_QP_2_NSUpload.click_audit_log_in_action()
  And Click close button in Line Item Log Details                                                                         # stepDefinition.JE_QP_2_NSUpload.click_close_button_in_line_item_log_details()
Page is closed
  Then close the NSUpload Page                                                                                            # stepDefinition.JE_QP_2_NSUpload.close_the_Signin_Page()
]]></system-out>
  </testcase>
  <testcase name="NS Upload:Verify Trips #41" classname="NS UPLOAD" time="71.736">
    <system-out><![CDATA[
@TC_41
Scenario: NS Upload:Verify Trips                                                                                          # src/test/resources/featureFiles/JE_QP_2_NSUpload.feature:759
  Given To Check NSUpload User is navigating to JetEdge URL is "https://preprod.flyjetedge.aero/NSINVOICEDEMO/login.aspx" # stepDefinition.JE_QP_2_NSUpload.user_is_navigating_to_jet_edge_Signin_url_is(java.lang.String)
Username and password entered
  When To Check NSUpload User Enter username and password are "soundharya@sankarasoftware.com" and "Soundharya@321"       # stepDefinition.JE_QP_2_NSUpload.username_and_password_are_and(java.lang.String,java.lang.String)
login button clicked
No Alert message is displayed
  And click the Signin button To Check NSUpload                                                                           # stepDefinition.JE_QP_2_NSUpload.click_the_SignIn_button()
  And Click menu button in homepage                                                                                       # stepDefinition.JE_QP_2_NSUpload.Click_menu_button_in_homepage()
  Then Click Verify Trips button in NSUpload                                                                              # stepDefinition.JE_QP_2_NSUpload.Click_Verify_Trips_button_in_NSUpload()
  And Select valid from date in verify trips                                                                              # stepDefinition.JE_QP_2_NSUpload.select_valid_from_date_in_verify_trips()
  Then Select valid to date in verify trips                                                                               # stepDefinition.JE_QP_2_NSUpload.select_valid_to_date_in_verify_trips()
  And Select valid  NS Status in verify trips                                                                             # stepDefinition.JE_QP_2_NSUpload.select_valid_ns_status_in_verify_trips()
No alert is displayed after click search button
  And Click search button in verify trips                                                                                 # stepDefinition.JE_QP_2_NSUpload.click_search_button_in_verify_trips()
  Then Click edit button in verify trips                                                                                  # stepDefinition.JE_QP_2_NSUpload.click_edit_button_in_verify_trips()
  And Click action button in verify trips                                                                                 # stepDefinition.JE_QP_2_NSUpload.click_action_button_in_verify_trips()
  Then Click view list in action                                                                                          # stepDefinition.JE_QP_2_NSUpload.click_view_lsit_in_action()
Page is closed
  Then close the NSUpload Page                                                                                            # stepDefinition.JE_QP_2_NSUpload.close_the_Signin_Page()
]]></system-out>
  </testcase>
  <testcase name="NS Upload:Verify Trips #42" classname="NS UPLOAD" time="71.176">
    <system-out><![CDATA[
@TC_42
Scenario: NS Upload:Verify Trips                                                                                          # src/test/resources/featureFiles/JE_QP_2_NSUpload.feature:775
  Given To Check NSUpload User is navigating to JetEdge URL is "https://preprod.flyjetedge.aero/NSINVOICEDEMO/login.aspx" # stepDefinition.JE_QP_2_NSUpload.user_is_navigating_to_jet_edge_Signin_url_is(java.lang.String)
Username and password entered
  When To Check NSUpload User Enter username and password are "soundharya@sankarasoftware.com" and "Soundharya@321"       # stepDefinition.JE_QP_2_NSUpload.username_and_password_are_and(java.lang.String,java.lang.String)
login button clicked
No Alert message is displayed
  And click the Signin button To Check NSUpload                                                                           # stepDefinition.JE_QP_2_NSUpload.click_the_SignIn_button()
  And Click menu button in homepage                                                                                       # stepDefinition.JE_QP_2_NSUpload.Click_menu_button_in_homepage()
  Then Click Verify Trips button in NSUpload                                                                              # stepDefinition.JE_QP_2_NSUpload.Click_Verify_Trips_button_in_NSUpload()
  And Select valid from date in verify trips                                                                              # stepDefinition.JE_QP_2_NSUpload.select_valid_from_date_in_verify_trips()
  Then Select valid to date in verify trips                                                                               # stepDefinition.JE_QP_2_NSUpload.select_valid_to_date_in_verify_trips()
  And Select valid  NS Status in verify trips                                                                             # stepDefinition.JE_QP_2_NSUpload.select_valid_ns_status_in_verify_trips()
No alert is displayed after click search button
  And Click search button in verify trips                                                                                 # stepDefinition.JE_QP_2_NSUpload.click_search_button_in_verify_trips()
  Then Click edit button in verify trips                                                                                  # stepDefinition.JE_QP_2_NSUpload.click_edit_button_in_verify_trips()
  And Click back button in verify trips                                                                                   # stepDefinition.JE_QP_2_NSUpload.click_back_button_in_verify_trips()
Page is closed
  Then close the NSUpload Page                                                                                            # stepDefinition.JE_QP_2_NSUpload.close_the_Signin_Page()
]]></system-out>
  </testcase>
  <testcase name="NS Upload:Verify Trips #43" classname="NS UPLOAD" time="85.007">
    <system-out><![CDATA[
@TC_43
Scenario: NS Upload:Verify Trips                                                                                          # src/test/resources/featureFiles/JE_QP_2_NSUpload.feature:790
  Given To Check NSUpload User is navigating to JetEdge URL is "https://preprod.flyjetedge.aero/NSINVOICEDEMO/login.aspx" # stepDefinition.JE_QP_2_NSUpload.user_is_navigating_to_jet_edge_Signin_url_is(java.lang.String)
Username and password entered
  When To Check NSUpload User Enter username and password are "soundharya@sankarasoftware.com" and "Soundharya@321"       # stepDefinition.JE_QP_2_NSUpload.username_and_password_are_and(java.lang.String,java.lang.String)
login button clicked
No Alert message is displayed
  And click the Signin button To Check NSUpload                                                                           # stepDefinition.JE_QP_2_NSUpload.click_the_SignIn_button()
  And Click menu button in homepage                                                                                       # stepDefinition.JE_QP_2_NSUpload.Click_menu_button_in_homepage()
  Then Click NS Upload button in NSUpload                                                                                 # stepDefinition.JE_QP_2_NSUpload.click_ns_upload_button_in_ns_upload()
  And Select higher from date in Net Suite Upload                                                                         # stepDefinition.JE_QP_2_NSUpload.select_higher_from_date_in_net_suite_upload()
  Then Select lower to date in Net Suite Upload                                                                           # stepDefinition.JE_QP_2_NSUpload.select_lower_to_date_in_net_suite_upload()
No Alert message is displayed
  And Click search button in Net Suite Upload                                                                             # stepDefinition.JE_QP_2_NSUpload.click_search_button_in_net_suite_upload()
Page is closed
  Then close the NSUpload Page                                                                                            # stepDefinition.JE_QP_2_NSUpload.close_the_Signin_Page()
]]></system-out>
  </testcase>
  <testcase name="NS Upload:Verify Trips #44" classname="NS UPLOAD" time="83.834">
    <system-out><![CDATA[
@TC_44
Scenario: NS Upload:Verify Trips                                                                                          # src/test/resources/featureFiles/JE_QP_2_NSUpload.feature:802
  Given To Check NSUpload User is navigating to JetEdge URL is "https://preprod.flyjetedge.aero/NSINVOICEDEMO/login.aspx" # stepDefinition.JE_QP_2_NSUpload.user_is_navigating_to_jet_edge_Signin_url_is(java.lang.String)
Username and password entered
  When To Check NSUpload User Enter username and password are "soundharya@sankarasoftware.com" and "Soundharya@321"       # stepDefinition.JE_QP_2_NSUpload.username_and_password_are_and(java.lang.String,java.lang.String)
login button clicked
No Alert message is displayed
  And click the Signin button To Check NSUpload                                                                           # stepDefinition.JE_QP_2_NSUpload.click_the_SignIn_button()
  And Click menu button in homepage                                                                                       # stepDefinition.JE_QP_2_NSUpload.Click_menu_button_in_homepage()
  Then Click NS Upload button in NSUpload                                                                                 # stepDefinition.JE_QP_2_NSUpload.click_ns_upload_button_in_ns_upload()
  And Enter valid trip number in Net Suite Upload                                                                         # stepDefinition.JE_QP_2_NSUpload.enter_valid_trip_number_in_net_suite_upload()
No Alert message is displayed
  And Click search button in Net Suite Upload                                                                             # stepDefinition.JE_QP_2_NSUpload.click_search_button_in_net_suite_upload()
Page is closed
  Then close the NSUpload Page                                                                                            # stepDefinition.JE_QP_2_NSUpload.close_the_Signin_Page()
]]></system-out>
  </testcase>
  <testcase name="NS Upload:Verify Trips #45" classname="NS UPLOAD" time="103.112">
    <system-out><![CDATA[
@TC_45
Scenario: NS Upload:Verify Trips                                                                                          # src/test/resources/featureFiles/JE_QP_2_NSUpload.feature:813
  Given To Check NSUpload User is navigating to JetEdge URL is "https://preprod.flyjetedge.aero/NSINVOICEDEMO/login.aspx" # stepDefinition.JE_QP_2_NSUpload.user_is_navigating_to_jet_edge_Signin_url_is(java.lang.String)
Username and password entered
  When To Check NSUpload User Enter username and password are "soundharya@sankarasoftware.com" and "Soundharya@321"       # stepDefinition.JE_QP_2_NSUpload.username_and_password_are_and(java.lang.String,java.lang.String)
login button clicked
No Alert message is displayed
  And click the Signin button To Check NSUpload                                                                           # stepDefinition.JE_QP_2_NSUpload.click_the_SignIn_button()
  And Click menu button in homepage                                                                                       # stepDefinition.JE_QP_2_NSUpload.Click_menu_button_in_homepage()
  Then Click NS Upload button in NSUpload                                                                                 # stepDefinition.JE_QP_2_NSUpload.click_ns_upload_button_in_ns_upload()
  And Select valid NS Status in Net Suite Upload                                                                          # stepDefinition.JE_QP_2_NSUpload.select_valid_ns_status_in_net_suite_upload()
No Alert message is displayed
  And Click search button in Net Suite Upload                                                                             # stepDefinition.JE_QP_2_NSUpload.click_search_button_in_net_suite_upload()
Page is closed
  Then close the NSUpload Page                                                                                            # stepDefinition.JE_QP_2_NSUpload.close_the_Signin_Page()
]]></system-out>
  </testcase>
  <testcase name="NS Upload:Verify Trips #46" classname="NS UPLOAD" time="100.003">
    <system-out><![CDATA[
@TC_46
Scenario: NS Upload:Verify Trips                                                                                          # src/test/resources/featureFiles/JE_QP_2_NSUpload.feature:824
  Given To Check NSUpload User is navigating to JetEdge URL is "https://preprod.flyjetedge.aero/NSINVOICEDEMO/login.aspx" # stepDefinition.JE_QP_2_NSUpload.user_is_navigating_to_jet_edge_Signin_url_is(java.lang.String)
Username and password entered
  When To Check NSUpload User Enter username and password are "soundharya@sankarasoftware.com" and "Soundharya@321"       # stepDefinition.JE_QP_2_NSUpload.username_and_password_are_and(java.lang.String,java.lang.String)
login button clicked
No Alert message is displayed
  And click the Signin button To Check NSUpload                                                                           # stepDefinition.JE_QP_2_NSUpload.click_the_SignIn_button()
  And Click menu button in homepage                                                                                       # stepDefinition.JE_QP_2_NSUpload.Click_menu_button_in_homepage()
  Then Click NS Upload button in NSUpload                                                                                 # stepDefinition.JE_QP_2_NSUpload.click_ns_upload_button_in_ns_upload()
  And Select valid NS Status in Net Suite Upload                                                                          # stepDefinition.JE_QP_2_NSUpload.select_valid_ns_status_in_net_suite_upload()
No Alert message is displayed
  And Click search button in Net Suite Upload                                                                             # stepDefinition.JE_QP_2_NSUpload.click_search_button_in_net_suite_upload()
  And Click view button in trip dropdown                                                                                  # stepDefinition.JE_QP_2_NSUpload.click_view_button_in_trip_dropdown()
Page is closed
  Then close the NSUpload Page                                                                                            # stepDefinition.JE_QP_2_NSUpload.close_the_Signin_Page()
]]></system-out>
  </testcase>
  <testcase name="NS Upload:Verify Trips #47" classname="NS UPLOAD" time="114.899">
    <system-out><![CDATA[
@TC_47
Scenario: NS Upload:Verify Trips                                                                                          # src/test/resources/featureFiles/JE_QP_2_NSUpload.feature:836
  Given To Check NSUpload User is navigating to JetEdge URL is "https://preprod.flyjetedge.aero/NSINVOICEDEMO/login.aspx" # stepDefinition.JE_QP_2_NSUpload.user_is_navigating_to_jet_edge_Signin_url_is(java.lang.String)
Username and password entered
  When To Check NSUpload User Enter username and password are "soundharya@sankarasoftware.com" and "Soundharya@321"       # stepDefinition.JE_QP_2_NSUpload.username_and_password_are_and(java.lang.String,java.lang.String)
login button clicked
No Alert message is displayed
  And click the Signin button To Check NSUpload                                                                           # stepDefinition.JE_QP_2_NSUpload.click_the_SignIn_button()
  And Click menu button in homepage                                                                                       # stepDefinition.JE_QP_2_NSUpload.Click_menu_button_in_homepage()
  Then Click NS Upload button in NSUpload                                                                                 # stepDefinition.JE_QP_2_NSUpload.click_ns_upload_button_in_ns_upload()
  And Select valid NS Status in Net Suite Upload                                                                          # stepDefinition.JE_QP_2_NSUpload.select_valid_ns_status_in_net_suite_upload()
No Alert message is displayed
  And Click search button in Net Suite Upload                                                                             # stepDefinition.JE_QP_2_NSUpload.click_search_button_in_net_suite_upload()
  And Click view button in Net Suite Upload                                                                               # stepDefinition.JE_QP_2_NSUpload.click_view_button_in_net_suite_upload()
Page is closed
  Then close the NSUpload Page                                                                                            # stepDefinition.JE_QP_2_NSUpload.close_the_Signin_Page()
]]></system-out>
  </testcase>
  <testcase name="NS Upload:Verify Trips #48" classname="NS UPLOAD" time="132.487">
    <system-out><![CDATA[
@TC_48
Scenario: NS Upload:Verify Trips                                                                                          # src/test/resources/featureFiles/JE_QP_2_NSUpload.feature:848
  Given To Check NSUpload User is navigating to JetEdge URL is "https://preprod.flyjetedge.aero/NSINVOICEDEMO/login.aspx" # stepDefinition.JE_QP_2_NSUpload.user_is_navigating_to_jet_edge_Signin_url_is(java.lang.String)
Username and password entered
  When To Check NSUpload User Enter username and password are "soundharya@sankarasoftware.com" and "Soundharya@321"       # stepDefinition.JE_QP_2_NSUpload.username_and_password_are_and(java.lang.String,java.lang.String)
login button clicked
No Alert message is displayed
  And click the Signin button To Check NSUpload                                                                           # stepDefinition.JE_QP_2_NSUpload.click_the_SignIn_button()
  And Click menu button in homepage                                                                                       # stepDefinition.JE_QP_2_NSUpload.Click_menu_button_in_homepage()
  Then Click NS Upload button in NSUpload                                                                                 # stepDefinition.JE_QP_2_NSUpload.click_ns_upload_button_in_ns_upload()
  And Select valid NS Status in Net Suite Upload                                                                          # stepDefinition.JE_QP_2_NSUpload.select_valid_ns_status_in_net_suite_upload()
No Alert message is displayed
  And Click search button in Net Suite Upload                                                                             # stepDefinition.JE_QP_2_NSUpload.click_search_button_in_net_suite_upload()
  And Click view button in Net Suite Upload                                                                               # stepDefinition.JE_QP_2_NSUpload.click_view_button_in_net_suite_upload()
  Then Click step1 button in Net Suite Upload                                                                             # stepDefinition.JE_QP_2_NSUpload.click_step1_button_in_net_suite_upload()
  And Click go to next step button in step1                                                                               # stepDefinition.JE_QP_2_NSUpload.click_go_to_next_step_button_in_step1()
Page is closed
  Then close the NSUpload Page                                                                                            # stepDefinition.JE_QP_2_NSUpload.close_the_Signin_Page()
]]></system-out>
  </testcase>
  <testcase name="NS Upload:Verify Trips #49" classname="NS UPLOAD" time="126.397">
    <system-out><![CDATA[
@TC_49
Scenario: NS Upload:Verify Trips                                                                                          # src/test/resources/featureFiles/JE_QP_2_NSUpload.feature:862
  Given To Check NSUpload User is navigating to JetEdge URL is "https://preprod.flyjetedge.aero/NSINVOICEDEMO/login.aspx" # stepDefinition.JE_QP_2_NSUpload.user_is_navigating_to_jet_edge_Signin_url_is(java.lang.String)
Username and password entered
  When To Check NSUpload User Enter username and password are "soundharya@sankarasoftware.com" and "Soundharya@321"       # stepDefinition.JE_QP_2_NSUpload.username_and_password_are_and(java.lang.String,java.lang.String)
login button clicked
No Alert message is displayed
  And click the Signin button To Check NSUpload                                                                           # stepDefinition.JE_QP_2_NSUpload.click_the_SignIn_button()
  And Click menu button in homepage                                                                                       # stepDefinition.JE_QP_2_NSUpload.Click_menu_button_in_homepage()
  Then Click NS Upload button in NSUpload                                                                                 # stepDefinition.JE_QP_2_NSUpload.click_ns_upload_button_in_ns_upload()
  And Select valid NS Status in Net Suite Upload                                                                          # stepDefinition.JE_QP_2_NSUpload.select_valid_ns_status_in_net_suite_upload()
No Alert message is displayed
  And Click search button in Net Suite Upload                                                                             # stepDefinition.JE_QP_2_NSUpload.click_search_button_in_net_suite_upload()
  And Click view button in Net Suite Upload                                                                               # stepDefinition.JE_QP_2_NSUpload.click_view_button_in_net_suite_upload()
  Then Click step2 button in Net Suite Upload                                                                             # stepDefinition.JE_QP_2_NSUpload.click_step2_button_in_net_suite_upload()
Radio button is already selected
  And Click yes radio button in step2                                                                                     # stepDefinition.JE_QP_2_NSUpload.click_yes_radio_button_in_step2()
  Then Enter valid notes in step2                                                                                         # stepDefinition.JE_QP_2_NSUpload.enter_valid_notes_in_step2()
  And Click go to next step button in step2                                                                               # stepDefinition.JE_QP_2_NSUpload.click_go_to_next_step_button_in_step2()
Page is closed
  Then close the NSUpload Page                                                                                            # stepDefinition.JE_QP_2_NSUpload.close_the_Signin_Page()
]]></system-out>
  </testcase>
  <testcase name="NS Upload:Verify Trips #50" classname="NS UPLOAD" time="121.841">
    <system-out><![CDATA[
@TC_50
Scenario: NS Upload:Verify Trips                                                                                          # src/test/resources/featureFiles/JE_QP_2_NSUpload.feature:878
  Given To Check NSUpload User is navigating to JetEdge URL is "https://preprod.flyjetedge.aero/NSINVOICEDEMO/login.aspx" # stepDefinition.JE_QP_2_NSUpload.user_is_navigating_to_jet_edge_Signin_url_is(java.lang.String)
Username and password entered
  When To Check NSUpload User Enter username and password are "soundharya@sankarasoftware.com" and "Soundharya@321"       # stepDefinition.JE_QP_2_NSUpload.username_and_password_are_and(java.lang.String,java.lang.String)
login button clicked
No Alert message is displayed
  And click the Signin button To Check NSUpload                                                                           # stepDefinition.JE_QP_2_NSUpload.click_the_SignIn_button()
  And Click menu button in homepage                                                                                       # stepDefinition.JE_QP_2_NSUpload.Click_menu_button_in_homepage()
  Then Click NS Upload button in NSUpload                                                                                 # stepDefinition.JE_QP_2_NSUpload.click_ns_upload_button_in_ns_upload()
  And Select valid NS Status in Net Suite Upload                                                                          # stepDefinition.JE_QP_2_NSUpload.select_valid_ns_status_in_net_suite_upload()
No Alert message is displayed
  And Click search button in Net Suite Upload                                                                             # stepDefinition.JE_QP_2_NSUpload.click_search_button_in_net_suite_upload()
  And Click view button in Net Suite Upload                                                                               # stepDefinition.JE_QP_2_NSUpload.click_view_button_in_net_suite_upload()
  Then Click step3 button in Net Suite Upload                                                                             # stepDefinition.JE_QP_2_NSUpload.click_step3_button_in_net_suite_upload()
Radio button is not selected
  And Click yes radio button in step3                                                                                     # stepDefinition.JE_QP_2_NSUpload.click_yes_radio_button_in_step3()
  Then Enter valid notes in step3                                                                                         # stepDefinition.JE_QP_2_NSUpload.enter_valid_notes_in_step3()
  And Click unlock batch button in step3                                                                                  # stepDefinition.JE_QP_2_NSUpload.click_unlock_batch_button_in_step3()
Page is closed
  Then close the NSUpload Page                                                                                            # stepDefinition.JE_QP_2_NSUpload.close_the_Signin_Page()
]]></system-out>
  </testcase>
  <testcase name="NS Upload:Verify Trips #51" classname="NS UPLOAD" time="116.327">
    <system-out><![CDATA[
@TC_51
Scenario: NS Upload:Verify Trips                                                                                          # src/test/resources/featureFiles/JE_QP_2_NSUpload.feature:894
  Given To Check NSUpload User is navigating to JetEdge URL is "https://preprod.flyjetedge.aero/NSINVOICEDEMO/login.aspx" # stepDefinition.JE_QP_2_NSUpload.user_is_navigating_to_jet_edge_Signin_url_is(java.lang.String)
Username and password entered
  When To Check NSUpload User Enter username and password are "soundharya@sankarasoftware.com" and "Soundharya@321"       # stepDefinition.JE_QP_2_NSUpload.username_and_password_are_and(java.lang.String,java.lang.String)
login button clicked
No Alert message is displayed
  And click the Signin button To Check NSUpload                                                                           # stepDefinition.JE_QP_2_NSUpload.click_the_SignIn_button()
  And Click menu button in homepage                                                                                       # stepDefinition.JE_QP_2_NSUpload.Click_menu_button_in_homepage()
  Then Click NS Upload button in NSUpload                                                                                 # stepDefinition.JE_QP_2_NSUpload.click_ns_upload_button_in_ns_upload()
  And Select valid NS Status in Net Suite Upload                                                                          # stepDefinition.JE_QP_2_NSUpload.select_valid_ns_status_in_net_suite_upload()
No Alert message is displayed
  And Click search button in Net Suite Upload                                                                             # stepDefinition.JE_QP_2_NSUpload.click_search_button_in_net_suite_upload()
  And Click view button in Net Suite Upload                                                                               # stepDefinition.JE_QP_2_NSUpload.click_view_button_in_net_suite_upload()
  Then Click step3 button in Net Suite Upload                                                                             # stepDefinition.JE_QP_2_NSUpload.click_step3_button_in_net_suite_upload()
  And Click lock batch button in step3                                                                                    # stepDefinition.JE_QP_2_NSUpload.click_lock_batch_button_in_step3()
  Then Click close button in step3                                                                                        # stepDefinition.JE_QP_2_NSUpload.click_close_button_in_step3()
Page is closed
  Then close the NSUpload Page                                                                                            # stepDefinition.JE_QP_2_NSUpload.close_the_Signin_Page()
]]></system-out>
  </testcase>
  <testcase name="NS Upload:Verify Trips #52" classname="NS UPLOAD" time="129.248">
    <system-out><![CDATA[
@TC_53
Scenario: NS Upload:Verify Trips                                                                                          # src/test/resources/featureFiles/JE_QP_2_NSUpload.feature:909
  Given To Check NSUpload User is navigating to JetEdge URL is "https://preprod.flyjetedge.aero/NSINVOICEDEMO/login.aspx" # stepDefinition.JE_QP_2_NSUpload.user_is_navigating_to_jet_edge_Signin_url_is(java.lang.String)
Username and password entered
  When To Check NSUpload User Enter username and password are "soundharya@sankarasoftware.com" and "Soundharya@321"       # stepDefinition.JE_QP_2_NSUpload.username_and_password_are_and(java.lang.String,java.lang.String)
login button clicked
No Alert message is displayed
  And click the Signin button To Check NSUpload                                                                           # stepDefinition.JE_QP_2_NSUpload.click_the_SignIn_button()
  And Click menu button in homepage                                                                                       # stepDefinition.JE_QP_2_NSUpload.Click_menu_button_in_homepage()
  Then Click NS Upload button in NSUpload                                                                                 # stepDefinition.JE_QP_2_NSUpload.click_ns_upload_button_in_ns_upload()
  And Select valid NS Status in Net Suite Upload                                                                          # stepDefinition.JE_QP_2_NSUpload.select_valid_ns_status_in_net_suite_upload()
No Alert message is displayed
  And Click search button in Net Suite Upload                                                                             # stepDefinition.JE_QP_2_NSUpload.click_search_button_in_net_suite_upload()
  And Click view button in Net Suite Upload                                                                               # stepDefinition.JE_QP_2_NSUpload.click_view_button_in_net_suite_upload()
  Then Click step3 button in Net Suite Upload                                                                             # stepDefinition.JE_QP_2_NSUpload.click_step3_button_in_net_suite_upload()
  And Click lock batch button in step3                                                                                    # stepDefinition.JE_QP_2_NSUpload.click_lock_batch_button_in_step3()
  Then Click close button in step3                                                                                        # stepDefinition.JE_QP_2_NSUpload.click_close_button_in_step3()
Radio button is not selected
  And Click yes radio button in step3                                                                                     # stepDefinition.JE_QP_2_NSUpload.click_yes_radio_button_in_step3()
  And Click lock batch button in step3                                                                                    # stepDefinition.JE_QP_2_NSUpload.click_lock_batch_button_in_step3()
  Then Click close button in step3                                                                                        # stepDefinition.JE_QP_2_NSUpload.click_close_button_in_step3()
Page is closed
  Then close the NSUpload Page                                                                                            # stepDefinition.JE_QP_2_NSUpload.close_the_Signin_Page()
]]></system-out>
  </testcase>
  <testcase name="NS Upload:Verify Trips #53" classname="NS UPLOAD" time="154.249">
    <system-out><![CDATA[
@TC_54
Scenario: NS Upload:Verify Trips                                                                                          # src/test/resources/featureFiles/JE_QP_2_NSUpload.feature:927
  Given To Check NSUpload User is navigating to JetEdge URL is "https://preprod.flyjetedge.aero/NSINVOICEDEMO/login.aspx" # stepDefinition.JE_QP_2_NSUpload.user_is_navigating_to_jet_edge_Signin_url_is(java.lang.String)
Username and password entered
  When To Check NSUpload User Enter username and password are "soundharya@sankarasoftware.com" and "Soundharya@321"       # stepDefinition.JE_QP_2_NSUpload.username_and_password_are_and(java.lang.String,java.lang.String)
login button clicked
No Alert message is displayed
  And click the Signin button To Check NSUpload                                                                           # stepDefinition.JE_QP_2_NSUpload.click_the_SignIn_button()
  And Click menu button in homepage                                                                                       # stepDefinition.JE_QP_2_NSUpload.Click_menu_button_in_homepage()
  Then Click NS Upload button in NSUpload                                                                                 # stepDefinition.JE_QP_2_NSUpload.click_ns_upload_button_in_ns_upload()
  And Select valid NS Status in Net Suite Upload                                                                          # stepDefinition.JE_QP_2_NSUpload.select_valid_ns_status_in_net_suite_upload()
No Alert message is displayed
  And Click search button in Net Suite Upload                                                                             # stepDefinition.JE_QP_2_NSUpload.click_search_button_in_net_suite_upload()
  And Click view button in Net Suite Upload                                                                               # stepDefinition.JE_QP_2_NSUpload.click_view_button_in_net_suite_upload()
  Then Click back button in Net Suite Upload                                                                              # stepDefinition.JE_QP_2_NSUpload.click_back_button_in_net_suite_upload()
Page is closed
  Then close the NSUpload Page                                                                                            # stepDefinition.JE_QP_2_NSUpload.close_the_Signin_Page()
]]></system-out>
  </testcase>
</testsuite>