<?xml version="1.0" encoding="UTF-8"?>
<testsuite xmlns:xsi="http://www.w3.org/2001/XMLSchema-instance" xsi:noNamespaceSchemaLocation="https://maven.apache.org/surefire/maven-surefire-plugin/xsd/surefire-test-report.xsd" version="3.0.1" name="runnerClass.JE_QP_1_SignInRunnerTest" time="173.158" tests="8" errors="0" skipped="0" failures="0">
  <properties>
    <property name="java.specification.version" value="21"/>
    <property name="webdriver.chrome.driver" value=".\Driver\chromedriver.exe"/>
    <property name="sun.cpu.isalist" value="amd64"/>
    <property name="sun.jnu.encoding" value="Cp1252"/>
    <property name="java.class.path" value="C:\Users\thirumaran\eclipse-workspace\JetEdgeNSInvoicePortal\target\test-classes;C:\Users\thirumaran\eclipse-workspace\JetEdgeNSInvoicePortal\target\classes;C:\WINDOWS\system32\config\systemprofile\.m2\repository\io\cucumber\cucumber-java\7.18.0\cucumber-java-7.18.0.jar;C:\WINDOWS\system32\config\systemprofile\.m2\repository\org\apiguardian\apiguardian-api\1.1.2\apiguardian-api-1.1.2.jar;C:\WINDOWS\system32\config\systemprofile\.m2\repository\io\cucumber\cucumber-junit\7.18.0\cucumber-junit-7.18.0.jar;C:\WINDOWS\system32\config\systemprofile\.m2\repository\io\cucumber\cucumber-core\7.18.0\cucumber-core-7.18.0.jar;C:\WINDOWS\system32\config\systemprofile\.m2\repository\io\cucumber\cucumber-gherkin\7.18.0\cucumber-gherkin-7.18.0.jar;C:\WINDOWS\system32\config\systemprofile\.m2\repository\io\cucumber\cucumber-gherkin-messages\7.18.0\cucumber-gherkin-messages-7.18.0.jar;C:\WINDOWS\system32\config\systemprofile\.m2\repository\io\cucumber\gherkin\28.0.0\gherkin-28.0.0.jar;C:\WINDOWS\system32\config\systemprofile\.m2\repository\io\cucumber\messages\24.1.0\messages-24.1.0.jar;C:\WINDOWS\system32\config\systemprofile\.m2\repository\io\cucumber\testng-xml-formatter\0.1.0\testng-xml-formatter-0.1.0.jar;C:\WINDOWS\system32\config\systemprofile\.m2\repository\io\cucumber\query\12.2.0\query-12.2.0.jar;C:\WINDOWS\system32\config\systemprofile\.m2\repository\io\cucumber\tag-expressions\6.1.0\tag-expressions-6.1.0.jar;C:\WINDOWS\system32\config\systemprofile\.m2\repository\io\cucumber\cucumber-expressions\17.1.0\cucumber-expressions-17.1.0.jar;C:\WINDOWS\system32\config\systemprofile\.m2\repository\io\cucumber\datatable\7.18.0\datatable-7.18.0.jar;C:\WINDOWS\system32\config\systemprofile\.m2\repository\io\cucumber\cucumber-plugin\7.18.0\cucumber-plugin-7.18.0.jar;C:\WINDOWS\system32\config\systemprofile\.m2\repository\io\cucumber\docstring\7.18.0\docstring-7.18.0.jar;C:\WINDOWS\system32\config\systemprofile\.m2\repository\io\cucumber\html-formatter\21.3.1\html-formatter-21.3.1.jar;C:\WINDOWS\system32\config\systemprofile\.m2\repository\io\cucumber\junit-xml-formatter\0.4.0\junit-xml-formatter-0.4.0.jar;C:\WINDOWS\system32\config\systemprofile\.m2\repository\io\cucumber\ci-environment\10.0.1\ci-environment-10.0.1.jar;C:\WINDOWS\system32\config\systemprofile\.m2\repository\io\github\bonigarcia\webdrivermanager\5.9.1\webdrivermanager-5.9.1.jar;C:\WINDOWS\system32\config\systemprofile\.m2\repository\org\slf4j\slf4j-api\2.0.13\slf4j-api-2.0.13.jar;C:\WINDOWS\system32\config\systemprofile\.m2\repository\com\google\code\gson\gson\2.11.0\gson-2.11.0.jar;C:\WINDOWS\system32\config\systemprofile\.m2\repository\com\google\errorprone\error_prone_annotations\2.27.0\error_prone_annotations-2.27.0.jar;C:\WINDOWS\system32\config\systemprofile\.m2\repository\com\github\docker-java\docker-java\3.3.6\docker-java-3.3.6.jar;C:\WINDOWS\system32\config\systemprofile\.m2\repository\com\github\docker-java\docker-java-core\3.3.6\docker-java-core-3.3.6.jar;C:\WINDOWS\system32\config\systemprofile\.m2\repository\com\github\docker-java\docker-java-api\3.3.6\docker-java-api-3.3.6.jar;C:\WINDOWS\system32\config\systemprofile\.m2\repository\com\fasterxml\jackson\core\jackson-annotations\2.10.3\jackson-annotations-2.10.3.jar;C:\WINDOWS\system32\config\systemprofile\.m2\repository\com\fasterxml\jackson\core\jackson-databind\2.10.3\jackson-databind-2.10.3.jar;C:\WINDOWS\system32\config\systemprofile\.m2\repository\com\fasterxml\jackson\core\jackson-core\2.10.3\jackson-core-2.10.3.jar;C:\WINDOWS\system32\config\systemprofile\.m2\repository\org\slf4j\jcl-over-slf4j\1.7.30\jcl-over-slf4j-1.7.30.jar;C:\WINDOWS\system32\config\systemprofile\.m2\repository\com\github\docker-java\docker-java-transport-httpclient5\3.3.6\docker-java-transport-httpclient5-3.3.6.jar;C:\WINDOWS\system32\config\systemprofile\.m2\repository\com\github\docker-java\docker-java-transport\3.3.6\docker-java-transport-3.3.6.jar;C:\WINDOWS\system32\config\systemprofile\.m2\repository\net\java\dev\jna\jna\5.13.0\jna-5.13.0.jar;C:\WINDOWS\system32\config\systemprofile\.m2\repository\org\brotli\dec\0.1.2\dec-0.1.2.jar;C:\WINDOWS\system32\config\systemprofile\.m2\repository\org\apache\commons\commons-lang3\3.14.0\commons-lang3-3.14.0.jar;C:\WINDOWS\system32\config\systemprofile\.m2\repository\org\apache\commons\commons-compress\1.26.2\commons-compress-1.26.2.jar;C:\WINDOWS\system32\config\systemprofile\.m2\repository\org\apache\httpcomponents\client5\httpclient5\5.2.1\httpclient5-5.2.1.jar;C:\WINDOWS\system32\config\systemprofile\.m2\repository\org\apache\httpcomponents\core5\httpcore5\5.2\httpcore5-5.2.jar;C:\WINDOWS\system32\config\systemprofile\.m2\repository\org\apache\httpcomponents\core5\httpcore5-h2\5.2\httpcore5-h2-5.2.jar;C:\WINDOWS\system32\config\systemprofile\.m2\repository\org\seleniumhq\selenium\selenium-java\4.22.0\selenium-java-4.22.0.jar;C:\WINDOWS\system32\config\systemprofile\.m2\repository\org\seleniumhq\selenium\selenium-api\4.22.0\selenium-api-4.22.0.jar;C:\WINDOWS\system32\config\systemprofile\.m2\repository\org\seleniumhq\selenium\selenium-chrome-driver\4.22.0\selenium-chrome-driver-4.22.0.jar;C:\WINDOWS\system32\config\systemprofile\.m2\repository\com\google\auto\service\auto-service-annotations\1.1.1\auto-service-annotations-1.1.1.jar;C:\WINDOWS\system32\config\systemprofile\.m2\repository\org\seleniumhq\selenium\selenium-chromium-driver\4.22.0\selenium-chromium-driver-4.22.0.jar;C:\WINDOWS\system32\config\systemprofile\.m2\repository\org\seleniumhq\selenium\selenium-json\4.22.0\selenium-json-4.22.0.jar;C:\WINDOWS\system32\config\systemprofile\.m2\repository\org\seleniumhq\selenium\selenium-manager\4.22.0\selenium-manager-4.22.0.jar;C:\WINDOWS\system32\config\systemprofile\.m2\repository\org\seleniumhq\selenium\selenium-devtools-v124\4.22.0\selenium-devtools-v124-4.22.0.jar;C:\WINDOWS\system32\config\systemprofile\.m2\repository\org\seleniumhq\selenium\selenium-devtools-v125\4.22.0\selenium-devtools-v125-4.22.0.jar;C:\WINDOWS\system32\config\systemprofile\.m2\repository\org\seleniumhq\selenium\selenium-devtools-v126\4.22.0\selenium-devtools-v126-4.22.0.jar;C:\WINDOWS\system32\config\systemprofile\.m2\repository\org\seleniumhq\selenium\selenium-devtools-v85\4.22.0\selenium-devtools-v85-4.22.0.jar;C:\WINDOWS\system32\config\systemprofile\.m2\repository\org\seleniumhq\selenium\selenium-edge-driver\4.22.0\selenium-edge-driver-4.22.0.jar;C:\WINDOWS\system32\config\systemprofile\.m2\repository\org\seleniumhq\selenium\selenium-firefox-driver\4.22.0\selenium-firefox-driver-4.22.0.jar;C:\WINDOWS\system32\config\systemprofile\.m2\repository\org\seleniumhq\selenium\selenium-http\4.22.0\selenium-http-4.22.0.jar;C:\WINDOWS\system32\config\systemprofile\.m2\repository\dev\failsafe\failsafe\3.3.2\failsafe-3.3.2.jar;C:\WINDOWS\system32\config\systemprofile\.m2\repository\org\seleniumhq\selenium\selenium-ie-driver\4.22.0\selenium-ie-driver-4.22.0.jar;C:\WINDOWS\system32\config\systemprofile\.m2\repository\org\seleniumhq\selenium\selenium-remote-driver\4.22.0\selenium-remote-driver-4.22.0.jar;C:\WINDOWS\system32\config\systemprofile\.m2\repository\com\google\guava\guava\33.2.1-jre\guava-33.2.1-jre.jar;C:\WINDOWS\system32\config\systemprofile\.m2\repository\com\google\guava\failureaccess\1.0.2\failureaccess-1.0.2.jar;C:\WINDOWS\system32\config\systemprofile\.m2\repository\com\google\guava\listenablefuture\9999.0-empty-to-avoid-conflict-with-guava\listenablefuture-9999.0-empty-to-avoid-conflict-with-guava.jar;C:\WINDOWS\system32\config\systemprofile\.m2\repository\com\google\code\findbugs\jsr305\3.0.2\jsr305-3.0.2.jar;C:\WINDOWS\system32\config\systemprofile\.m2\repository\org\checkerframework\checker-qual\3.42.0\checker-qual-3.42.0.jar;C:\WINDOWS\system32\config\systemprofile\.m2\repository\com\google\j2objc\j2objc-annotations\3.0.0\j2objc-annotations-3.0.0.jar;C:\WINDOWS\system32\config\systemprofile\.m2\repository\io\opentelemetry\semconv\opentelemetry-semconv\1.25.0-alpha\opentelemetry-semconv-1.25.0-alpha.jar;C:\WINDOWS\system32\config\systemprofile\.m2\repository\io\opentelemetry\opentelemetry-api\1.39.0\opentelemetry-api-1.39.0.jar;C:\WINDOWS\system32\config\systemprofile\.m2\repository\io\opentelemetry\opentelemetry-context\1.39.0\opentelemetry-context-1.39.0.jar;C:\WINDOWS\system32\config\systemprofile\.m2\repository\io\opentelemetry\opentelemetry-exporter-logging\1.39.0\opentelemetry-exporter-logging-1.39.0.jar;C:\WINDOWS\system32\config\systemprofile\.m2\repository\io\opentelemetry\opentelemetry-sdk-common\1.39.0\opentelemetry-sdk-common-1.39.0.jar;C:\WINDOWS\system32\config\systemprofile\.m2\repository\io\opentelemetry\opentelemetry-sdk-extension-autoconfigure-spi\1.39.0\opentelemetry-sdk-extension-autoconfigure-spi-1.39.0.jar;C:\WINDOWS\system32\config\systemprofile\.m2\repository\io\opentelemetry\opentelemetry-sdk-extension-autoconfigure\1.39.0\opentelemetry-sdk-extension-autoconfigure-1.39.0.jar;C:\WINDOWS\system32\config\systemprofile\.m2\repository\io\opentelemetry\opentelemetry-api-incubator\1.39.0-alpha\opentelemetry-api-incubator-1.39.0-alpha.jar;C:\WINDOWS\system32\config\systemprofile\.m2\repository\io\opentelemetry\opentelemetry-sdk-trace\1.39.0\opentelemetry-sdk-trace-1.39.0.jar;C:\WINDOWS\system32\config\systemprofile\.m2\repository\io\opentelemetry\opentelemetry-sdk\1.39.0\opentelemetry-sdk-1.39.0.jar;C:\WINDOWS\system32\config\systemprofile\.m2\repository\io\opentelemetry\opentelemetry-sdk-metrics\1.39.0\opentelemetry-sdk-metrics-1.39.0.jar;C:\WINDOWS\system32\config\systemprofile\.m2\repository\io\opentelemetry\opentelemetry-sdk-logs\1.39.0\opentelemetry-sdk-logs-1.39.0.jar;C:\WINDOWS\system32\config\systemprofile\.m2\repository\net\bytebuddy\byte-buddy\1.14.17\byte-buddy-1.14.17.jar;C:\WINDOWS\system32\config\systemprofile\.m2\repository\org\seleniumhq\selenium\selenium-os\4.22.0\selenium-os-4.22.0.jar;C:\WINDOWS\system32\config\systemprofile\.m2\repository\org\apache\commons\commons-exec\1.4.0\commons-exec-1.4.0.jar;C:\WINDOWS\system32\config\systemprofile\.m2\repository\org\seleniumhq\selenium\selenium-safari-driver\4.22.0\selenium-safari-driver-4.22.0.jar;C:\WINDOWS\system32\config\systemprofile\.m2\repository\org\seleniumhq\selenium\selenium-support\4.22.0\selenium-support-4.22.0.jar;C:\WINDOWS\system32\config\systemprofile\.m2\repository\junit\junit\4.13.2\junit-4.13.2.jar;C:\WINDOWS\system32\config\systemprofile\.m2\repository\org\hamcrest\hamcrest-core\1.3\hamcrest-core-1.3.jar;C:\WINDOWS\system32\config\systemprofile\.m2\repository\org\junit\jupiter\junit-jupiter-engine\5.10.3\junit-jupiter-engine-5.10.3.jar;C:\WINDOWS\system32\config\systemprofile\.m2\repository\org\junit\platform\junit-platform-engine\1.10.3\junit-platform-engine-1.10.3.jar;C:\WINDOWS\system32\config\systemprofile\.m2\repository\org\opentest4j\opentest4j\1.3.0\opentest4j-1.3.0.jar;C:\WINDOWS\system32\config\systemprofile\.m2\repository\org\junit\platform\junit-platform-commons\1.10.3\junit-platform-commons-1.10.3.jar;C:\WINDOWS\system32\config\systemprofile\.m2\repository\org\junit\jupiter\junit-jupiter-api\5.10.3\junit-jupiter-api-5.10.3.jar;C:\WINDOWS\system32\config\systemprofile\.m2\repository\io\cucumber\cucumber-testng\7.18.0\cucumber-testng-7.18.0.jar;C:\WINDOWS\system32\config\systemprofile\.m2\repository\org\apache\poi\poi\5.3.0\poi-5.3.0.jar;C:\WINDOWS\system32\config\systemprofile\.m2\repository\commons-codec\commons-codec\1.17.0\commons-codec-1.17.0.jar;C:\WINDOWS\system32\config\systemprofile\.m2\repository\org\apache\commons\commons-collections4\4.4\commons-collections4-4.4.jar;C:\WINDOWS\system32\config\systemprofile\.m2\repository\org\apache\commons\commons-math3\3.6.1\commons-math3-3.6.1.jar;C:\WINDOWS\system32\config\systemprofile\.m2\repository\commons-io\commons-io\2.16.1\commons-io-2.16.1.jar;C:\WINDOWS\system32\config\systemprofile\.m2\repository\com\zaxxer\SparseBitSet\1.3\SparseBitSet-1.3.jar;C:\WINDOWS\system32\config\systemprofile\.m2\repository\org\apache\logging\log4j\log4j-api\2.23.1\log4j-api-2.23.1.jar;C:\WINDOWS\system32\config\systemprofile\.m2\repository\org\apache\poi\poi-ooxml\5.3.0\poi-ooxml-5.3.0.jar;C:\WINDOWS\system32\config\systemprofile\.m2\repository\org\apache\poi\poi-ooxml-lite\5.3.0\poi-ooxml-lite-5.3.0.jar;C:\WINDOWS\system32\config\systemprofile\.m2\repository\org\apache\xmlbeans\xmlbeans\5.2.1\xmlbeans-5.2.1.jar;C:\WINDOWS\system32\config\systemprofile\.m2\repository\com\github\virtuald\curvesapi\1.08\curvesapi-1.08.jar;C:\WINDOWS\system32\config\systemprofile\.m2\repository\org\junit\vintage\junit-vintage-engine\5.10.3\junit-vintage-engine-5.10.3.jar;C:\WINDOWS\system32\config\systemprofile\.m2\repository\org\testng\testng\7.10.2\testng-7.10.2.jar;C:\WINDOWS\system32\config\systemprofile\.m2\repository\com\beust\jcommander\1.82\jcommander-1.82.jar;C:\WINDOWS\system32\config\systemprofile\.m2\repository\org\webjars\jquery\3.7.1\jquery-3.7.1.jar;C:\WINDOWS\system32\config\systemprofile\.m2\repository\tech\grasshopper\extentreports-cucumber7-adapter\1.14.0\extentreports-cucumber7-adapter-1.14.0.jar;C:\WINDOWS\system32\config\systemprofile\.m2\repository\com\aventstack\extentreports\5.1.0\extentreports-5.1.0.jar;C:\WINDOWS\system32\config\systemprofile\.m2\repository\io\reactivex\rxjava3\rxjava\3.1.6\rxjava-3.1.6.jar;C:\WINDOWS\system32\config\systemprofile\.m2\repository\org\reactivestreams\reactive-streams\1.0.4\reactive-streams-1.0.4.jar;C:\WINDOWS\system32\config\systemprofile\.m2\repository\org\freemarker\freemarker\2.3.32\freemarker-2.3.32.jar;C:\WINDOWS\system32\config\systemprofile\.m2\repository\org\projectlombok\lombok\1.18.26\lombok-1.18.26.jar;C:\WINDOWS\system32\config\systemprofile\.m2\repository\tech\grasshopper\extent-pdf-report\2.12.0\extent-pdf-report-2.12.0.jar;C:\WINDOWS\system32\config\systemprofile\.m2\repository\tech\grasshopper\cucumber-pdf-report\2.14.0\cucumber-pdf-report-2.14.0.jar;C:\WINDOWS\system32\config\systemprofile\.m2\repository\org\apache\pdfbox\pdfbox\2.0.26\pdfbox-2.0.26.jar;C:\WINDOWS\system32\config\systemprofile\.m2\repository\org\apache\pdfbox\fontbox\2.0.26\fontbox-2.0.26.jar;C:\WINDOWS\system32\config\systemprofile\.m2\repository\org\knowm\xchart\xchart\3.8.0\xchart-3.8.0.jar;C:\WINDOWS\system32\config\systemprofile\.m2\repository\de\erichseifert\vectorgraphics2d\VectorGraphics2D\0.13\VectorGraphics2D-0.13.jar;C:\WINDOWS\system32\config\systemprofile\.m2\repository\de\rototor\pdfbox\graphics2d\0.30\graphics2d-0.30.jar;C:\WINDOWS\system32\config\systemprofile\.m2\repository\com\madgag\animated-gif-lib\1.4\animated-gif-lib-1.4.jar;C:\WINDOWS\system32\config\systemprofile\.m2\repository\org\yaml\snakeyaml\2.0\snakeyaml-2.0.jar;C:\WINDOWS\system32\config\systemprofile\.m2\repository\tech\grasshopper\table-layout\1.5.1\table-layout-1.5.1.jar;C:\WINDOWS\system32\config\systemprofile\.m2\repository\tech\grasshopper\rest-assured-cucumber-pdf-report\1.5.0\rest-assured-cucumber-pdf-report-1.5.0.jar;C:\WINDOWS\system32\config\systemprofile\.m2\repository\org\jsoup\jsoup\1.15.3\jsoup-1.15.3.jar;C:\WINDOWS\system32\config\systemprofile\.m2\repository\com\aventstack\klov-reporter\5.1.0\klov-reporter-5.1.0.jar;C:\WINDOWS\system32\config\systemprofile\.m2\repository\org\mongodb\mongodb-driver\3.6.4\mongodb-driver-3.6.4.jar;C:\WINDOWS\system32\config\systemprofile\.m2\repository\org\mongodb\mongodb-driver-core\3.6.4\mongodb-driver-core-3.6.4.jar;C:\WINDOWS\system32\config\systemprofile\.m2\repository\org\mongodb\bson\3.6.4\bson-3.6.4.jar;C:\WINDOWS\system32\config\systemprofile\.m2\repository\org\apache\httpcomponents\httpclient\4.5.13\httpclient-4.5.13.jar;C:\WINDOWS\system32\config\systemprofile\.m2\repository\org\apache\httpcomponents\httpcore\4.4.13\httpcore-4.4.13.jar;C:\WINDOWS\system32\config\systemprofile\.m2\repository\commons-logging\commons-logging\1.2\commons-logging-1.2.jar;C:\WINDOWS\system32\config\systemprofile\.m2\repository\org\apache\httpcomponents\httpmime\4.5.13\httpmime-4.5.13.jar;C:\WINDOWS\system32\config\systemprofile\.m2\repository\tech\grasshopper\htmlextentreporter\1.1.0\htmlextentreporter-1.1.0.jar;C:\WINDOWS\system32\config\systemprofile\.m2\repository\tech\grasshopper\extent-excel-report\1.4.0\extent-excel-report-1.4.0.jar;"/>
    <property name="java.vm.vendor" value="Oracle Corporation"/>
    <property name="sun.arch.data.model" value="64"/>
    <property name="user.variant" value=""/>
    <property name="java.vendor.url" value="https://java.oracle.com/"/>
    <property name="user.timezone" value="Asia/Calcutta"/>
    <property name="os.name" value="Windows 11"/>
    <property name="java.vm.specification.version" value="21"/>
    <property name="sun.java.launcher" value="SUN_STANDARD"/>
    <property name="user.country" value="IN"/>
    <property name="sun.boot.library.path" value="C:\Program Files\Java\jdk-21\bin"/>
    <property name="sun.java.command" value="C:\Windows\Temp\surefire6826827247695553869\surefirebooter-20240716182603731_3.jar C:\Windows\Temp\surefire6826827247695553869 2024-07-16T18-26-03_396-jvmRun1 surefire-20240716182603731_1tmp surefire_0-20240716182603731_2tmp"/>
    <property name="jdk.debug" value="release"/>
    <property name="surefire.test.class.path" value="C:\Users\thirumaran\eclipse-workspace\JetEdgeNSInvoicePortal\target\test-classes;C:\Users\thirumaran\eclipse-workspace\JetEdgeNSInvoicePortal\target\classes;C:\WINDOWS\system32\config\systemprofile\.m2\repository\io\cucumber\cucumber-java\7.18.0\cucumber-java-7.18.0.jar;C:\WINDOWS\system32\config\systemprofile\.m2\repository\org\apiguardian\apiguardian-api\1.1.2\apiguardian-api-1.1.2.jar;C:\WINDOWS\system32\config\systemprofile\.m2\repository\io\cucumber\cucumber-junit\7.18.0\cucumber-junit-7.18.0.jar;C:\WINDOWS\system32\config\systemprofile\.m2\repository\io\cucumber\cucumber-core\7.18.0\cucumber-core-7.18.0.jar;C:\WINDOWS\system32\config\systemprofile\.m2\repository\io\cucumber\cucumber-gherkin\7.18.0\cucumber-gherkin-7.18.0.jar;C:\WINDOWS\system32\config\systemprofile\.m2\repository\io\cucumber\cucumber-gherkin-messages\7.18.0\cucumber-gherkin-messages-7.18.0.jar;C:\WINDOWS\system32\config\systemprofile\.m2\repository\io\cucumber\gherkin\28.0.0\gherkin-28.0.0.jar;C:\WINDOWS\system32\config\systemprofile\.m2\repository\io\cucumber\messages\24.1.0\messages-24.1.0.jar;C:\WINDOWS\system32\config\systemprofile\.m2\repository\io\cucumber\testng-xml-formatter\0.1.0\testng-xml-formatter-0.1.0.jar;C:\WINDOWS\system32\config\systemprofile\.m2\repository\io\cucumber\query\12.2.0\query-12.2.0.jar;C:\WINDOWS\system32\config\systemprofile\.m2\repository\io\cucumber\tag-expressions\6.1.0\tag-expressions-6.1.0.jar;C:\WINDOWS\system32\config\systemprofile\.m2\repository\io\cucumber\cucumber-expressions\17.1.0\cucumber-expressions-17.1.0.jar;C:\WINDOWS\system32\config\systemprofile\.m2\repository\io\cucumber\datatable\7.18.0\datatable-7.18.0.jar;C:\WINDOWS\system32\config\systemprofile\.m2\repository\io\cucumber\cucumber-plugin\7.18.0\cucumber-plugin-7.18.0.jar;C:\WINDOWS\system32\config\systemprofile\.m2\repository\io\cucumber\docstring\7.18.0\docstring-7.18.0.jar;C:\WINDOWS\system32\config\systemprofile\.m2\repository\io\cucumber\html-formatter\21.3.1\html-formatter-21.3.1.jar;C:\WINDOWS\system32\config\systemprofile\.m2\repository\io\cucumber\junit-xml-formatter\0.4.0\junit-xml-formatter-0.4.0.jar;C:\WINDOWS\system32\config\systemprofile\.m2\repository\io\cucumber\ci-environment\10.0.1\ci-environment-10.0.1.jar;C:\WINDOWS\system32\config\systemprofile\.m2\repository\io\github\bonigarcia\webdrivermanager\5.9.1\webdrivermanager-5.9.1.jar;C:\WINDOWS\system32\config\systemprofile\.m2\repository\org\slf4j\slf4j-api\2.0.13\slf4j-api-2.0.13.jar;C:\WINDOWS\system32\config\systemprofile\.m2\repository\com\google\code\gson\gson\2.11.0\gson-2.11.0.jar;C:\WINDOWS\system32\config\systemprofile\.m2\repository\com\google\errorprone\error_prone_annotations\2.27.0\error_prone_annotations-2.27.0.jar;C:\WINDOWS\system32\config\systemprofile\.m2\repository\com\github\docker-java\docker-java\3.3.6\docker-java-3.3.6.jar;C:\WINDOWS\system32\config\systemprofile\.m2\repository\com\github\docker-java\docker-java-core\3.3.6\docker-java-core-3.3.6.jar;C:\WINDOWS\system32\config\systemprofile\.m2\repository\com\github\docker-java\docker-java-api\3.3.6\docker-java-api-3.3.6.jar;C:\WINDOWS\system32\config\systemprofile\.m2\repository\com\fasterxml\jackson\core\jackson-annotations\2.10.3\jackson-annotations-2.10.3.jar;C:\WINDOWS\system32\config\systemprofile\.m2\repository\com\fasterxml\jackson\core\jackson-databind\2.10.3\jackson-databind-2.10.3.jar;C:\WINDOWS\system32\config\systemprofile\.m2\repository\com\fasterxml\jackson\core\jackson-core\2.10.3\jackson-core-2.10.3.jar;C:\WINDOWS\system32\config\systemprofile\.m2\repository\org\slf4j\jcl-over-slf4j\1.7.30\jcl-over-slf4j-1.7.30.jar;C:\WINDOWS\system32\config\systemprofile\.m2\repository\com\github\docker-java\docker-java-transport-httpclient5\3.3.6\docker-java-transport-httpclient5-3.3.6.jar;C:\WINDOWS\system32\config\systemprofile\.m2\repository\com\github\docker-java\docker-java-transport\3.3.6\docker-java-transport-3.3.6.jar;C:\WINDOWS\system32\config\systemprofile\.m2\repository\net\java\dev\jna\jna\5.13.0\jna-5.13.0.jar;C:\WINDOWS\system32\config\systemprofile\.m2\repository\org\brotli\dec\0.1.2\dec-0.1.2.jar;C:\WINDOWS\system32\config\systemprofile\.m2\repository\org\apache\commons\commons-lang3\3.14.0\commons-lang3-3.14.0.jar;C:\WINDOWS\system32\config\systemprofile\.m2\repository\org\apache\commons\commons-compress\1.26.2\commons-compress-1.26.2.jar;C:\WINDOWS\system32\config\systemprofile\.m2\repository\org\apache\httpcomponents\client5\httpclient5\5.2.1\httpclient5-5.2.1.jar;C:\WINDOWS\system32\config\systemprofile\.m2\repository\org\apache\httpcomponents\core5\httpcore5\5.2\httpcore5-5.2.jar;C:\WINDOWS\system32\config\systemprofile\.m2\repository\org\apache\httpcomponents\core5\httpcore5-h2\5.2\httpcore5-h2-5.2.jar;C:\WINDOWS\system32\config\systemprofile\.m2\repository\org\seleniumhq\selenium\selenium-java\4.22.0\selenium-java-4.22.0.jar;C:\WINDOWS\system32\config\systemprofile\.m2\repository\org\seleniumhq\selenium\selenium-api\4.22.0\selenium-api-4.22.0.jar;C:\WINDOWS\system32\config\systemprofile\.m2\repository\org\seleniumhq\selenium\selenium-chrome-driver\4.22.0\selenium-chrome-driver-4.22.0.jar;C:\WINDOWS\system32\config\systemprofile\.m2\repository\com\google\auto\service\auto-service-annotations\1.1.1\auto-service-annotations-1.1.1.jar;C:\WINDOWS\system32\config\systemprofile\.m2\repository\org\seleniumhq\selenium\selenium-chromium-driver\4.22.0\selenium-chromium-driver-4.22.0.jar;C:\WINDOWS\system32\config\systemprofile\.m2\repository\org\seleniumhq\selenium\selenium-json\4.22.0\selenium-json-4.22.0.jar;C:\WINDOWS\system32\config\systemprofile\.m2\repository\org\seleniumhq\selenium\selenium-manager\4.22.0\selenium-manager-4.22.0.jar;C:\WINDOWS\system32\config\systemprofile\.m2\repository\org\seleniumhq\selenium\selenium-devtools-v124\4.22.0\selenium-devtools-v124-4.22.0.jar;C:\WINDOWS\system32\config\systemprofile\.m2\repository\org\seleniumhq\selenium\selenium-devtools-v125\4.22.0\selenium-devtools-v125-4.22.0.jar;C:\WINDOWS\system32\config\systemprofile\.m2\repository\org\seleniumhq\selenium\selenium-devtools-v126\4.22.0\selenium-devtools-v126-4.22.0.jar;C:\WINDOWS\system32\config\systemprofile\.m2\repository\org\seleniumhq\selenium\selenium-devtools-v85\4.22.0\selenium-devtools-v85-4.22.0.jar;C:\WINDOWS\system32\config\systemprofile\.m2\repository\org\seleniumhq\selenium\selenium-edge-driver\4.22.0\selenium-edge-driver-4.22.0.jar;C:\WINDOWS\system32\config\systemprofile\.m2\repository\org\seleniumhq\selenium\selenium-firefox-driver\4.22.0\selenium-firefox-driver-4.22.0.jar;C:\WINDOWS\system32\config\systemprofile\.m2\repository\org\seleniumhq\selenium\selenium-http\4.22.0\selenium-http-4.22.0.jar;C:\WINDOWS\system32\config\systemprofile\.m2\repository\dev\failsafe\failsafe\3.3.2\failsafe-3.3.2.jar;C:\WINDOWS\system32\config\systemprofile\.m2\repository\org\seleniumhq\selenium\selenium-ie-driver\4.22.0\selenium-ie-driver-4.22.0.jar;C:\WINDOWS\system32\config\systemprofile\.m2\repository\org\seleniumhq\selenium\selenium-remote-driver\4.22.0\selenium-remote-driver-4.22.0.jar;C:\WINDOWS\system32\config\systemprofile\.m2\repository\com\google\guava\guava\33.2.1-jre\guava-33.2.1-jre.jar;C:\WINDOWS\system32\config\systemprofile\.m2\repository\com\google\guava\failureaccess\1.0.2\failureaccess-1.0.2.jar;C:\WINDOWS\system32\config\systemprofile\.m2\repository\com\google\guava\listenablefuture\9999.0-empty-to-avoid-conflict-with-guava\listenablefuture-9999.0-empty-to-avoid-conflict-with-guava.jar;C:\WINDOWS\system32\config\systemprofile\.m2\repository\com\google\code\findbugs\jsr305\3.0.2\jsr305-3.0.2.jar;C:\WINDOWS\system32\config\systemprofile\.m2\repository\org\checkerframework\checker-qual\3.42.0\checker-qual-3.42.0.jar;C:\WINDOWS\system32\config\systemprofile\.m2\repository\com\google\j2objc\j2objc-annotations\3.0.0\j2objc-annotations-3.0.0.jar;C:\WINDOWS\system32\config\systemprofile\.m2\repository\io\opentelemetry\semconv\opentelemetry-semconv\1.25.0-alpha\opentelemetry-semconv-1.25.0-alpha.jar;C:\WINDOWS\system32\config\systemprofile\.m2\repository\io\opentelemetry\opentelemetry-api\1.39.0\opentelemetry-api-1.39.0.jar;C:\WINDOWS\system32\config\systemprofile\.m2\repository\io\opentelemetry\opentelemetry-context\1.39.0\opentelemetry-context-1.39.0.jar;C:\WINDOWS\system32\config\systemprofile\.m2\repository\io\opentelemetry\opentelemetry-exporter-logging\1.39.0\opentelemetry-exporter-logging-1.39.0.jar;C:\WINDOWS\system32\config\systemprofile\.m2\repository\io\opentelemetry\opentelemetry-sdk-common\1.39.0\opentelemetry-sdk-common-1.39.0.jar;C:\WINDOWS\system32\config\systemprofile\.m2\repository\io\opentelemetry\opentelemetry-sdk-extension-autoconfigure-spi\1.39.0\opentelemetry-sdk-extension-autoconfigure-spi-1.39.0.jar;C:\WINDOWS\system32\config\systemprofile\.m2\repository\io\opentelemetry\opentelemetry-sdk-extension-autoconfigure\1.39.0\opentelemetry-sdk-extension-autoconfigure-1.39.0.jar;C:\WINDOWS\system32\config\systemprofile\.m2\repository\io\opentelemetry\opentelemetry-api-incubator\1.39.0-alpha\opentelemetry-api-incubator-1.39.0-alpha.jar;C:\WINDOWS\system32\config\systemprofile\.m2\repository\io\opentelemetry\opentelemetry-sdk-trace\1.39.0\opentelemetry-sdk-trace-1.39.0.jar;C:\WINDOWS\system32\config\systemprofile\.m2\repository\io\opentelemetry\opentelemetry-sdk\1.39.0\opentelemetry-sdk-1.39.0.jar;C:\WINDOWS\system32\config\systemprofile\.m2\repository\io\opentelemetry\opentelemetry-sdk-metrics\1.39.0\opentelemetry-sdk-metrics-1.39.0.jar;C:\WINDOWS\system32\config\systemprofile\.m2\repository\io\opentelemetry\opentelemetry-sdk-logs\1.39.0\opentelemetry-sdk-logs-1.39.0.jar;C:\WINDOWS\system32\config\systemprofile\.m2\repository\net\bytebuddy\byte-buddy\1.14.17\byte-buddy-1.14.17.jar;C:\WINDOWS\system32\config\systemprofile\.m2\repository\org\seleniumhq\selenium\selenium-os\4.22.0\selenium-os-4.22.0.jar;C:\WINDOWS\system32\config\systemprofile\.m2\repository\org\apache\commons\commons-exec\1.4.0\commons-exec-1.4.0.jar;C:\WINDOWS\system32\config\systemprofile\.m2\repository\org\seleniumhq\selenium\selenium-safari-driver\4.22.0\selenium-safari-driver-4.22.0.jar;C:\WINDOWS\system32\config\systemprofile\.m2\repository\org\seleniumhq\selenium\selenium-support\4.22.0\selenium-support-4.22.0.jar;C:\WINDOWS\system32\config\systemprofile\.m2\repository\junit\junit\4.13.2\junit-4.13.2.jar;C:\WINDOWS\system32\config\systemprofile\.m2\repository\org\hamcrest\hamcrest-core\1.3\hamcrest-core-1.3.jar;C:\WINDOWS\system32\config\systemprofile\.m2\repository\org\junit\jupiter\junit-jupiter-engine\5.10.3\junit-jupiter-engine-5.10.3.jar;C:\WINDOWS\system32\config\systemprofile\.m2\repository\org\junit\platform\junit-platform-engine\1.10.3\junit-platform-engine-1.10.3.jar;C:\WINDOWS\system32\config\systemprofile\.m2\repository\org\opentest4j\opentest4j\1.3.0\opentest4j-1.3.0.jar;C:\WINDOWS\system32\config\systemprofile\.m2\repository\org\junit\platform\junit-platform-commons\1.10.3\junit-platform-commons-1.10.3.jar;C:\WINDOWS\system32\config\systemprofile\.m2\repository\org\junit\jupiter\junit-jupiter-api\5.10.3\junit-jupiter-api-5.10.3.jar;C:\WINDOWS\system32\config\systemprofile\.m2\repository\io\cucumber\cucumber-testng\7.18.0\cucumber-testng-7.18.0.jar;C:\WINDOWS\system32\config\systemprofile\.m2\repository\org\apache\poi\poi\5.3.0\poi-5.3.0.jar;C:\WINDOWS\system32\config\systemprofile\.m2\repository\commons-codec\commons-codec\1.17.0\commons-codec-1.17.0.jar;C:\WINDOWS\system32\config\systemprofile\.m2\repository\org\apache\commons\commons-collections4\4.4\commons-collections4-4.4.jar;C:\WINDOWS\system32\config\systemprofile\.m2\repository\org\apache\commons\commons-math3\3.6.1\commons-math3-3.6.1.jar;C:\WINDOWS\system32\config\systemprofile\.m2\repository\commons-io\commons-io\2.16.1\commons-io-2.16.1.jar;C:\WINDOWS\system32\config\systemprofile\.m2\repository\com\zaxxer\SparseBitSet\1.3\SparseBitSet-1.3.jar;C:\WINDOWS\system32\config\systemprofile\.m2\repository\org\apache\logging\log4j\log4j-api\2.23.1\log4j-api-2.23.1.jar;C:\WINDOWS\system32\config\systemprofile\.m2\repository\org\apache\poi\poi-ooxml\5.3.0\poi-ooxml-5.3.0.jar;C:\WINDOWS\system32\config\systemprofile\.m2\repository\org\apache\poi\poi-ooxml-lite\5.3.0\poi-ooxml-lite-5.3.0.jar;C:\WINDOWS\system32\config\systemprofile\.m2\repository\org\apache\xmlbeans\xmlbeans\5.2.1\xmlbeans-5.2.1.jar;C:\WINDOWS\system32\config\systemprofile\.m2\repository\com\github\virtuald\curvesapi\1.08\curvesapi-1.08.jar;C:\WINDOWS\system32\config\systemprofile\.m2\repository\org\junit\vintage\junit-vintage-engine\5.10.3\junit-vintage-engine-5.10.3.jar;C:\WINDOWS\system32\config\systemprofile\.m2\repository\org\testng\testng\7.10.2\testng-7.10.2.jar;C:\WINDOWS\system32\config\systemprofile\.m2\repository\com\beust\jcommander\1.82\jcommander-1.82.jar;C:\WINDOWS\system32\config\systemprofile\.m2\repository\org\webjars\jquery\3.7.1\jquery-3.7.1.jar;C:\WINDOWS\system32\config\systemprofile\.m2\repository\tech\grasshopper\extentreports-cucumber7-adapter\1.14.0\extentreports-cucumber7-adapter-1.14.0.jar;C:\WINDOWS\system32\config\systemprofile\.m2\repository\com\aventstack\extentreports\5.1.0\extentreports-5.1.0.jar;C:\WINDOWS\system32\config\systemprofile\.m2\repository\io\reactivex\rxjava3\rxjava\3.1.6\rxjava-3.1.6.jar;C:\WINDOWS\system32\config\systemprofile\.m2\repository\org\reactivestreams\reactive-streams\1.0.4\reactive-streams-1.0.4.jar;C:\WINDOWS\system32\config\systemprofile\.m2\repository\org\freemarker\freemarker\2.3.32\freemarker-2.3.32.jar;C:\WINDOWS\system32\config\systemprofile\.m2\repository\org\projectlombok\lombok\1.18.26\lombok-1.18.26.jar;C:\WINDOWS\system32\config\systemprofile\.m2\repository\tech\grasshopper\extent-pdf-report\2.12.0\extent-pdf-report-2.12.0.jar;C:\WINDOWS\system32\config\systemprofile\.m2\repository\tech\grasshopper\cucumber-pdf-report\2.14.0\cucumber-pdf-report-2.14.0.jar;C:\WINDOWS\system32\config\systemprofile\.m2\repository\org\apache\pdfbox\pdfbox\2.0.26\pdfbox-2.0.26.jar;C:\WINDOWS\system32\config\systemprofile\.m2\repository\org\apache\pdfbox\fontbox\2.0.26\fontbox-2.0.26.jar;C:\WINDOWS\system32\config\systemprofile\.m2\repository\org\knowm\xchart\xchart\3.8.0\xchart-3.8.0.jar;C:\WINDOWS\system32\config\systemprofile\.m2\repository\de\erichseifert\vectorgraphics2d\VectorGraphics2D\0.13\VectorGraphics2D-0.13.jar;C:\WINDOWS\system32\config\systemprofile\.m2\repository\de\rototor\pdfbox\graphics2d\0.30\graphics2d-0.30.jar;C:\WINDOWS\system32\config\systemprofile\.m2\repository\com\madgag\animated-gif-lib\1.4\animated-gif-lib-1.4.jar;C:\WINDOWS\system32\config\systemprofile\.m2\repository\org\yaml\snakeyaml\2.0\snakeyaml-2.0.jar;C:\WINDOWS\system32\config\systemprofile\.m2\repository\tech\grasshopper\table-layout\1.5.1\table-layout-1.5.1.jar;C:\WINDOWS\system32\config\systemprofile\.m2\repository\tech\grasshopper\rest-assured-cucumber-pdf-report\1.5.0\rest-assured-cucumber-pdf-report-1.5.0.jar;C:\WINDOWS\system32\config\systemprofile\.m2\repository\org\jsoup\jsoup\1.15.3\jsoup-1.15.3.jar;C:\WINDOWS\system32\config\systemprofile\.m2\repository\com\aventstack\klov-reporter\5.1.0\klov-reporter-5.1.0.jar;C:\WINDOWS\system32\config\systemprofile\.m2\repository\org\mongodb\mongodb-driver\3.6.4\mongodb-driver-3.6.4.jar;C:\WINDOWS\system32\config\systemprofile\.m2\repository\org\mongodb\mongodb-driver-core\3.6.4\mongodb-driver-core-3.6.4.jar;C:\WINDOWS\system32\config\systemprofile\.m2\repository\org\mongodb\bson\3.6.4\bson-3.6.4.jar;C:\WINDOWS\system32\config\systemprofile\.m2\repository\org\apache\httpcomponents\httpclient\4.5.13\httpclient-4.5.13.jar;C:\WINDOWS\system32\config\systemprofile\.m2\repository\org\apache\httpcomponents\httpcore\4.4.13\httpcore-4.4.13.jar;C:\WINDOWS\system32\config\systemprofile\.m2\repository\commons-logging\commons-logging\1.2\commons-logging-1.2.jar;C:\WINDOWS\system32\config\systemprofile\.m2\repository\org\apache\httpcomponents\httpmime\4.5.13\httpmime-4.5.13.jar;C:\WINDOWS\system32\config\systemprofile\.m2\repository\tech\grasshopper\htmlextentreporter\1.1.0\htmlextentreporter-1.1.0.jar;C:\WINDOWS\system32\config\systemprofile\.m2\repository\tech\grasshopper\extent-excel-report\1.4.0\extent-excel-report-1.4.0.jar;"/>
    <property name="sun.cpu.endian" value="little"/>
    <property name="user.home" value="C:\WINDOWS\system32\config\systemprofile"/>
    <property name="user.language" value="en"/>
    <property name="java.specification.vendor" value="Oracle Corporation"/>
    <property name="java.version.date" value="2024-01-16"/>
    <property name="java.home" value="C:\Program Files\Java\jdk-21"/>
    <property name="file.separator" value="\"/>
    <property name="basedir" value="C:\Users\thirumaran\eclipse-workspace\JetEdgeNSInvoicePortal"/>
    <property name="java.vm.compressedOopsMode" value="Zero based"/>
    <property name="line.separator" value="&#10;"/>
    <property name="java.vm.specification.vendor" value="Oracle Corporation"/>
    <property name="java.specification.name" value="Java Platform API Specification"/>
    <property name="surefire.real.class.path" value="C:\Windows\Temp\surefire6826827247695553869\surefirebooter-20240716182603731_3.jar"/>
    <property name="user.script" value=""/>
    <property name="sun.management.compiler" value="HotSpot 64-Bit Tiered Compilers"/>
    <property name="java.runtime.version" value="21.0.2+13-LTS-58"/>
    <property name="user.name" value="SSSLT025$"/>
    <property name="stdout.encoding" value="Cp1252"/>
    <property name="path.separator" value=";"/>
    <property name="os.version" value="10.0"/>
    <property name="java.runtime.name" value="Java(TM) SE Runtime Environment"/>
    <property name="file.encoding" value="UTF-8"/>
    <property name="java.vm.name" value="Java HotSpot(TM) 64-Bit Server VM"/>
    <property name="localRepository" value="C:\WINDOWS\system32\config\systemprofile\.m2\repository"/>
    <property name="java.vendor.url.bug" value="https://bugreport.java.com/bugreport/"/>
    <property name="java.io.tmpdir" value="C:\WINDOWS\TEMP\"/>
    <property name="java.version" value="21.0.2"/>
    <property name="user.dir" value="C:\Users\thirumaran\eclipse-workspace\JetEdgeNSInvoicePortal"/>
    <property name="os.arch" value="amd64"/>
    <property name="java.vm.specification.name" value="Java Virtual Machine Specification"/>
    <property name="sun.os.patch.level" value=""/>
    <property name="native.encoding" value="Cp1252"/>
    <property name="java.library.path" value="C:\Program Files\Java\jdk-21\bin;C:\WINDOWS\Sun\Java\bin;C:\WINDOWS\system32;C:\WINDOWS;C:\Maven\apache-maven-3.9.8-bin\apache-maven-3.9.8/bin;C:\Program Files\Java\jdk-21/bin;C:\ProgramData\Jenkins\.jenkins\tools\chromedriver;C:\Program Files\Java\jdk-21/bin;C:\Maven\apache-maven-3.9.8-bin\apache-maven-3.9.8\bin;C:\Users\thirumaran\AppData\Local\Android\Sdk;C:\mysql-connector-j-8.4.0.jar;C:\Program Files\nodejs\npm;C:\Program Files\nodejs\npm.cmd;C:\Program Files\Java\jdk-21\bin;C:\Program Files\Java\jdk-21;C:\Program Files\Git\bin;C:\Program Files\Git;C:\Maven\apache-maven-3.3.9-bin\apache-maven-3.3.9\bin;C:\Program Files\Common Files\Oracle\Java\javapath;C:\WINDOWS\system32;C:\WINDOWS;C:\WINDOWS\System32\Wbem;C:\WINDOWS\System32\WindowsPowerShell\v1.0\;C:\WINDOWS\System32\OpenSSH\;C:\Program Files\nodejs\;C:\Program Files\PuTTY\;C:\Program Files\Git\cmd;C:\WINDOWS\system32\config\systemprofile\AppData\Local\Microsoft\WindowsApps;."/>
    <property name="java.vm.info" value="mixed mode, sharing"/>
    <property name="stderr.encoding" value="Cp1252"/>
    <property name="java.vendor" value="Oracle Corporation"/>
    <property name="java.vm.version" value="21.0.2+13-LTS-58"/>
    <property name="sun.io.unicode.encoding" value="UnicodeLittle"/>
    <property name="java.class.version" value="65.0"/>
  </properties>
  <testcase name="Sign In:Valid Check #1" classname="SignIn" time="13.493">
    <system-out><![CDATA[
@TC_01
Scenario: Sign In:Valid Check                                                                                           # src/test/resources/featureFiles/JE_QP_1_SignIn.feature:4
  Given To Check Signin User is navigating to JetEdge URL is "https://preprod.flyjetedge.aero/NSINVOICEDEMO/login.aspx" # stepDefinition.JE_QP_1_SignIn.user_is_navigating_to_jet_edge_Signin_url_is(java.lang.String)
Username and password entered
  When To Check Signin User Enter username and password are "soundharya@sankarasoftware.com" and "Soundharya@321"       # stepDefinition.JE_QP_1_SignIn.username_and_password_are_and(java.lang.String,java.lang.String)
login button clicked
No Alert message is displayed
  And click the Signin button To Check Signin                                                                           # stepDefinition.JE_QP_1_SignIn.click_the_SignIn_button()
Page is closed
  Then close the Signin Page                                                                                            # stepDefinition.JE_QP_1_SignIn.close_the_Signin_Page()
]]></system-out>
  </testcase>
  <testcase name="Sign In:Valid Check #2" classname="SignIn" time="81.574">
    <system-out><![CDATA[
@TC_02
Scenario: Sign In:Valid Check                                                                                           # src/test/resources/featureFiles/JE_QP_1_SignIn.feature:11
  Given To Check Signin User is navigating to JetEdge URL is "https://preprod.flyjetedge.aero/NSINVOICEDEMO/login.aspx" # stepDefinition.JE_QP_1_SignIn.user_is_navigating_to_jet_edge_Signin_url_is(java.lang.String)
Username and password entered
  When To Check Signin User Enter username and password are "soundharya@sankarasoftware.com" and "Soundharya@321"       # stepDefinition.JE_QP_1_SignIn.username_and_password_are_and(java.lang.String,java.lang.String)
login button clicked
No Alert message is displayed
  And click the Signin button To Check Signin                                                                           # stepDefinition.JE_QP_1_SignIn.click_the_SignIn_button()
  Then Click the menu icon in homepage                                                                                  # stepDefinition.JE_QP_1_SignIn.Click_the_menu_icon_in_homepage()
  And Click Signout button in homepage                                                                                  # stepDefinition.JE_QP_1_SignIn.Click_Signout_button_in_homepage()
Page is closed
  Then close the Signin Page                                                                                            # stepDefinition.JE_QP_1_SignIn.close_the_Signin_Page()
]]></system-out>
  </testcase>
  <testcase name="Sign In:Valid Check #3" classname="SignIn" time="14.017">
    <system-out><![CDATA[
@TC_03
Scenario: Sign In:Valid Check                                                                                           # src/test/resources/featureFiles/JE_QP_1_SignIn.feature:20
  Given To Check Signin User is navigating to JetEdge URL is "https://preprod.flyjetedge.aero/NSINVOICEDEMO/login.aspx" # stepDefinition.JE_QP_1_SignIn.user_is_navigating_to_jet_edge_Signin_url_is(java.lang.String)
Username and password entered
  When To Check Signin User Enter Invalid username and password are "sound@sankarasoftware.com" and "Soundharya@321"    # stepDefinition.JE_QP_1_SignIn.To_Check_Signin_User_Enter_Invalid_username_and_password_are(java.lang.String,java.lang.String)
login button clicked
No Alert message is displayed
  And click the Signin button To Check Signin                                                                           # stepDefinition.JE_QP_1_SignIn.click_the_SignIn_button()
Error Message Displayed Like : Invalid username or password
  Then Check error message in signin page                                                                               # stepDefinition.JE_QP_1_SignIn.Check_error_message_in_signin_page()
Page is closed
  Then close the Signin Page                                                                                            # stepDefinition.JE_QP_1_SignIn.close_the_Signin_Page()
]]></system-out>
  </testcase>
  <testcase name="Sign In:Valid Check #4" classname="SignIn" time="12.227">
    <system-out><![CDATA[
@TC_04
Scenario: Sign In:Valid Check                                                                                           # src/test/resources/featureFiles/JE_QP_1_SignIn.feature:28
  Given To Check Signin User is navigating to JetEdge URL is "https://preprod.flyjetedge.aero/NSINVOICEDEMO/login.aspx" # stepDefinition.JE_QP_1_SignIn.user_is_navigating_to_jet_edge_Signin_url_is(java.lang.String)
Username and password entered
  When To Check Signin User Enter username and invalid password are "soundharya@sankarasoftware.com" and "Sound@1234"   # stepDefinition.JE_QP_1_SignIn.To_Check_Signin_User_Enter_username_and_Invalid_password_are(java.lang.String,java.lang.String)
login button clicked
No Alert message is displayed
  And click the Signin button To Check Signin                                                                           # stepDefinition.JE_QP_1_SignIn.click_the_SignIn_button()
Error Message Displayed Like : Invalid username or password
  Then Check error message in signin page                                                                               # stepDefinition.JE_QP_1_SignIn.Check_error_message_in_signin_page()
Page is closed
  Then close the Signin Page                                                                                            # stepDefinition.JE_QP_1_SignIn.close_the_Signin_Page()
]]></system-out>
  </testcase>
  <testcase name="Sign In:Valid Check #5" classname="SignIn" time="12.576">
    <system-out><![CDATA[
@TC_05
Scenario: Sign In:Valid Check                                                                                            # src/test/resources/featureFiles/JE_QP_1_SignIn.feature:36
  Given To Check Signin User is navigating to JetEdge URL is "https://preprod.flyjetedge.aero/NSINVOICEDEMO/login.aspx"  # stepDefinition.JE_QP_1_SignIn.user_is_navigating_to_jet_edge_Signin_url_is(java.lang.String)
Username and password entered
  When To Check Signin User Enter invalid username and invalid password are "sound@sankarasoftware.com" and "Sound@1234" # stepDefinition.JE_QP_1_SignIn.To_Check_Signin_User_Enter_invalid_username_and_Invalid_password_are(java.lang.String,java.lang.String)
login button clicked
No Alert message is displayed
  And click the Signin button To Check Signin                                                                            # stepDefinition.JE_QP_1_SignIn.click_the_SignIn_button()
Error Message Displayed Like : Invalid username or password
  Then Check error message in signin page                                                                                # stepDefinition.JE_QP_1_SignIn.Check_error_message_in_signin_page()
Page is closed
  Then close the Signin Page                                                                                             # stepDefinition.JE_QP_1_SignIn.close_the_Signin_Page()
]]></system-out>
  </testcase>
  <testcase name="Sign In:Valid Check #6" classname="SignIn" time="12.193">
    <system-out><![CDATA[
@TC_06
Scenario: Sign In:Valid Check                                                                                           # src/test/resources/featureFiles/JE_QP_1_SignIn.feature:44
  Given To Check Signin User is navigating to JetEdge URL is "https://preprod.flyjetedge.aero/NSINVOICEDEMO/login.aspx" # stepDefinition.JE_QP_1_SignIn.user_is_navigating_to_jet_edge_Signin_url_is(java.lang.String)
Username and password entered
  When To Check Signin User Enter username and without password are "soundharya@sankarasoftware.com" and ""             # stepDefinition.JE_QP_1_SignIn.To_Check_Signin_User_Enter_username_and_without_password_are(java.lang.String,java.lang.String)
login button clicked
Alert message is displayed like : - Please Enter Password.
  And click the Signin button To Check Signin                                                                           # stepDefinition.JE_QP_1_SignIn.click_the_SignIn_button()
Page is closed
  Then close the Signin Page                                                                                            # stepDefinition.JE_QP_1_SignIn.close_the_Signin_Page()
]]></system-out>
  </testcase>
  <testcase name="Sign In:Valid Check #7" classname="SignIn" time="13.284">
    <system-out><![CDATA[
@TC_07
Scenario: Sign In:Valid Check                                                                                           # src/test/resources/featureFiles/JE_QP_1_SignIn.feature:51
  Given To Check Signin User is navigating to JetEdge URL is "https://preprod.flyjetedge.aero/NSINVOICEDEMO/login.aspx" # stepDefinition.JE_QP_1_SignIn.user_is_navigating_to_jet_edge_Signin_url_is(java.lang.String)
Username and password entered
  When To Check Signin User without username and valid password are "" and "Soundharya@321"                             # stepDefinition.JE_QP_1_SignIn.To_Check_Signin_User_without_username_and_valid_password_are(java.lang.String,java.lang.String)
login button clicked
Alert message is displayed like : - Please Enter User Name.

  And click the Signin button To Check Signin                                                                           # stepDefinition.JE_QP_1_SignIn.click_the_SignIn_button()
Page is closed
  Then close the Signin Page                                                                                            # stepDefinition.JE_QP_1_SignIn.close_the_Signin_Page()
]]></system-out>
  </testcase>
  <testcase name="Sign In:Valid Check #8" classname="SignIn" time="13.578">
    <system-out><![CDATA[
@TC_08
Scenario: Sign In:Valid Check                                                                                           # src/test/resources/featureFiles/JE_QP_1_SignIn.feature:58
  Given To Check Signin User is navigating to JetEdge URL is "https://preprod.flyjetedge.aero/NSINVOICEDEMO/login.aspx" # stepDefinition.JE_QP_1_SignIn.user_is_navigating_to_jet_edge_Signin_url_is(java.lang.String)
Alert message is displayed like : User Name is required.
  When Click forget password button in NSInvoice                                                                        # stepDefinition.JE_QP_1_SignIn.Click_forget_password_button_in_NSInvoice()
Page is closed
  Then close the Signin Page                                                                                            # stepDefinition.JE_QP_1_SignIn.close_the_Signin_Page()
]]></system-out>
  </testcase>
</testsuite>